<testsuite name="Merged Test Suite" tests="617" failures="0" errors="0" time="21402.800000000003">
  <testcase name="Health Monitoring A VirtualMachineInstance with a watchdog device [test_id:4641]should be shut down when the watchdog expires" classname="Tests Suite" time="34.948507654"></testcase>
  <testcase name="Guest Access Credentials with qemu guest agent should propagate user password" classname="Tests Suite" time="76.488683011"></testcase>
  <testcase name="[ref_id:1182]Probes for readiness should succeed [test_id:1202][posneg:positive]with working TCP probe and tcp server on ipv4" classname="Tests Suite" time="36.368226362"></testcase>
  <testcase name="[ref_id:1182]Probes for readiness should succeed [test_id:1200][posneg:positive]with working HTTP probe and http server on ipv6" classname="Tests Suite" time="24.564715488"></testcase>
  <testcase name="[ref_id:1182]Probes for readiness should fail [test_id:1220][posneg:negative]with working TCP probe and no running server" classname="Tests Suite" time="11.651984573"></testcase>
  <testcase name="[ref_id:1182]Probes for liveness should not fail the VMI [test_id:1199][posneg:positive]with working TCP probe and tcp server on ipv4" classname="Tests Suite" time="153.742340631"></testcase>
  <testcase name="[ref_id:1182]Probes for liveness should not fail the VMI [test_id:1201][posneg:positive]with working HTTP probe and http server on ipv6" classname="Tests Suite" time="133.294887087"></testcase>
  <testcase name="[ref_id:1182]Probes for liveness should fail the VMI [test_id:1218][posneg:negative]with working HTTP probe and no running server" classname="Tests Suite" time="118.561372405"></testcase>
  <testcase name="[rfe_id:609][crit:medium][vendor:cnv-qe@redhat.com][level:component]VMIPreset CRD Validation [test_id:1596]should reject POST if validation webhoook deems the spec is invalid" classname="Tests Suite" time="3.625127283"></testcase>
  <testcase name="[rfe_id:609][crit:medium][vendor:cnv-qe@redhat.com][level:component]VMIPreset Preset Matching [test_id:1598]Should reject a second submission of a VMIPreset" classname="Tests Suite" time="5.39333403"></testcase>
  <testcase name="[rfe_id:609][crit:medium][vendor:cnv-qe@redhat.com][level:component]VMIPreset Preset Matching [test_id:1602]Should ignore VMIs that don&#39;t match" classname="Tests Suite" time="15.453486021"></testcase>
  <testcase name="[rfe_id:609][crit:medium][vendor:cnv-qe@redhat.com][level:component]VMIPreset Conflict [test_id:1605]should denied to start the VMI" classname="Tests Suite" time="6.625393194"></testcase>
  <testcase name="[rfe_id:609][crit:medium][vendor:cnv-qe@redhat.com][level:component]VMIPreset Override [test_id:644][rfe_id:609] should override presets" classname="Tests Suite" time="6.459463183"></testcase>
  <testcase name="[rfe_id:609][crit:medium][vendor:cnv-qe@redhat.com][level:component]VMIPreset Match Expressions [test_id:726] Should match multiple VMs via MatchExpression" classname="Tests Suite" time="6.813611185"></testcase>
  <testcase name="CloudInitHookSidecars VMI definition with CloudInit hook sidecar [test_id:3167]should successfully start with hook sidecar annotation" classname="Tests Suite" time="3.8254845790000003"></testcase>
  <testcase name="CloudInitHookSidecars VMI definition with CloudInit hook sidecar [test_id:3168]should call Collect and PreCloudInitIso on the hook sidecar" classname="Tests Suite" time="13.670796466"></testcase>
  <testcase name="Configurations when requesting virtio-transitional models should start and run the guest" classname="Tests Suite" time="31.909431218"></testcase>
  <testcase name="Configurations VirtualMachineInstance definition with BIOS bootloader method and no disk [test_id:5266]should boot to NIC rom if a boot order was set on a network interface" classname="Tests Suite" time="15.2391894"></testcase>
  <testcase name="Configurations VirtualMachineInstance definition [rfe_id:140][crit:medium][vendor:cnv-qe@redhat.com][level:component]with diverging memory limit from memory request and no guest memory [test_id:3115]should show the memory limit inside the VMI" classname="Tests Suite" time="31.180692284"></testcase>
  <testcase name="Configurations VirtualMachineInstance definition [rfe_id:609][crit:medium][vendor:cnv-qe@redhat.com][level:component]Support memory over commitment test [test_id:731]Check OverCommit status on VMI" classname="Tests Suite" time="10.682203912"></testcase>
  <testcase name="Configurations VirtualMachineInstance definition [rfe_id:3078][crit:medium][vendor:cnv-qe@redhat.com][level:component]with usb controller [test_id:3117]should start the VMI with usb controller when usb device is present" classname="Tests Suite" time="21.79920813"></testcase>
  <testcase name="Configurations VirtualMachineInstance definition [rfe_id:3078][crit:medium][vendor:cnv-qe@redhat.com][level:component]with usb controller [test_id:3118]should start the VMI without usb controller" classname="Tests Suite" time="17.790839935"></testcase>
  <testcase name="Configurations VirtualMachineInstance definition [rfe_id:140][crit:medium][vendor:cnv-qe@redhat.com][level:component]with namespace memory limits lower than VMI required memory [test_id:1670]should failed to start the VMI" classname="Tests Suite" time="3.819048107"></testcase>
  <testcase name="Configurations VirtualMachineInstance definition [rfe_id:140][crit:medium][vendor:cnv-qe@redhat.com][level:component]with namespace cpu limits lower than VMI required cpu [test_id:3119]should fail to start the VMI" classname="Tests Suite" time="5.594952413"></testcase>
  <testcase name="Configurations VirtualMachineInstance definition [rfe_id:140][crit:medium][vendor:cnv-qe@redhat.com][level:component]with namespace limits higher than VMI requests [test_id:3120]should start the VMI with the right default settings from namespace limits" classname="Tests Suite" time="12.639050188"></testcase>
  <testcase name="Configurations VirtualMachineInstance definition [rfe_id:140][crit:medium][vendor:cnv-qe@redhat.com][level:component]with serial-number [test_id:3121]should have serial-number set when present" classname="Tests Suite" time="10.83097809"></testcase>
  <testcase name="Configurations VirtualMachineInstance definition [rfe_id:140][crit:medium][vendor:cnv-qe@redhat.com][level:component]with serial-number [test_id:3122]should not have serial-number set when not present" classname="Tests Suite" time="10.876573625"></testcase>
  <testcase name="Configurations [rfe_id:140][crit:medium][vendor:cnv-qe@redhat.com][level:component]with CPU spec [rfe_id:140][crit:medium][vendor:cnv-qe@redhat.com][level:component]when CPU model equals to passthrough [test_id:1679]should report exactly the same model as node CPU" classname="Tests Suite" time="46.324978621"></testcase>
  <testcase name="Configurations [rfe_id:140][crit:medium][vendor:cnv-qe@redhat.com][level:component]with CPU spec when CPU features defined [test_id:3123]should start a Virtaul Machine with matching features" classname="Tests Suite" time="30.555050158"></testcase>
  <testcase name="Configurations [rfe_id:898][crit:medium][vendor:cnv-qe@redhat.com][level:component]New VirtualMachineInstance with all supported drives [test_id:3906]should configure custom Pci address" classname="Tests Suite" time="38.462655796"></testcase>
  <testcase name="Configurations Check KVM CPUID advertisement [test_id:5271]test cpuid hidden" classname="Tests Suite" time="98.873534461"></testcase>
  <testcase name="oc/kubectl integration [test_id:5183]vmirs have validation" classname="Tests Suite" time="3.8676065729999998"></testcase>
  <testcase name="oc/kubectl integration [rfe_id:3423][vendor:cnv-qe@redhat.com][level:component]oc/kubectl get vm/vmi tests should verify set of columns for [test_id:3465]virtualmachineinstance" classname="Tests Suite" time="11.339741089"></testcase>
  <testcase name="oc/kubectl integration [rfe_id:3423][vendor:cnv-qe@redhat.com][level:component]oc/kubectl get vm/vmi tests should verify set of wide columns for [test_id:3466]virtualmachineinstance" classname="Tests Suite" time="9.858335195"></testcase>
  <testcase name="oc/kubectl integration [rfe_id:3423][vendor:cnv-qe@redhat.com][level:component]oc/kubectl get vm/vmi tests should verify set of wide columns for [test_id:4422]virtualmachineinstance" classname="Tests Suite" time="8.844119372"></testcase>
  <testcase name="[rfe_id:127][posneg:negative][crit:medium][vendor:cnv-qe@redhat.com][level:component]Console [rfe_id:127][posneg:negative][crit:medium][vendor:cnv-qe@redhat.com][level:component]A new VirtualMachineInstance with a serial console with a cirros image [test_id:1588]should return that we are running cirros" classname="Tests Suite" time="25.774737402"></testcase>
  <testcase name="[rfe_id:127][posneg:negative][crit:medium][vendor:cnv-qe@redhat.com][level:component]Console [rfe_id:127][posneg:negative][crit:medium][vendor:cnv-qe@redhat.com][level:component]A new VirtualMachineInstance with a serial console with an alpine image should return that we are running alpine [test_id:4636]with ContainerDisk" classname="Tests Suite" time="20.959616619"></testcase>
  <testcase name="[rfe_id:127][posneg:negative][crit:medium][vendor:cnv-qe@redhat.com][level:component]Console [rfe_id:127][posneg:negative][crit:medium][vendor:cnv-qe@redhat.com][level:component]A new VirtualMachineInstance with a serial console [test_id:1592]should wait until the virtual machine is in running state and return a stream interface" classname="Tests Suite" time="10.852592212"></testcase>
  <testcase name="[rfe_id:127][posneg:negative][crit:medium][vendor:cnv-qe@redhat.com][level:component]Console [rfe_id:127][posneg:negative][crit:medium][vendor:cnv-qe@redhat.com][level:component]A new VirtualMachineInstance with a serial console [test_id:1594]should fail waiting for the expecter" classname="Tests Suite" time="34.395438093"></testcase>
  <testcase name="Subresource Api [rfe_id:1195][crit:medium][vendor:cnv-qe@redhat.com][level:component] Rbac Authorization Without permissions [test_id:3171]should not be able to access subresource endpoint" classname="Tests Suite" time="5.817327672"></testcase>
  <testcase name="Subresource Api [rfe_id:1177][crit:medium][vendor:cnv-qe@redhat.com][level:component] VirtualMachine subresource with a restart endpoint [test_id:1304] should restart a VM" classname="Tests Suite" time="37.614325462"></testcase>
  <testcase name="Subresource Api [rfe_id:1195][crit:medium][vendor:cnv-qe@redhat.com][level:component] the openapi spec for the subresources [test_id:3177]should be aggregated into the apiserver openapi spec" classname="Tests Suite" time="3.727435828"></testcase>
  <testcase name="[rfe_id:500][crit:high][vendor:cnv-qe@redhat.com][level:component]User Access With default kubevirt service accounts should verify permissions on resources are correct for view, edit, and admin [test_id:527]given a vm" classname="Tests Suite" time="8.128111817"></testcase>
  <testcase name="[rfe_id:500][crit:high][vendor:cnv-qe@redhat.com][level:component]User Access With default kubevirt service accounts should verify permissions on resources are correct for view, edit, and admin [test_id:529][crit:low]given a vmi replica set" classname="Tests Suite" time="6.3121695859999996"></testcase>
  <testcase name="[rfe_id:500][crit:high][vendor:cnv-qe@redhat.com][level:component]User Access With default kubevirt service accounts should verify permissions on resources are correct for view, edit, and admin [test_id:5243]given a vmsnapshot" classname="Tests Suite" time="6.204097798"></testcase>
  <testcase name="[rfe_id:500][crit:high][vendor:cnv-qe@redhat.com][level:component]User Access With default kubevirt service accounts should verify permissions on subresources are correct for view, edit, and admin [test_id:3232]on vm start" classname="Tests Suite" time="7.811381459"></testcase>
  <testcase name="[rfe_id:273][crit:high][vendor:cnv-qe@redhat.com][level:component]VMIlifecycle [rfe_id:273][crit:high][vendor:cnv-qe@redhat.com][level:component]Creating a VirtualMachineInstance [test_id:1619]should success" classname="Tests Suite" time="4.004042133"></testcase>
  <testcase name="[rfe_id:273][crit:high][vendor:cnv-qe@redhat.com][level:component]VMIlifecycle [rfe_id:273][crit:high][vendor:cnv-qe@redhat.com][level:component]Creating a VirtualMachineInstance [test_id:3195]should carry annotations to pod" classname="Tests Suite" time="12.671094784"></testcase>
  <testcase name="[rfe_id:273][crit:high][vendor:cnv-qe@redhat.com][level:component]VMIlifecycle [rfe_id:273][crit:high][vendor:cnv-qe@redhat.com][level:component]Creating a VirtualMachineInstance [test_id:3197]should log libvirtd debug logs when enabled" classname="Tests Suite" time="9.608565957"></testcase>
  <testcase name="[rfe_id:273][crit:high][vendor:cnv-qe@redhat.com][level:component]VMIlifecycle [rfe_id:273][crit:high][vendor:cnv-qe@redhat.com][level:component]Creating a VirtualMachineInstance when name is longer than 63 characters [test_id:1625]should start it" classname="Tests Suite" time="18.722883231"></testcase>
  <testcase name="[rfe_id:273][crit:high][vendor:cnv-qe@redhat.com][level:component]VMIlifecycle [rfe_id:273][crit:high][vendor:cnv-qe@redhat.com][level:component]Creating a VirtualMachineInstance with user-data without k8s secret [test_id:1629][posneg:negative]should not be able to start virt-launcher pod" classname="Tests Suite" time="5.239116581"></testcase>
  <testcase name="[rfe_id:273][crit:high][vendor:cnv-qe@redhat.com][level:component]VMIlifecycle [rfe_id:273][crit:high][vendor:cnv-qe@redhat.com][level:component]Creating a VirtualMachineInstance with user-data without k8s secret [test_id:1630]should log warning and proceed once the secret is there" classname="Tests Suite" time="13.923685292"></testcase>
  <testcase name="[rfe_id:273][crit:high][vendor:cnv-qe@redhat.com][level:component]VMIlifecycle [rfe_id:273][crit:high][vendor:cnv-qe@redhat.com][level:component]Creating a VirtualMachineInstance with non default namespace [rfe_id:273][crit:high][vendor:cnv-qe@redhat.com][level:component]should log libvirt start and stop lifecycle events of the domain [test_id:1641]kubevirt-test-default" classname="Tests Suite" time="20.052374832"></testcase>
  <testcase name="[rfe_id:273][crit:high][vendor:cnv-qe@redhat.com][level:component]VMIlifecycle [rfe_id:273][crit:high][vendor:cnv-qe@redhat.com][level:component]Creating a VirtualMachineInstance VM Accelerated Mode [test_id:1648]Should provide KVM via plugin framework" classname="Tests Suite" time="4.911950909"></testcase>
  <testcase name="[rfe_id:273][crit:high][vendor:cnv-qe@redhat.com][level:component]VMIlifecycle [rfe_id:273][crit:high][vendor:cnv-qe@redhat.com][level:component]Get a VirtualMachineInstance when that not exist [test_id:1649]should return 404" classname="Tests Suite" time="5.997289071"></testcase>
  <testcase name="[rfe_id:273][crit:high][vendor:cnv-qe@redhat.com][level:component]VMIlifecycle [rfe_id:273][crit:high][vendor:cnv-qe@redhat.com][level:component]Delete a VirtualMachineInstance with an active pod. [test_id:1651]should result in pod being terminated" classname="Tests Suite" time="31.19424881"></testcase>
  <testcase name="[rfe_id:273][crit:high][vendor:cnv-qe@redhat.com][level:component]VMIlifecycle [rfe_id:273][crit:high][vendor:cnv-qe@redhat.com][level:component]Delete a VirtualMachineInstance with ACPI and some grace period seconds [rfe_id:273][crit:medium][vendor:cnv-qe@redhat.com][level:component]should result in vmi status succeeded [test_id:1654]with default grace period seconds" classname="Tests Suite" time="34.870362736"></testcase>
  <testcase name="[rfe_id:3064][crit:medium][vendor:cnv-qe@redhat.com][level:component]Pausing A valid VMI when paused via virtctl multiple times [test_id:3225]should signal unpaused state with removed condition at the end" classname="Tests Suite" time="24.557809562"></testcase>
  <testcase name="[rfe_id:3064][crit:medium][vendor:cnv-qe@redhat.com][level:component]Pausing A valid VM when paused via virtctl [test_id:3081]should gracefully handle pausing the VM again" classname="Tests Suite" time="13.763438605"></testcase>
  <testcase name="[rfe_id:3064][crit:medium][vendor:cnv-qe@redhat.com][level:component]Pausing A valid VM when paused via virtctl [test_id:3082]should gracefully handle unpausing again" classname="Tests Suite" time="15.817120102"></testcase>
  <testcase name="[rfe_id:3064][crit:medium][vendor:cnv-qe@redhat.com][level:component]Pausing A valid VM when paused via virtctl [test_id:3226]should be restarted successfully into unpaused state" classname="Tests Suite" time="34.885518528"></testcase>
  <testcase name="[rfe_id:151][crit:high][vendor:cnv-qe@redhat.com][level:component]CloudInit UserData [rfe_id:151][crit:medium][vendor:cnv-qe@redhat.com][level:component]A new VirtualMachineInstance with cloudInitNoCloud userDataBase64 source with injected ssh-key [test_id:1616]should have ssh-key under authorized keys" classname="Tests Suite" time="66.956104577"></testcase>
  <testcase name="[rfe_id:151][crit:high][vendor:cnv-qe@redhat.com][level:component]CloudInit UserData [rfe_id:151][crit:medium][vendor:cnv-qe@redhat.com][level:component]A new VirtualMachineInstance with cloudInitConfigDrive userData source [test_id:3180]should process provided cloud-init data" classname="Tests Suite" time="40.648902061"></testcase>
  <testcase name="[rfe_id:151][crit:high][vendor:cnv-qe@redhat.com][level:component]CloudInit UserData [rfe_id:151][crit:medium][vendor:cnv-qe@redhat.com][level:component]A new VirtualMachineInstance with cloudInitNoCloud networkData [test_id:3182]should have cloud-init network-config with NetworkDataBase64 source" classname="Tests Suite" time="36.519237242"></testcase>
  <testcase name="[rfe_id:151][crit:high][vendor:cnv-qe@redhat.com][level:component]CloudInit UserData [rfe_id:151][crit:medium][vendor:cnv-qe@redhat.com][level:component]A new VirtualMachineInstance with cloudInitConfigDrive networkData [test_id:4622]should have cloud-init meta_data with tagged devices" classname="Tests Suite" time="47.38437194"></testcase>
  <testcase name="[rfe_id:151][crit:high][vendor:cnv-qe@redhat.com][level:component]CloudInit UserData [rfe_id:151][crit:medium][vendor:cnv-qe@redhat.com][level:component]A new VirtualMachineInstance with cloudInitConfigDrive networkData [test_id:3187]should have cloud-init userdata and network-config from separate k8s secrets with camelCase labels" classname="Tests Suite" time="34.342392752"></testcase>
  <testcase name="[rfe_id:1177][crit:medium][vendor:cnv-qe@redhat.com][level:component]VirtualMachine A valid VirtualMachine given [test_id:3161]should carry annotations to VMI" classname="Tests Suite" time="4.798422057"></testcase>
  <testcase name="[rfe_id:1177][crit:medium][vendor:cnv-qe@redhat.com][level:component]VirtualMachine A valid VirtualMachine given [test_id:3162]should ignore kubernetes and kubevirt annotations to VMI" classname="Tests Suite" time="6.200267448"></testcase>
  <testcase name="[rfe_id:1177][crit:medium][vendor:cnv-qe@redhat.com][level:component]VirtualMachine A valid VirtualMachine given [test_id:1520]should update VirtualMachine once VMIs are up with ContainerDisk" classname="Tests Suite" time="13.237516474"></testcase>
  <testcase name="[rfe_id:1177][crit:medium][vendor:cnv-qe@redhat.com][level:component]VirtualMachine A valid VirtualMachine given [test_id:1525]should stop VirtualMachineInstance if running set to false with ContainerDisk" classname="Tests Suite" time="43.237069133"></testcase>
  <testcase name="[rfe_id:1177][crit:medium][vendor:cnv-qe@redhat.com][level:component]VirtualMachine A valid VirtualMachine given [test_id:1527]should not update the VirtualMachineInstance spec if Running" classname="Tests Suite" time="25.625146047"></testcase>
  <testcase name="[rfe_id:1177][crit:medium][vendor:cnv-qe@redhat.com][level:component]VirtualMachine A valid VirtualMachine given [test_id:1528]should survive guest shutdown, multiple times" classname="Tests Suite" time="144.505105313"></testcase>
  <testcase name="[rfe_id:1177][crit:medium][vendor:cnv-qe@redhat.com][level:component]VirtualMachine A valid VirtualMachine given Using virtctl interface Using RunStrategyRerunOnFailure [test_id:2186] should stop a running VM" classname="Tests Suite" time="59.952083924"></testcase>
  <testcase name="[rfe_id:1177][crit:medium][vendor:cnv-qe@redhat.com][level:component]VirtualMachine A valid VirtualMachine given Using virtctl interface Using RunStrategyManual [test_id:2035] should restart" classname="Tests Suite" time="49.789204266"></testcase>
  <testcase name="[rfe_id:1177][crit:medium][vendor:cnv-qe@redhat.com][level:component]VirtualMachine A valid VirtualMachine given VM rename [test_id:4652]should reject renaming a VM if the new name is taken" classname="Tests Suite" time="3.667204247"></testcase>
  <testcase name="[rfe_id:1177][crit:medium][vendor:cnv-qe@redhat.com][level:component]VirtualMachine [rfe_id:273]with oc/kubectl [test_id:299]should create VM via command line using all supported API versions with v1 api" classname="Tests Suite" time="14.091799632"></testcase>
  <testcase name="[rfe_id:1177][crit:medium][vendor:cnv-qe@redhat.com][level:component]VirtualMachine [rfe_id:273]with oc/kubectl [test_id:264]should create and delete via command line" classname="Tests Suite" time="22.325188309"></testcase>
  <testcase name="[rfe_id:1177][crit:medium][vendor:cnv-qe@redhat.com][level:component]VirtualMachine VM rename VM update [test_id:4655]should fail if the new name is empty" classname="Tests Suite" time="3.425036017"></testcase>
  <testcase name="[rfe_id:1177][crit:medium][vendor:cnv-qe@redhat.com][level:component]VirtualMachine VM rename VM update [test_id:4657]should fail if the new name is identical to the current name" classname="Tests Suite" time="5.400845703"></testcase>
  <testcase name="[rfe_id:1177][crit:medium][vendor:cnv-qe@redhat.com][level:component]VirtualMachine VM rename VM update [test_id:4659]should succeed" classname="Tests Suite" time="7.420153159"></testcase>
  <testcase name="[rfe_id:253][crit:medium][vendor:cnv-qe@redhat.com][level:component]Expose Expose service on a VM Expose ClusterIP service with string target-port Should expose a ClusterIP service and connect to the vm on port 80 [test_id:1532] over default IPv4 IP family" classname="Tests Suite" time="32.973995123"></testcase>
  <testcase name="[rfe_id:253][crit:medium][vendor:cnv-qe@redhat.com][level:component]Expose Expose service on a VM Expose NodePort service [label:masquerade_binding_connectivity]Should expose a NodePort service on a VMI and connect to it over IPv6 IP family" classname="Tests Suite" time="44.388117663"></testcase>
  <testcase name="[rfe_id:253][crit:medium][vendor:cnv-qe@redhat.com][level:component]Expose Expose UDP service on a VMI Expose NodePort UDP service [label:masquerade_binding_connectivity]Should expose a NodePort service on a VMI and connect to it over IPv6 IP family" classname="Tests Suite" time="98.400737952"></testcase>
  <testcase name="[rfe_id:253][crit:medium][vendor:cnv-qe@redhat.com][level:component]Expose Expose a VM as a service. Expose a VM as a ClusterIP service. [label:masquerade_binding_connectivity]Should verify the exposed service is functional before and after VM restart. over IPv6 IP family" classname="Tests Suite" time="80.625779433"></testcase>
  <testcase name="[rfe_id:588][crit:medium][vendor:cnv-qe@redhat.com][level:component]ContainerDisk should [test_id:3246]generate and set Always pull policy" classname="Tests Suite" time="5.242520378"></testcase>
  <testcase name="[rfe_id:588][crit:medium][vendor:cnv-qe@redhat.com][level:component]ContainerDisk should [test_id:3247]generate and set Always pull policy" classname="Tests Suite" time="5.787009087"></testcase>
  <testcase name="[rfe_id:588][crit:medium][vendor:cnv-qe@redhat.com][level:component]ContainerDisk should [test_id:3248]generate and set IfNotPresent pull policy" classname="Tests Suite" time="5.794521693"></testcase>
  <testcase name="[rfe_id:588][crit:medium][vendor:cnv-qe@redhat.com][level:component]ContainerDisk should [test_id:3249]pass through Never pull policy to the pod" classname="Tests Suite" time="5.801160718"></testcase>
  <testcase name="[rfe_id:588][crit:medium][vendor:cnv-qe@redhat.com][level:component]ContainerDisk should [test_id:3250]pass through IfNotPresent pull policy to the pod" classname="Tests Suite" time="5.7992623309999995"></testcase>
  <testcase name="[rfe_id:588][crit:medium][vendor:cnv-qe@redhat.com][level:component]ContainerDisk [rfe_id:273][crit:medium][vendor:cnv-qe@redhat.com][level:component]Starting and stopping the same VirtualMachineInstance with ephemeral registry disk [test_id:1463][Conformance] should success multiple times" classname="Tests Suite" time="149.519679341"></testcase>
  <testcase name="[rfe_id:588][crit:medium][vendor:cnv-qe@redhat.com][level:component]ContainerDisk [rfe_id:4052][crit:high][vendor:cnv-qe@redhat.com][level:component]VMI disk permissions with ephemeral registry disk [test_id:4299]should not have world write permissions" classname="Tests Suite" time="17.773484193"></testcase>
  <testcase name="Storage Starting a VirtualMachineInstance [rfe_id:3106][crit:medium][vendor:cnv-qe@redhat.com][level:component]with Alpine PVC should be successfully started [test_id:3131]with CDRom PVC" classname="Tests Suite" time="18.893426275"></testcase>
  <testcase name="Storage Starting a VirtualMachineInstance [rfe_id:3106][crit:medium][vendor:cnv-qe@redhat.com][level:component]with Alpine PVC should be successfully started and stopped multiple times [test_id:3133]with CDRom PVC" classname="Tests Suite" time="162.38167561"></testcase>
  <testcase name="Storage Starting a VirtualMachineInstance [rfe_id:3106][crit:medium][vendor:cnv-qe@redhat.com][level:component]With ephemeral alpine PVC should be successfully started [test_id:3136]with Ephemeral PVC" classname="Tests Suite" time="30.275289704"></testcase>
  <testcase name="Storage Starting a VirtualMachineInstance [rfe_id:3106][crit:medium][vendor:cnv-qe@redhat.com][level:component]With ephemeral alpine PVC should be successfully started [test_id:4619]with Ephemeral PVC from NFS using ipv4 address of the NFS pod" classname="Tests Suite" time="130.132255747"></testcase>
  <testcase name="Storage Starting a VirtualMachineInstance [rfe_id:2298][crit:medium][vendor:cnv-qe@redhat.com][level:component] With HostDisk and PVC initialization With a HostDisk defined With &#39;DiskExistsOrCreate&#39; type Should create a disk image and start [test_id:3057]with sata driver" classname="Tests Suite" time="10.361801501"></testcase>
  <testcase name="Storage Starting a VirtualMachineInstance [rfe_id:2298][crit:medium][vendor:cnv-qe@redhat.com][level:component] With HostDisk and PVC initialization With a HostDisk defined With &#39;DiskExists&#39; type [test_id:2306]Should use existing disk image and start" classname="Tests Suite" time="11.379567032"></testcase>
  <testcase name="Storage Starting a VirtualMachineInstance [rfe_id:2298][crit:medium][vendor:cnv-qe@redhat.com][level:component] With HostDisk and PVC initialization With a HostDisk defined With unknown hostDisk type [test_id:852]Should fail to start VMI" classname="Tests Suite" time="3.894329284"></testcase>
  <testcase name="Storage Starting a VirtualMachineInstance [rfe_id:2288][crit:high][vendor:cnv-qe@redhat.com][level:component] With Cirros BlockMode PVC [test_id:1015] should be successfully started" classname="Tests Suite" time="32.548119236"></testcase>
  <testcase name="[sig-storage] Hotplug Offline VM Should add volumes on an offline VM with PersistentVolume" classname="Tests Suite" time="11.911939989"></testcase>
  <testcase name="HookSidecars [rfe_id:2667][crit:medium][vendor:cnv-qe@redhat.com][level:component] VMI definition with SM BIOS hook sidecar [test_id:3156]should successfully start with hook sidecar annotation for v1alpha2" classname="Tests Suite" time="14.455471692"></testcase>
  <testcase name="HookSidecars [rfe_id:2667][crit:medium][vendor:cnv-qe@redhat.com][level:component] VMI definition with SM BIOS hook sidecar [test_id:3158]should update domain XML with SM BIOS properties" classname="Tests Suite" time="13.210103396"></testcase>
  <testcase name="Guest Access Credentials with qemu guest agent should propagate public ssh keys" classname="Tests Suite" time="79.390370264"></testcase>
  <testcase name="[ref_id:1182]Probes for readiness should succeed [test_id:1202][posneg:positive]with working TCP probe and tcp server on ipv6" classname="Tests Suite" time="26.376475983"></testcase>
  <testcase name="[ref_id:1182]Probes for readiness should succeed [test_id:1202][posneg:positive]with working HTTP probe and http server, no ip family is specified " classname="Tests Suite" time="35.978062522"></testcase>
  <testcase name="[ref_id:1182]Probes for readiness should fail [test_id:1219][posneg:negative]with working HTTP probe and no running server" classname="Tests Suite" time="11.259471002"></testcase>
  <testcase name="[ref_id:1182]Probes for liveness should not fail the VMI [test_id:1199][posneg:positive]with working TCP probe and tcp server on ipv6" classname="Tests Suite" time="135.107768774"></testcase>
  <testcase name="[ref_id:1182]Probes for liveness should not fail the VMI [test_id:1201][posneg:positive]with working HTTP probe and http server, no ip family is specified" classname="Tests Suite" time="150.086794968"></testcase>
  <testcase name="[ref_id:1182]Probes for liveness should fail the VMI [test_id:1217][posneg:negative]with working TCP probe and no running server" classname="Tests Suite" time="123.206210796"></testcase>
  <testcase name="[rfe_id:609][crit:medium][vendor:cnv-qe@redhat.com][level:component]VMIPreset Preset Matching [test_id:1599]Should return 404 if VMIPreset does not exist" classname="Tests Suite" time="3.626895536"></testcase>
  <testcase name="[rfe_id:609][crit:medium][vendor:cnv-qe@redhat.com][level:component]VMIPreset Preset Matching [test_id:1600]Should reject presets that conflict with VirtualMachineInstance settings" classname="Tests Suite" time="16.457464128"></testcase>
  <testcase name="[rfe_id:609][crit:medium][vendor:cnv-qe@redhat.com][level:component]VMIPreset Exclusions [test_id:1604]Should not apply presets to VirtualMachineInstance&#39;s with the exclusion marking" classname="Tests Suite" time="13.675951156"></testcase>
  <testcase name="[rfe_id:609][crit:medium][vendor:cnv-qe@redhat.com][level:component]VMIPreset [rfe_id:613]MatchLabels [test_id:672] Should match multiple VMs via MatchLabel" classname="Tests Suite" time="6.645702689"></testcase>
  <testcase name="Controller devices with ephemeral disk a scsi controller should NOT appear if disabled" classname="Tests Suite" time="7.243941935"></testcase>
  <testcase name="Configurations with all devices on the root PCI bus [test_id:4623]should start run the guest as usual" classname="Tests Suite" time="30.842924938"></testcase>
  <testcase name="Configurations [rfe_id:897][crit:medium][vendor:cnv-qe@redhat.com][level:component]for CPU and memory limits should [test_id:3110]lead to get the burstable QOS class assigned when limit and requests differ" classname="Tests Suite" time="4.653778268"></testcase>
  <testcase name="Configurations [rfe_id:897][crit:medium][vendor:cnv-qe@redhat.com][level:component]for CPU and memory limits should [test_id:3112]lead to get the guaranteed QOS class assigned when only limits are set" classname="Tests Suite" time="5.593243147"></testcase>
  <testcase name="Configurations VirtualMachineInstance definition with BIOS bootloader method and no disk [test_id:5265]should find no bootable device by default" classname="Tests Suite" time="39.741631297"></testcase>
  <testcase name="Configurations VirtualMachineInstance definition [rfe_id:609][crit:medium][vendor:cnv-qe@redhat.com][level:component]Support memory over commitment test [test_id:730]Check OverCommit VM Created and Started" classname="Tests Suite" time="10.68100501"></testcase>
  <testcase name="Configurations VirtualMachineInstance definition [rfe_id:609][crit:medium][vendor:cnv-qe@redhat.com][level:component]Support memory over commitment test [test_id:732]Check Free memory on the VMI" classname="Tests Suite" time="32.000521853"></testcase>
  <testcase name="Configurations VirtualMachineInstance definition [rfe_id:3077][crit:medium][vendor:cnv-qe@redhat.com][level:component]with input devices [test_id:2642]should failed to start the VMI with wrong type of input device" classname="Tests Suite" time="3.620192278"></testcase>
  <testcase name="Configurations VirtualMachineInstance definition [rfe_id:3077][crit:medium][vendor:cnv-qe@redhat.com][level:component]with input devices [test_id:3074]should failed to start the VMI with wrong bus of input device" classname="Tests Suite" time="5.397552113"></testcase>
  <testcase name="Configurations VirtualMachineInstance definition [rfe_id:3077][crit:medium][vendor:cnv-qe@redhat.com][level:component]with input devices [test_id:3072]should start the VMI with tablet input device with virtio bus" classname="Tests Suite" time="22.111239088"></testcase>
  <testcase name="Configurations VirtualMachineInstance definition [rfe_id:893][crit:medium][vendor:cnv-qe@redhat.com][level:component]with rng [test_id:1674]should have the virtio rng device present when present" classname="Tests Suite" time="20.199538417"></testcase>
  <testcase name="Configurations VirtualMachineInstance definition with Clock and timezone [test_id:5268]guest should see timezone" classname="Tests Suite" time="31.375088257"></testcase>
  <testcase name="Configurations [rfe_id:140][crit:medium][vendor:cnv-qe@redhat.com][level:component]with CPU spec [rfe_id:140][crit:medium][vendor:cnv-qe@redhat.com][level:component]when CPU model not defined [test_id:1680]should report CPU model from libvirt capabilities" classname="Tests Suite" time="54.219078309"></testcase>
  <testcase name="Configurations [rfe_id:898][crit:medium][vendor:cnv-qe@redhat.com][level:component]New VirtualMachineInstance with all supported drives [test_id:1020]should not create the VM with wrong PCI address" classname="Tests Suite" time="11.660769025"></testcase>
  <testcase name="Configurations With ephemeral CD-ROM For various bus types [test_id:3777] Should be accepted when using sata" classname="Tests Suite" time="3.623564927"></testcase>
  <testcase name="Configurations With ephemeral CD-ROM For various bus types [test_id:3809] Should be accepted when using scsi" classname="Tests Suite" time="5.605679468"></testcase>
  <testcase name="Configurations With ephemeral CD-ROM For various bus types [test_id:3776] Should be rejected when using virtio" classname="Tests Suite" time="5.600543715"></testcase>
  <testcase name="Configurations With ephemeral CD-ROM For various bus types [test_id:3808] Should be rejected when using ide" classname="Tests Suite" time="5.387692584"></testcase>
  <testcase name="Configurations Custom PCI Addresses configuration should configure custom pci address [test_id:5270]across all available PCI functions of a single slot" classname="Tests Suite" time="70.074511285"></testcase>
  <testcase name="[sig-network] Dual stack cluster network configuration when dual stack cluster configuration is enabled the cluster must be dual stack" classname="Tests Suite" time="0.006602769"></testcase>
  <testcase name="oc/kubectl integration [test_id:3812]explain vm/vmi [test_id:3810]explain vm" classname="Tests Suite" time="4.139505984"></testcase>
  <testcase name="oc/kubectl integration [test_id:3812]explain vm/vmi [test_id:3811]explain vmi" classname="Tests Suite" time="5.292813192"></testcase>
  <testcase name="oc/kubectl integration [test_id:3812]explain vm/vmi [test_id:5178]explain vmim" classname="Tests Suite" time="5.376377483"></testcase>
  <testcase name="oc/kubectl integration [test_id:3812]explain vm/vmi [test_id:5179]explain kv" classname="Tests Suite" time="5.446896517"></testcase>
  <testcase name="oc/kubectl integration [test_id:3812]explain vm/vmi [test_id:5180]explain vmsnapshot" classname="Tests Suite" time="5.3683305820000005"></testcase>
  <testcase name="oc/kubectl integration [test_id:3812]explain vm/vmi [test_id:5181]explain vmsnapshotcontent" classname="Tests Suite" time="5.390407566"></testcase>
  <testcase name="oc/kubectl integration [test_id:5182]vmipreset have validation" classname="Tests Suite" time="5.404549394"></testcase>
  <testcase name="oc/kubectl integration [rfe_id:3423][vendor:cnv-qe@redhat.com][level:component]oc/kubectl get vm/vmi tests should verify set of columns for [test_id:3464]virtualmachine" classname="Tests Suite" time="11.35906414"></testcase>
  <testcase name="oc/kubectl integration [rfe_id:3423][vendor:cnv-qe@redhat.com][level:component]oc/kubectl get vm/vmi tests should verify set of wide columns for [test_id:3468]virtualmachine" classname="Tests Suite" time="9.847164717"></testcase>
  <testcase name="oc/kubectl integration [rfe_id:3423][vendor:cnv-qe@redhat.com][level:component]oc/kubectl get vm/vmi tests should verify set of wide columns for [test_id:4423]virtualmachine" classname="Tests Suite" time="9.860744278"></testcase>
  <testcase name="[rfe_id:3423][crit:high][vendor:cnv-qe@redhat.com][level:component]VmWatch [test_id:3466]Should update vmi status with the proper columns using &#39;kubectl get vmi -w&#39;" classname="Tests Suite" time="39.019566095"></testcase>
  <testcase name="[rfe_id:127][posneg:negative][crit:medium][vendor:cnv-qe@redhat.com][level:component]Console [rfe_id:127][posneg:negative][crit:medium][vendor:cnv-qe@redhat.com][level:component]A new VirtualMachineInstance with a serial console [test_id:1590]should be able to reconnect to console multiple times" classname="Tests Suite" time="19.149094354"></testcase>
  <testcase name="[rfe_id:127][posneg:negative][crit:medium][vendor:cnv-qe@redhat.com][level:component]Console [rfe_id:127][posneg:negative][crit:medium][vendor:cnv-qe@redhat.com][level:component]A new VirtualMachineInstance with a serial console [test_id:1593]should fail waiting for the virtual machine instance to be running" classname="Tests Suite" time="34.418741075"></testcase>
  <testcase name="Subresource Api [rfe_id:1195][crit:medium][vendor:cnv-qe@redhat.com][level:component] Rbac Authorization with correct permissions [test_id:3170]should be allowed to access subresource endpoint" classname="Tests Suite" time="5.815761"></testcase>
  <testcase name="Subresource Api [rfe_id:1195][crit:medium][vendor:cnv-qe@redhat.com][level:component] Rbac Authorization For Version Command Without permissions [test_id:3173]should be able to access subresource version endpoint" classname="Tests Suite" time="7.501326066"></testcase>
  <testcase name="Subresource Api [rfe_id:1177][crit:medium][vendor:cnv-qe@redhat.com][level:component] VirtualMachine subresource with a restart endpoint [test_id:2265][posneg:negative] should return an error when VM has not been found but VMI is running" classname="Tests Suite" time="9.129945068"></testcase>
  <testcase name="Subresource Api [rfe_id:1177][crit:medium][vendor:cnv-qe@redhat.com][level:component] VirtualMachine subresource With RunStrategy RerunOnFailure [test_id:3176]Should restart the VM" classname="Tests Suite" time="41.830818191"></testcase>
  <testcase name="[rfe_id:500][crit:high][vendor:cnv-qe@redhat.com][level:component]User Access With default kubevirt service accounts should verify permissions on resources are correct for view, edit, and admin [test_id:5244]given a vmsnapshotcontent" classname="Tests Suite" time="6.457395616"></testcase>
  <testcase name="[rfe_id:500][crit:high][vendor:cnv-qe@redhat.com][level:component]User Access With default kubevirt service accounts should verify permissions on subresources are correct for view, edit, and admin [test_id:3233]on vm stop" classname="Tests Suite" time="7.806824926"></testcase>
  <testcase name="[rfe_id:273][crit:high][vendor:cnv-qe@redhat.com][level:component]VMIlifecycle [rfe_id:273][crit:high][vendor:cnv-qe@redhat.com][level:component]Creating a VirtualMachineInstance [test_id:1620]should start it" classname="Tests Suite" time="11.474321711"></testcase>
  <testcase name="[rfe_id:273][crit:high][vendor:cnv-qe@redhat.com][level:component]VMIlifecycle [rfe_id:273][crit:high][vendor:cnv-qe@redhat.com][level:component]Creating a VirtualMachineInstance [test_id:3196]should carry kubernetes and kubevirt annotations to pod" classname="Tests Suite" time="11.275191018"></testcase>
  <testcase name="[rfe_id:273][crit:high][vendor:cnv-qe@redhat.com][level:component]VMIlifecycle [rfe_id:273][crit:high][vendor:cnv-qe@redhat.com][level:component]Creating a VirtualMachineInstance [test_id:1624]should reject PATCH if schema is invalid" classname="Tests Suite" time="4.980431764"></testcase>
  <testcase name="[rfe_id:273][crit:high][vendor:cnv-qe@redhat.com][level:component]VMIlifecycle [rfe_id:273][crit:high][vendor:cnv-qe@redhat.com][level:component]Creating a VirtualMachineInstance when it already exist [test_id:1626]should be rejected" classname="Tests Suite" time="6.198608035"></testcase>
  <testcase name="[rfe_id:273][crit:high][vendor:cnv-qe@redhat.com][level:component]VMIlifecycle [rfe_id:273][crit:high][vendor:cnv-qe@redhat.com][level:component]Creating a VirtualMachineInstance with boot order [rfe_id:273][crit:high][vendor:cnv-qe@redhat.com][level:component]should be able to boot from selected disk [test_id:1628]Cirros as first boot" classname="Tests Suite" time="15.518619412"></testcase>
  <testcase name="[rfe_id:273][crit:high][vendor:cnv-qe@redhat.com][level:component]VMIlifecycle [rfe_id:273][crit:high][vendor:cnv-qe@redhat.com][level:component]Creating a VirtualMachineInstance with affinity [test_id:1637]the vmi with node affinity and no conflicts should be scheduled" classname="Tests Suite" time="12.467694912"></testcase>
  <testcase name="[rfe_id:273][crit:high][vendor:cnv-qe@redhat.com][level:component]VMIlifecycle [rfe_id:273][crit:high][vendor:cnv-qe@redhat.com][level:component]Creating a VirtualMachineInstance with non default namespace [rfe_id:273][crit:high][vendor:cnv-qe@redhat.com][level:component]should log libvirt start and stop lifecycle events of the domain [test_id:1642]kubevirt-test-alternative" classname="Tests Suite" time="19.054559753"></testcase>
  <testcase name="[rfe_id:273][crit:high][vendor:cnv-qe@redhat.com][level:component]VMIlifecycle [rfe_id:273][crit:high][vendor:cnv-qe@redhat.com][level:component]Creating a VirtualMachineInstance VM Accelerated Mode [test_id:1647]should not enable emulation in virt-launcher" classname="Tests Suite" time="11.192444658"></testcase>
  <testcase name="[rfe_id:273][crit:high][vendor:cnv-qe@redhat.com][level:component]VMIlifecycle [rfe_id:273][crit:high][vendor:cnv-qe@redhat.com][level:component]Delete a VirtualMachineInstance&#39;s Pod [test_id:1650]should result in the VirtualMachineInstance moving to a finalized state" classname="Tests Suite" time="12.48588484"></testcase>
  <testcase name="[rfe_id:273][crit:high][vendor:cnv-qe@redhat.com][level:component]VMIlifecycle [rfe_id:273][crit:high][vendor:cnv-qe@redhat.com][level:component]Delete a VirtualMachineInstance with ACPI and some grace period seconds [rfe_id:273][crit:medium][vendor:cnv-qe@redhat.com][level:component]should result in vmi status succeeded [test_id:1653]with set grace period seconds" classname="Tests Suite" time="34.334974208"></testcase>
  <testcase name="Version Check that version parameters where loaded by ldflags in build time [test_id:555]Should return a good version information struct" classname="Tests Suite" time="4.193099242"></testcase>
  <testcase name="[rfe_id:3064][crit:medium][vendor:cnv-qe@redhat.com][level:component]Pausing A valid VMI when paused via API [test_id:4597]should signal paused state with condition" classname="Tests Suite" time="16.531010638"></testcase>
  <testcase name="[rfe_id:3064][crit:medium][vendor:cnv-qe@redhat.com][level:component]Pausing A valid VMI with a LivenessProbe configured when paused via virtctl [test_id:3224]should not be paused" classname="Tests Suite" time="10.670092089"></testcase>
  <testcase name="[rfe_id:3064][crit:medium][vendor:cnv-qe@redhat.com][level:component]Pausing A valid VM when paused via API [test_id:4598]should signal paused state with condition" classname="Tests Suite" time="15.832695691"></testcase>
  <testcase name="[rfe_id:3064][crit:medium][vendor:cnv-qe@redhat.com][level:component]Pausing A valid VM when paused via virtctl [test_id:3088]should gracefully handle pausing the VMI again" classname="Tests Suite" time="14.775225611"></testcase>
  <testcase name="[rfe_id:3064][crit:medium][vendor:cnv-qe@redhat.com][level:component]Pausing A valid VM when paused via virtctl [test_id:3085]should be stopped successfully" classname="Tests Suite" time="19.846568323"></testcase>
  <testcase name="[rfe_id:3064][crit:medium][vendor:cnv-qe@redhat.com][level:component]Pausing A valid VM when paused via virtctl [test_id:3083]should gracefully handle console connection" classname="Tests Suite" time="13.725940149"></testcase>
  <testcase name="[rfe_id:3064][crit:medium][vendor:cnv-qe@redhat.com][level:component]Pausing Guest and Host uptime difference before pause [test_id:3090]should be less than uptime difference after pause" classname="Tests Suite" time="45.352830034"></testcase>
  <testcase name="[rfe_id:151][crit:high][vendor:cnv-qe@redhat.com][level:component]CloudInit UserData [rfe_id:151][crit:medium][vendor:cnv-qe@redhat.com][level:component]A new VirtualMachineInstance with cloudInitConfigDrive userDataBase64 source with injected ssh-key [test_id:3178]should have ssh-key under authorized keys" classname="Tests Suite" time="70.708815605"></testcase>
  <testcase name="[rfe_id:151][crit:high][vendor:cnv-qe@redhat.com][level:component]CloudInit UserData [rfe_id:151][crit:medium][vendor:cnv-qe@redhat.com][level:component]A new VirtualMachineInstance with cloudInitNoCloud networkData [test_id:3181]should have cloud-init network-config with NetworkData source" classname="Tests Suite" time="31.40787377"></testcase>
  <testcase name="[rfe_id:151][crit:high][vendor:cnv-qe@redhat.com][level:component]CloudInit UserData [rfe_id:151][crit:medium][vendor:cnv-qe@redhat.com][level:component]A new VirtualMachineInstance with cloudInitConfigDrive networkData [test_id:3184]should have cloud-init network-config with NetworkData source" classname="Tests Suite" time="34.186777495"></testcase>
  <testcase name="[rfe_id:151][crit:high][vendor:cnv-qe@redhat.com][level:component]CloudInit UserData [rfe_id:151][crit:medium][vendor:cnv-qe@redhat.com][level:component]A new VirtualMachineInstance with cloudInitConfigDrive networkData [test_id:3186]should have cloud-init network-config from k8s secret" classname="Tests Suite" time="31.535568298"></testcase>
  <testcase name="[rfe_id:1177][crit:medium][vendor:cnv-qe@redhat.com][level:component]VirtualMachine An invalid VirtualMachine given [test_id:1518]should be rejected on POST" classname="Tests Suite" time="3.620639483"></testcase>
  <testcase name="[rfe_id:1177][crit:medium][vendor:cnv-qe@redhat.com][level:component]VirtualMachine An invalid VirtualMachine given [test_id:1519]should reject POST if validation webhoook deems the spec is invalid" classname="Tests Suite" time="5.404454673"></testcase>
  <testcase name="[rfe_id:1177][crit:medium][vendor:cnv-qe@redhat.com][level:component]VirtualMachine An invalid VirtualMachine given with a PVC from a Datavolume [test_id:4643]should NOT be rejected when VM template lists a DataVolume, but VM lists PVC VolumeSource" classname="Tests Suite" time="6.62540546"></testcase>
  <testcase name="[rfe_id:1177][crit:medium][vendor:cnv-qe@redhat.com][level:component]VirtualMachine A valid VirtualMachine given cpu/memory in requests/limits should allow float type" classname="Tests Suite" time="27.708509712"></testcase>
  <testcase name="[rfe_id:1177][crit:medium][vendor:cnv-qe@redhat.com][level:component]VirtualMachine A valid VirtualMachine given [test_id:1523]should recreate VirtualMachineInstance if it gets deleted" classname="Tests Suite" time="20.103065441"></testcase>
  <testcase name="[rfe_id:1177][crit:medium][vendor:cnv-qe@redhat.com][level:component]VirtualMachine A valid VirtualMachine given [test_id:1526]should start and stop VirtualMachineInstance multiple times" classname="Tests Suite" time="149.655315579"></testcase>
  <testcase name="[rfe_id:1177][crit:medium][vendor:cnv-qe@redhat.com][level:component]VirtualMachine A valid VirtualMachine given Using virtctl interface [test_id:3007]Should force restart a VM with terminationGracePeriodSeconds&gt;0" classname="Tests Suite" time="9.599171392"></testcase>
  <testcase name="[rfe_id:1177][crit:medium][vendor:cnv-qe@redhat.com][level:component]VirtualMachine A valid VirtualMachine given Using virtctl interface Using RunStrategyAlways [test_id:3163]should stop a running VM" classname="Tests Suite" time="20.782125738"></testcase>
  <testcase name="[rfe_id:1177][crit:medium][vendor:cnv-qe@redhat.com][level:component]VirtualMachine A valid VirtualMachine given Using virtctl interface Using RunStrategyAlways [test_id:3165]should restart a succeeded VMI" classname="Tests Suite" time="36.221620198"></testcase>
  <testcase name="[rfe_id:1177][crit:medium][vendor:cnv-qe@redhat.com][level:component]VirtualMachine A valid VirtualMachine given Using virtctl interface Using RunStrategyRerunOnFailure [test_id:2188] should not remove a succeeded VMI" classname="Tests Suite" time="49.701701265"></testcase>
  <testcase name="[rfe_id:1177][crit:medium][vendor:cnv-qe@redhat.com][level:component]VirtualMachine A valid VirtualMachine given Using virtctl interface Using RunStrategyManual [test_id:2190] should not remove a succeeded VMI" classname="Tests Suite" time="61.391034919"></testcase>
  <testcase name="[rfe_id:1177][crit:medium][vendor:cnv-qe@redhat.com][level:component]VirtualMachine [rfe_id:273]with oc/kubectl [test_id:232]should create same manifest twice via command line" classname="Tests Suite" time="32.509016932"></testcase>
  <testcase name="[rfe_id:253][crit:medium][vendor:cnv-qe@redhat.com][level:component]Expose Expose service on a VM Expose ClusterIP service [label:masquerade_binding_connectivity]Should expose a Cluster IP service on a VMI and connect to it [test_id:1531] over default IPv4 IP family" classname="Tests Suite" time="34.715946341"></testcase>
  <testcase name="[rfe_id:253][crit:medium][vendor:cnv-qe@redhat.com][level:component]Expose Expose service on a VM Expose ClusterIP service with string target-port Should expose a ClusterIP service and connect to the vm on port 80 over IPv6 IP family" classname="Tests Suite" time="1.035476114"></testcase>
  <testcase name="[rfe_id:253][crit:medium][vendor:cnv-qe@redhat.com][level:component]Expose Expose service on a VM Expose ClusterIP service with ports on the vmi defined Should expose a ClusterIP service and connect to all ports defined on the vmi [test_id:1533] over default IPv4 IP family" classname="Tests Suite" time="1.023246738"></testcase>
  <testcase name="[rfe_id:253][crit:medium][vendor:cnv-qe@redhat.com][level:component]Expose Expose service on a VM Expose ClusterIP service with ports on the vmi defined Should expose a ClusterIP service and connect to all ports defined on the vmi over IPv6 IP family" classname="Tests Suite" time="1.025719733"></testcase>
  <testcase name="[rfe_id:253][crit:medium][vendor:cnv-qe@redhat.com][level:component]Expose Expose service on a VM Expose NodePort service [label:masquerade_binding_connectivity]Should expose a NodePort service on a VMI and connect to it [test_id:1534] over default IPv4 IP family" classname="Tests Suite" time="6.063898585"></testcase>
  <testcase name="[rfe_id:253][crit:medium][vendor:cnv-qe@redhat.com][level:component]Expose Expose UDP service on a VMI Expose ClusterIP UDP service [label:masquerade_binding_connectivity]Should expose a ClusterIP service on a VMI and connect to it over IPv6 IP family" classname="Tests Suite" time="42.81567331"></testcase>
  <testcase name="[rfe_id:253][crit:medium][vendor:cnv-qe@redhat.com][level:component]Expose Expose service on a VMI replica set Expose ClusterIP service [label:masquerade_binding_connectivity]Should create a ClusterIP service on VMRS and connect to it [test_id:1537] over default IPv4 IP family" classname="Tests Suite" time="49.631062671"></testcase>
  <testcase name="[rfe_id:253][crit:medium][vendor:cnv-qe@redhat.com][level:component]Expose Expose a VM as a service. Expose a VM as a ClusterIP service. [label:masquerade_binding_connectivity]Connect to ClusterIP service that was set when VM was offline. [test_id:1538] over default IPv4 IP family" classname="Tests Suite" time="37.347721871"></testcase>
  <testcase name="[rfe_id:253][crit:medium][vendor:cnv-qe@redhat.com][level:component]Expose Expose a VM as a service. Expose a VM as a ClusterIP service. [label:masquerade_binding_connectivity]Should verify the exposed service is functional before and after VM restart. [test_id:345] over default IPv4 IP family" classname="Tests Suite" time="67.188855949"></testcase>
  <testcase name="[rfe_id:253][crit:medium][vendor:cnv-qe@redhat.com][level:component]Expose Expose a VM as a service. Expose a VM as a ClusterIP service. [label:masquerade_binding_connectivity]Should Verify an exposed service of a VM is not functional after VM deletion. over IPv6 IP family" classname="Tests Suite" time="197.454385673"></testcase>
  <testcase name="[rfe_id:588][crit:medium][vendor:cnv-qe@redhat.com][level:component]ContainerDisk [rfe_id:273][crit:medium][vendor:cnv-qe@redhat.com][level:component]Starting from custom image location with disk at /custom-disk/downloaded [test_id:1466]should boot normally" classname="Tests Suite" time="10.649588191"></testcase>
  <testcase name="Storage Starting a VirtualMachineInstance [rfe_id:3106][crit:medium][vendor:cnv-qe@redhat.com][level:component]with Alpine PVC should be successfully started [test_id:3130]with Disk PVC" classname="Tests Suite" time="16.43914177"></testcase>
  <testcase name="Storage Starting a VirtualMachineInstance [rfe_id:3106][crit:medium][vendor:cnv-qe@redhat.com][level:component]with Alpine PVC should be successfully started and stopped multiple times [test_id:3132]with Disk PVC" classname="Tests Suite" time="113.941087494"></testcase>
  <testcase name="Storage Starting a VirtualMachineInstance [rfe_id:3106][crit:medium][vendor:cnv-qe@redhat.com][level:component]With an emptyDisk defined and a specified serial number [test_id:3135]should create a writeable emptyDisk with the specified serial number" classname="Tests Suite" time="31.754389359"></testcase>
  <testcase name="Storage Starting a VirtualMachineInstance Run a VMI with VirtIO-FS and a datavolume should be successfully started and virtiofs could be accessed" classname="Tests Suite" time="79.659083179"></testcase>
  <testcase name="Storage Starting a VirtualMachineInstance [rfe_id:3106][crit:medium][vendor:cnv-qe@redhat.com][level:component]With ephemeral alpine PVC [test_id:3137]should not persist data" classname="Tests Suite" time="41.398600445"></testcase>
  <testcase name="Storage Starting a VirtualMachineInstance [rfe_id:3106][crit:medium][vendor:cnv-qe@redhat.com][level:component]With VirtualMachineInstance with two PVCs [test_id:3138]should start vmi multiple times" classname="Tests Suite" time="67.625021478"></testcase>
  <testcase name="Storage Starting a VirtualMachineInstance [rfe_id:2298][crit:medium][vendor:cnv-qe@redhat.com][level:component] With HostDisk and PVC initialization With a HostDisk defined With &#39;DiskExistsOrCreate&#39; type Should create a disk image and start [test_id:851]with virtio driver" classname="Tests Suite" time="8.986138336"></testcase>
  <testcase name="Storage Starting a VirtualMachineInstance [rfe_id:2298][crit:medium][vendor:cnv-qe@redhat.com][level:component] With HostDisk and PVC initialization With a HostDisk defined With &#39;DiskExistsOrCreate&#39; type [test_id:3107]should start with multiple hostdisks in the same directory" classname="Tests Suite" time="10.153267106"></testcase>
  <testcase name="Storage Starting a VirtualMachineInstance [rfe_id:2298][crit:medium][vendor:cnv-qe@redhat.com][level:component] With HostDisk and PVC initialization With a HostDisk defined With &#39;DiskExists&#39; type [test_id:847]Should fail with a capacity option" classname="Tests Suite" time="6.203125657"></testcase>
  <testcase name="Storage Starting a VirtualMachineInstance [rfe_id:2298][crit:medium][vendor:cnv-qe@redhat.com][level:component] With HostDisk and PVC initialization With multiple empty PVCs [test_id:868]Should initialize an empty PVC by creating a disk.img" classname="Tests Suite" time="20.815318091"></testcase>
  <testcase name="Storage Starting a VirtualMachineInstance [rfe_id:2288][crit:high][vendor:cnv-qe@redhat.com][level:component] With not existing PVC [test_id:1040] should get unschedulable condition" classname="Tests Suite" time="6.8408368280000005"></testcase>
  <testcase name="Storage Starting a VirtualMachineInstance With both SCSI and SATA devices should successfully start with distinct device names" classname="Tests Suite" time="20.107472574"></testcase>
  <testcase name="[sig-storage] Hotplug Offline VM Should add volumes on an offline VM with DataVolume" classname="Tests Suite" time="13.959040291"></testcase>
  <testcase name="HookSidecars [rfe_id:2667][crit:medium][vendor:cnv-qe@redhat.com][level:component] VMI definition with SM BIOS hook sidecar [test_id:3155]should successfully start with hook sidecar annotation" classname="Tests Suite" time="15.445943199"></testcase>
  <testcase name="HookSidecars [rfe_id:2667][crit:medium][vendor:cnv-qe@redhat.com][level:component] VMI definition with SM BIOS hook sidecar [test_id:3157]should call Collect and OnDefineDomain on the hook sidecar" classname="Tests Suite" time="12.746334398"></testcase>
  <testcase name="HookSidecars [rfe_id:2667][crit:medium][vendor:cnv-qe@redhat.com][level:component] VMI definition with SM BIOS hook sidecar should not start with hook sidecar annotation when the version is not provided" classname="Tests Suite" time="8.577060651"></testcase>
  <testcase name="Guest Access Credentials with secret and configDrive propagation should have ssh-key under authorized keys" classname="Tests Suite" time="67.239525848"></testcase>
  <testcase name="[ref_id:1182]Probes for readiness should succeed [test_id:1202][posneg:positive]with working TCP probe and tcp server,no ip family specified " classname="Tests Suite" time="40.448058808"></testcase>
  <testcase name="[ref_id:1182]Probes for readiness should succeed [test_id:1200][posneg:positive]with working HTTP probe and http server on ipv4" classname="Tests Suite" time="32.341075055"></testcase>
  <testcase name="[ref_id:1182]Probes for liveness should not fail the VMI [test_id:1199][posneg:positive]with working TCP probe and tcp server, no ip family is specified" classname="Tests Suite" time="156.584967117"></testcase>
  <testcase name="[ref_id:1182]Probes for liveness should not fail the VMI [test_id:1201][posneg:positive]with working HTTP probe and http server on ipv4" classname="Tests Suite" time="156.436272925"></testcase>
  <testcase name="[rfe_id:609]VMIheadless [rfe_id:609]Creating a VirtualMachineInstance with headless [test_id:707]should create headless vmi without any issue" classname="Tests Suite" time="10.662457828"></testcase>
  <testcase name="[rfe_id:609]VMIheadless [rfe_id:609]Creating a VirtualMachineInstance with headless [test_id:714][posneg:positive]should not have vnc graphic device in xml" classname="Tests Suite" time="10.847357983"></testcase>
  <testcase name="[rfe_id:609]VMIheadless [rfe_id:609]Creating a VirtualMachineInstance with headless [test_id:737][posneg:positive]should match memory with overcommit enabled" classname="Tests Suite" time="10.664426064"></testcase>
  <testcase name="[rfe_id:609]VMIheadless [rfe_id:609]Creating a VirtualMachineInstance with headless [test_id:2444][posneg:negative]should not match memory with overcommit disabled" classname="Tests Suite" time="10.859145318"></testcase>
  <testcase name="[rfe_id:609]VMIheadless [rfe_id:609]Creating a VirtualMachineInstance with headless [test_id:713]should have more memory on pod when headless" classname="Tests Suite" time="17.902769593"></testcase>
  <testcase name="[rfe_id:609]VMIheadless [rfe_id:609]Creating a VirtualMachineInstance with headless [test_id:738][posneg:negative]should not connect to VNC" classname="Tests Suite" time="11.269370879"></testcase>
  <testcase name="[rfe_id:609]VMIheadless [rfe_id:609]Creating a VirtualMachineInstance with headless [test_id:709][posneg:positive]should connect to console" classname="Tests Suite" time="15.585716743999999"></testcase>
  <testcase name="[rfe_id:609]VMIheadless [rfe_id:609]Creating a VirtualMachineInstance without headless [test_id:714][posneg:negative]should have one vnc graphic device in xml" classname="Tests Suite" time="9.8183562"></testcase>
  <testcase name="[rfe_id:609][crit:medium][vendor:cnv-qe@redhat.com][level:component]VMIPreset CRD Validation [test_id:1595]Should reject POST if schema is invalid" classname="Tests Suite" time="3.62925526"></testcase>
  <testcase name="[rfe_id:609][crit:medium][vendor:cnv-qe@redhat.com][level:component]VMIPreset Preset Matching [test_id:1597]Should be accepted on POST" classname="Tests Suite" time="5.405955826"></testcase>
  <testcase name="[rfe_id:609][crit:medium][vendor:cnv-qe@redhat.com][level:component]VMIPreset Preset Matching [test_id:1601]Should accept presets that don&#39;t conflict with VirtualMachineInstance settings" classname="Tests Suite" time="15.469073541"></testcase>
  <testcase name="[rfe_id:609][crit:medium][vendor:cnv-qe@redhat.com][level:component]VMIPreset Preset Matching [test_id:1603]Should not be applied to existing VMIs" classname="Tests Suite" time="12.684002609"></testcase>
  <testcase name="[rfe_id:609][crit:medium][vendor:cnv-qe@redhat.com][level:component]VMIPreset Preset Lifecycle [test_id:617][rfe_id:609] should create and delete preset" classname="Tests Suite" time="3.794927429"></testcase>
  <testcase name="Controller devices with ephemeral disk a scsi controller should appear if enabled" classname="Tests Suite" time="8.633118066"></testcase>
  <testcase name="CloudInitHookSidecars VMI definition with CloudInit hook sidecar [test_id:3169]should have cloud-init user-data from sidecar" classname="Tests Suite" time="36.42411697"></testcase>
  <testcase name="Configurations [rfe_id:897][crit:medium][vendor:cnv-qe@redhat.com][level:component]for CPU and memory limits should [test_id:3111]lead to get the guaranteed QOS class assigned when limit and requests are identical" classname="Tests Suite" time="4.636334441"></testcase>
  <testcase name="Configurations VirtualMachineInstance definition [rfe_id:140][crit:medium][vendor:cnv-qe@redhat.com][level:component]with no memory requested [test_id:3113]should failed to the VMI creation" classname="Tests Suite" time="4.573591317"></testcase>
  <testcase name="Configurations VirtualMachineInstance definition [rfe_id:140][crit:medium][vendor:cnv-qe@redhat.com][level:component]with diverging guest memory from requested memory [test_id:1669]should show the requested guest memory inside the VMI" classname="Tests Suite" time="31.970130316"></testcase>
  <testcase name="Configurations VirtualMachineInstance definition [rfe_id:140][crit:medium][vendor:cnv-qe@redhat.com][level:component]with support memory over commitment [test_id:755]should show the requested memory different than guest memory" classname="Tests Suite" time="37.346057972"></testcase>
  <testcase name="Configurations VirtualMachineInstance definition [rfe_id:3078][crit:medium][vendor:cnv-qe@redhat.com][level:component]with usb controller [test_id:3117]should start the VMI with usb controller when input device doesn&#39;t have bus" classname="Tests Suite" time="20.751510936"></testcase>
  <testcase name="Configurations VirtualMachineInstance definition [rfe_id:3077][crit:medium][vendor:cnv-qe@redhat.com][level:component]with input devices [test_id:3073]should start the VMI with tablet input device with usb bus" classname="Tests Suite" time="21.739226211"></testcase>
  <testcase name="Configurations VirtualMachineInstance definition [rfe_id:140][crit:medium][vendor:cnv-qe@redhat.com][level:component]with hugepages with unsupported page size [test_id:1673]should failed to schedule the pod" classname="Tests Suite" time="4.825306617"></testcase>
  <testcase name="Configurations VirtualMachineInstance definition [rfe_id:893][crit:medium][vendor:cnv-qe@redhat.com][level:component]with rng [test_id:1675]should not have the virtio rng device when not present" classname="Tests Suite" time="21.143449408"></testcase>
  <testcase name="Configurations [rfe_id:140][crit:medium][vendor:cnv-qe@redhat.com][level:component]with CPU spec [rfe_id:140][crit:medium][vendor:cnv-qe@redhat.com][level:component]when CPU model defined [test_id:1678]should report defined CPU model" classname="Tests Suite" time="59.440250837"></testcase>
  <testcase name="Configurations with a custom scheduler [test_id:4631]schould set the custom scheduler on the pod" classname="Tests Suite" time="4.641503986"></testcase>
  <testcase name="Configurations [rfe_id:140][crit:medium][vendor:cnv-qe@redhat.com][level:component]with CPU request settings [test_id:3127]should set CPU request from VMI spec" classname="Tests Suite" time="5.5907410330000005"></testcase>
  <testcase name="Configurations [rfe_id:140][crit:medium][vendor:cnv-qe@redhat.com][level:component]with CPU request settings [test_id:3128]should set CPU request when it is not provided" classname="Tests Suite" time="5.795738838"></testcase>
  <testcase name="Configurations [rfe_id:898][crit:medium][vendor:cnv-qe@redhat.com][level:component]New VirtualMachineInstance with all supported drives [test_id:1682]should have all the device nodes" classname="Tests Suite" time="34.709408885"></testcase>
  <testcase name="Configurations Custom PCI Addresses configuration should configure custom pci address [test_id:5269]across all available PCI root bus slots" classname="Tests Suite" time="71.211508304"></testcase>
  <testcase name="Configurations Check KVM CPUID advertisement [test_id:5272]test cpuid default" classname="Tests Suite" time="65.782444349"></testcase>
  <testcase name="[rfe_id:3423][crit:high][vendor:cnv-qe@redhat.com][level:component]VmWatch [test_id:3468]Should update vm status with the proper columns using &#39;kubectl get vm -w&#39;" classname="Tests Suite" time="3.934871746"></testcase>
  <testcase name="[rfe_id:127][posneg:negative][crit:medium][vendor:cnv-qe@redhat.com][level:component]Console [rfe_id:127][posneg:negative][crit:medium][vendor:cnv-qe@redhat.com][level:component]A new VirtualMachineInstance with a serial console with a fedora image [test_id:1589]should return that we are running fedora" classname="Tests Suite" time="33.267209284"></testcase>
  <testcase name="[rfe_id:127][posneg:negative][crit:medium][vendor:cnv-qe@redhat.com][level:component]Console [rfe_id:127][posneg:negative][crit:medium][vendor:cnv-qe@redhat.com][level:component]A new VirtualMachineInstance with a serial console [test_id:1591]should close console connection when new console connection is opened" classname="Tests Suite" time="21.431815892"></testcase>
  <testcase name="[rfe_id:127][posneg:negative][crit:medium][vendor:cnv-qe@redhat.com][level:component]Console [rfe_id:127][posneg:negative][crit:medium][vendor:cnv-qe@redhat.com][level:component]A new VirtualMachineInstance without a serial console [test_id:4116]should create the vmi without any issue" classname="Tests Suite" time="9.651648306"></testcase>
  <testcase name="[rfe_id:127][posneg:negative][crit:medium][vendor:cnv-qe@redhat.com][level:component]Console [rfe_id:127][posneg:negative][crit:medium][vendor:cnv-qe@redhat.com][level:component]A new VirtualMachineInstance without a serial console [test_id:4117]should not have the  serial console in xml" classname="Tests Suite" time="10.822800577"></testcase>
  <testcase name="[rfe_id:127][posneg:negative][crit:medium][vendor:cnv-qe@redhat.com][level:component]Console [rfe_id:127][posneg:negative][crit:medium][vendor:cnv-qe@redhat.com][level:component]A new VirtualMachineInstance without a serial console [test_id:4118]should not connect to the serial console" classname="Tests Suite" time="11.724143896"></testcase>
  <testcase name="Subresource Api [rfe_id:1195][crit:medium][vendor:cnv-qe@redhat.com][level:component] Rbac Authorization For Version Command with authenticated user [test_id:3172]should be allowed to access subresource version endpoint" classname="Tests Suite" time="6.016827748"></testcase>
  <testcase name="Subresource Api [rfe_id:1177][crit:medium][vendor:cnv-qe@redhat.com][level:component] VirtualMachine subresource with a restart endpoint [test_id:1305][posneg:negative] should return an error when VM is not running" classname="Tests Suite" time="4.410416399"></testcase>
  <testcase name="Subresource Api [rfe_id:1177][crit:medium][vendor:cnv-qe@redhat.com][level:component] VirtualMachine subresource With manual RunStrategy [test_id:3174]Should not restart when VM is not running" classname="Tests Suite" time="5.399947913"></testcase>
  <testcase name="Subresource Api [rfe_id:1177][crit:medium][vendor:cnv-qe@redhat.com][level:component] VirtualMachine subresource With manual RunStrategy [test_id:3175]Should restart when VM is running" classname="Tests Suite" time="25.517683855"></testcase>
  <testcase name="[rfe_id:500][crit:high][vendor:cnv-qe@redhat.com][level:component]User Access With default kubevirt service accounts should verify permissions on resources are correct for view, edit, and admin [test_id:526]given a vmi" classname="Tests Suite" time="6.432156092"></testcase>
  <testcase name="[rfe_id:500][crit:high][vendor:cnv-qe@redhat.com][level:component]User Access With default kubevirt service accounts should verify permissions on resources are correct for view, edit, and admin [test_id:528]given a vmi preset" classname="Tests Suite" time="6.2698637569999995"></testcase>
  <testcase name="[rfe_id:500][crit:high][vendor:cnv-qe@redhat.com][level:component]User Access With default kubevirt service accounts should verify permissions on resources are correct for view, edit, and admin [test_id:3230]given a vmi migration" classname="Tests Suite" time="6.340091404"></testcase>
  <testcase name="[rfe_id:500][crit:high][vendor:cnv-qe@redhat.com][level:component]User Access With default kubevirt service accounts should verify permissions on resources are correct for view, edit, and admin [test_id:5245]given a vmsrestore" classname="Tests Suite" time="6.303528999"></testcase>
  <testcase name="[rfe_id:500][crit:high][vendor:cnv-qe@redhat.com][level:component]User Access With default kubevirt service accounts should verify permissions on subresources are correct for view, edit, and admin [test_id:3234]on vm restart" classname="Tests Suite" time="7.810046228"></testcase>
  <testcase name="[rfe_id:273][crit:high][vendor:cnv-qe@redhat.com][level:component]VMIlifecycle [rfe_id:273][crit:high][vendor:cnv-qe@redhat.com][level:component]Creating a VirtualMachineInstance [test_id:1621]should attach virt-launcher to it" classname="Tests Suite" time="11.012458881"></testcase>
  <testcase name="[rfe_id:273][crit:high][vendor:cnv-qe@redhat.com][level:component]VMIlifecycle [rfe_id:273][crit:high][vendor:cnv-qe@redhat.com][level:component]Creating a VirtualMachineInstance [test_id:1622]should log libvirtd logs" classname="Tests Suite" time="10.732078754"></testcase>
  <testcase name="[rfe_id:273][crit:high][vendor:cnv-qe@redhat.com][level:component]VMIlifecycle [rfe_id:273][crit:high][vendor:cnv-qe@redhat.com][level:component]Creating a VirtualMachineInstance [test_id:1623]should reject POST if validation webhook deems the spec invalid" classname="Tests Suite" time="5.491586991"></testcase>
  <testcase name="[rfe_id:273][crit:high][vendor:cnv-qe@redhat.com][level:component]VMIlifecycle [rfe_id:273][crit:high][vendor:cnv-qe@redhat.com][level:component]Creating a VirtualMachineInstance with boot order [rfe_id:273][crit:high][vendor:cnv-qe@redhat.com][level:component]should be able to boot from selected disk [test_id:1627]Alpine as first boot" classname="Tests Suite" time="23.086596612"></testcase>
  <testcase name="[rfe_id:273][crit:high][vendor:cnv-qe@redhat.com][level:component]VMIlifecycle [rfe_id:273][crit:high][vendor:cnv-qe@redhat.com][level:component]Creating a VirtualMachineInstance with affinity [test_id:1638]the vmi with node affinity and anti-pod affinity should not be scheduled" classname="Tests Suite" time="12.506886816"></testcase>
  <testcase name="[rfe_id:273][crit:high][vendor:cnv-qe@redhat.com][level:component]VMIlifecycle [rfe_id:273][crit:high][vendor:cnv-qe@redhat.com][level:component]Creating a VirtualMachineInstance VM Accelerated Mode [test_id:1646]should request a KVM and TUN device" classname="Tests Suite" time="12.485495323"></testcase>
  <testcase name="[rfe_id:273][crit:high][vendor:cnv-qe@redhat.com][level:component]VMIlifecycle [rfe_id:273][crit:high][vendor:cnv-qe@redhat.com][level:component]Delete a VirtualMachineInstance with ACPI and 0 grace period seconds [test_id:1652]should result in vmi status failed" classname="Tests Suite" time="34.189321756"></testcase>
  <testcase name="[rfe_id:273][crit:high][vendor:cnv-qe@redhat.com][level:component]VMIlifecycle [rfe_id:273][crit:high][vendor:cnv-qe@redhat.com][level:component]Delete a VirtualMachineInstance with grace period greater than 0 [test_id:1655]should run graceful shutdown" classname="Tests Suite" time="17.148823995"></testcase>
  <testcase name="[rfe_id:3064][crit:medium][vendor:cnv-qe@redhat.com][level:component]Pausing A valid VMI when paused via virtctl [test_id:3079]should signal paused state with condition" classname="Tests Suite" time="13.503694318"></testcase>
  <testcase name="[rfe_id:3064][crit:medium][vendor:cnv-qe@redhat.com][level:component]Pausing A valid VMI when paused via virtctl [test_id:3080]should signal unpaused state with removed condition" classname="Tests Suite" time="14.740117643"></testcase>
  <testcase name="[rfe_id:3064][crit:medium][vendor:cnv-qe@redhat.com][level:component]Pausing A valid VM when paused via virtctl [test_id:3059]should signal paused state with condition" classname="Tests Suite" time="14.749319624"></testcase>
  <testcase name="[rfe_id:3064][crit:medium][vendor:cnv-qe@redhat.com][level:component]Pausing A valid VM when paused via virtctl [test_id:3060]should signal unpaused state with removed condition" classname="Tests Suite" time="16.856518709"></testcase>
  <testcase name="[rfe_id:3064][crit:medium][vendor:cnv-qe@redhat.com][level:component]Pausing A valid VM when paused via virtctl [test_id:3229]should gracefully handle being started again" classname="Tests Suite" time="13.795243715"></testcase>
  <testcase name="[rfe_id:3064][crit:medium][vendor:cnv-qe@redhat.com][level:component]Pausing A valid VM when paused via virtctl [test_id:3086]should not be migrated" classname="Tests Suite" time="13.770926336"></testcase>
  <testcase name="[rfe_id:3064][crit:medium][vendor:cnv-qe@redhat.com][level:component]Pausing A valid VM when paused via virtctl [test_id:3084]should gracefully handle vnc connection" classname="Tests Suite" time="13.794092669"></testcase>
  <testcase name="[rfe_id:151][crit:high][vendor:cnv-qe@redhat.com][level:component]CloudInit UserData [rfe_id:151][crit:medium][vendor:cnv-qe@redhat.com][level:component]A new VirtualMachineInstance with cloudInitNoCloud userDataBase64 source [test_id:1615]should have cloud-init data" classname="Tests Suite" time="23.457989681"></testcase>
  <testcase name="[rfe_id:151][crit:high][vendor:cnv-qe@redhat.com][level:component]CloudInit UserData [rfe_id:151][crit:medium][vendor:cnv-qe@redhat.com][level:component]A new VirtualMachineInstance with cloudInitConfigDrive userDataBase64 source [test_id:3178]should have cloud-init data" classname="Tests Suite" time="25.646838246"></testcase>
  <testcase name="[rfe_id:151][crit:high][vendor:cnv-qe@redhat.com][level:component]CloudInit UserData [rfe_id:151][crit:medium][vendor:cnv-qe@redhat.com][level:component]A new VirtualMachineInstance with cloudInitNoCloud userData source [test_id:1617]should process provided cloud-init data" classname="Tests Suite" time="42.497115104"></testcase>
  <testcase name="[rfe_id:151][crit:high][vendor:cnv-qe@redhat.com][level:component]CloudInit UserData [rfe_id:151][crit:medium][vendor:cnv-qe@redhat.com][level:component]A new VirtualMachineInstance [test_id:1618]should take user-data from k8s secret" classname="Tests Suite" time="25.832280708"></testcase>
  <testcase name="[rfe_id:151][crit:high][vendor:cnv-qe@redhat.com][level:component]CloudInit UserData [rfe_id:151][crit:medium][vendor:cnv-qe@redhat.com][level:component]A new VirtualMachineInstance with cloudInitNoCloud networkData [test_id:3183]should have cloud-init network-config from k8s secret" classname="Tests Suite" time="33.263051747"></testcase>
  <testcase name="[rfe_id:151][crit:high][vendor:cnv-qe@redhat.com][level:component]CloudInit UserData [rfe_id:151][crit:medium][vendor:cnv-qe@redhat.com][level:component]A new VirtualMachineInstance with cloudInitConfigDrive networkData [test_id:3185]should have cloud-init network-config with NetworkDataBase64 source" classname="Tests Suite" time="30.828645364"></testcase>
  <testcase name="[rfe_id:151][crit:high][vendor:cnv-qe@redhat.com][level:component]CloudInit UserData [rfe_id:151][crit:medium][vendor:cnv-qe@redhat.com][level:component]A new VirtualMachineInstance with cloudInitConfigDrive networkData [test_id:3187]should have cloud-init userdata and network-config from separate k8s secrets with lowercase labels" classname="Tests Suite" time="32.630840854"></testcase>
  <testcase name="[rfe_id:1177][crit:medium][vendor:cnv-qe@redhat.com][level:component]VirtualMachine A valid VirtualMachine given cpu/memory in requests/limits should allow int type" classname="Tests Suite" time="24.799764654"></testcase>
  <testcase name="[rfe_id:1177][crit:medium][vendor:cnv-qe@redhat.com][level:component]VirtualMachine A valid VirtualMachine given [test_id:1521]should remove VirtualMachineInstance once the VM is marked for deletion with ContainerDisk" classname="Tests Suite" time="3.636071166"></testcase>
  <testcase name="[rfe_id:1177][crit:medium][vendor:cnv-qe@redhat.com][level:component]VirtualMachine A valid VirtualMachine given [test_id:1522]should remove owner references on the VirtualMachineInstance if it is orphan deleted" classname="Tests Suite" time="7.410518953"></testcase>
  <testcase name="[rfe_id:1177][crit:medium][vendor:cnv-qe@redhat.com][level:component]VirtualMachine A valid VirtualMachine given [test_id:1524]should recreate VirtualMachineInstance if the VirtualMachineInstance&#39;s pod gets deleted" classname="Tests Suite" time="82.363889262"></testcase>
  <testcase name="[rfe_id:1177][crit:medium][vendor:cnv-qe@redhat.com][level:component]VirtualMachine A valid VirtualMachine given [test_id:4645]should set the Ready condition on VM" classname="Tests Suite" time="43.237232094"></testcase>
  <testcase name="[rfe_id:1177][crit:medium][vendor:cnv-qe@redhat.com][level:component]VirtualMachine A valid VirtualMachine given Using virtctl interface [test_id:1529]should start a VirtualMachineInstance once" classname="Tests Suite" time="10.658767932"></testcase>
[...]
    <skipped></skipped>
  </testcase>
  <testcase name="[Serial][rfe_id:393][crit:high][vendor:cnv-qe@redhat.com][level:system] VM Live Migration Starting a VirtualMachineInstance  migration monitor [test_id:2227] should abort a vmi migration without progress" classname="Tests Suite" time="0">
    <skipped></skipped>
  </testcase>
  <testcase name="[Serial][rfe_id:393][crit:high][vendor:cnv-qe@redhat.com][level:system] VM Live Migration Starting a VirtualMachineInstance  rook-ceph live migration cancelation should be able to cancel a migration [test_id:2731] with OCS Disk (using ISCSI IPv4 address)" classname="Tests Suite" time="6.170034282">
    <skipped></skipped>
  </testcase>
  <testcase name="[Serial]DataVolume Integration [rfe_id:3188][crit:high][vendor:cnv-qe@redhat.com][level:system] DataVolume clone permission checking using Alpine import/clone deny then allow clone request on rook-ceph [test_id:3193]with explicit role" classname="Tests Suite" time="2.413177209">
    <skipped></skipped>
  </testcase>
  <testcase name="[Serial]DataVolume Integration [rfe_id:3188][crit:high][vendor:cnv-qe@redhat.com][level:system] DataVolume clone permission checking using Alpine import/clone deny then allow clone request on rook-ceph [test_id:3194]with implicit role" classname="Tests Suite" time="4.402403827">
    <skipped></skipped>
  </testcase>
  <testcase name="[Serial]DataVolume Integration [rfe_id:3188][crit:high][vendor:cnv-qe@redhat.com][level:system] DataVolume clone permission checking using Alpine import/clone deny then allow clone request on rook-ceph [test_id:5253]with explicit role (all namespaces)" classname="Tests Suite" time="4.397654077">
    <skipped></skipped>
  </testcase>
  <testcase name="[Serial]DataVolume Integration [rfe_id:3188][crit:high][vendor:cnv-qe@redhat.com][level:system] DataVolume clone permission checking using Alpine import/clone deny then allow clone request on rook-ceph [test_id:5254]with explicit role (one namespace)" classname="Tests Suite" time="4.400141691">
    <skipped></skipped>
  </testcase>
  <testcase name="[Serial]Windows VirtualMachineInstance [test_id:487]should succeed to start a vmi" classname="Tests Suite" time="4.588805056">
    <skipped></skipped>
  </testcase>
  <testcase name="[Serial]Windows VirtualMachineInstance [test_id:488]should succeed to stop a running vmi" classname="Tests Suite" time="4.600462194">
    <skipped></skipped>
  </testcase>
  <testcase name="[Serial]Windows VirtualMachineInstance [ref_id:139]with winrm connection [test_id:240]should have correct UUID" classname="Tests Suite" time="4.600657343">
    <skipped></skipped>
  </testcase>
  <testcase name="[Serial]Windows VirtualMachineInstance [ref_id:139]with winrm connection [test_id:3159]should have default masquerade IP" classname="Tests Suite" time="4.5997449">
    <skipped></skipped>
  </testcase>
  <testcase name="[Serial]Windows VirtualMachineInstance [ref_id:139]with winrm connection [test_id:3160]should have the domain set properly" classname="Tests Suite" time="4.599210307">
    <skipped></skipped>
  </testcase>
  <testcase name="[Serial]Windows VirtualMachineInstance [ref_id:142]with kubectl command [test_id:223]should succeed to start a vmi" classname="Tests Suite" time="4.600538728">
    <skipped></skipped>
  </testcase>
  <testcase name="[Serial]Windows VirtualMachineInstance [ref_id:142]with kubectl command [test_id:239]should succeed to stop a vmi" classname="Tests Suite" time="4.599481095">
    <skipped></skipped>
  </testcase>
  <testcase name="[rfe_id:1177][crit:medium][vendor:cnv-qe@redhat.com][level:component]VirtualMachine A valid VirtualMachine given [test_id:1525]should stop VirtualMachineInstance if running set to false [Serial]with OCS Filesystem Disk" classname="Tests Suite" time="4.397054026">
    <skipped></skipped>
  </testcase>
  <testcase name="[rfe_id:1177][crit:medium][vendor:cnv-qe@redhat.com][level:component]VirtualMachine A valid VirtualMachine given [test_id:1525]should stop VirtualMachineInstance if running set to false [Serial]with OCS Block Disk" classname="Tests Suite" time="4.404077113">
    <skipped></skipped>
  </testcase>
  <testcase name="Storage Starting a VirtualMachineInstance [rfe_id:3106][crit:medium][vendor:cnv-qe@redhat.com][level:component]with Alpine PVC should be successfully started with NFS Disk PVC using ipv6 address of the NFS pod" classname="Tests Suite" time="0">
    <skipped></skipped>
  </testcase>
  <testcase name="Storage Starting a VirtualMachineInstance [rfe_id:3106][crit:medium][vendor:cnv-qe@redhat.com][level:component]with Alpine PVC should be successfully started with NFS Disk PVC using ipv4 address of the NFS pod not owned by qemu" classname="Tests Suite" time="0">
    <skipped></skipped>
  </testcase>
  <testcase name="[sig-storage] Hotplug rook-ceph Online VM should add/remove volume with DataVolume immediate attach, VMI directly" classname="Tests Suite" time="3.406798241">
    <skipped></skipped>
  </testcase>
  <testcase name="[sig-storage] Hotplug rook-ceph Online VM Should be able to add and remove multiple volumes with VMs" classname="Tests Suite" time="5.398426454">
    <skipped></skipped>
  </testcase>
  <testcase name="[sig-storage] Hotplug rook-ceph Online VM Should be able to add and remove and re-add multiple volumes with VMs" classname="Tests Suite" time="5.398834821">
    <skipped></skipped>
  </testcase>
  <testcase name="[sig-storage] Hotplug rook-ceph Online VM should hotplug and permanently add volume when added to VM" classname="Tests Suite" time="5.40241911">
    <skipped></skipped>
  </testcase>
  <testcase name="[sig-storage] Hotplug rook-ceph VMI only should mark VMI failed, if an attachment pod is deleted" classname="Tests Suite" time="5.397997283">
    <skipped></skipped>
  </testcase>
  <testcase name="[Serial]ImageUpload Upload an image and start a VMI with PVC on rook-ceph [test_id:4621] Should succeed DataVolume" classname="Tests Suite" time="0.372800155">
    <skipped></skipped>
  </testcase>
  <testcase name="[Serial]ImageUpload Upload an image and start a VMI with PVC on rook-ceph [test_id:4621] Should succeed PVC" classname="Tests Suite" time="0.215217801">
    <skipped></skipped>
  </testcase>
  <testcase name="[Serial]Multus [rfe_id:694][crit:medium][vendor:cnv-qe@redhat.com][level:component]VirtualMachineInstance using different types of interfaces. VirtualMachineInstance with cni ptp plugin interface [test_id:1751]should create a virtual machine with one interface" classname="Tests Suite" time="0">
    <skipped></skipped>
  </testcase>
  <testcase name="[Serial]Multus [rfe_id:694][crit:medium][vendor:cnv-qe@redhat.com][level:component]VirtualMachineInstance using different types of interfaces. VirtualMachineInstance with cni ptp plugin interface [test_id:1752]should create a virtual machine with one interface with network definition from different namespace" classname="Tests Suite" time="0">
    <skipped></skipped>
  </testcase>
  <testcase name="[Serial]Multus [rfe_id:694][crit:medium][vendor:cnv-qe@redhat.com][level:component]VirtualMachineInstance using different types of interfaces. VirtualMachineInstance with cni ptp plugin interface [test_id:1753]should create a virtual machine with two interfaces" classname="Tests Suite" time="0">
    <skipped></skipped>
  </testcase>
  <testcase name="[Serial]Multus [rfe_id:694][crit:medium][vendor:cnv-qe@redhat.com][level:component]VirtualMachineInstance using different types of interfaces. VirtualMachineInstance with multus network as default network [test_id:1751]should create a virtual machine with one interface with multus default network definition" classname="Tests Suite" time="0">
    <skipped></skipped>
  </testcase>
  <testcase name="[Serial]Multus [rfe_id:694][crit:medium][vendor:cnv-qe@redhat.com][level:component]VirtualMachineInstance using different types of interfaces. VirtualMachineInstance with cni ptp plugin interface with custom MAC address [test_id:1705]should configure valid custom MAC address on ptp interface when using tuning plugin" classname="Tests Suite" time="0">
    <skipped></skipped>
  </testcase>
  <testcase name="[Serial]Multus [rfe_id:694][crit:medium][vendor:cnv-qe@redhat.com][level:component]VirtualMachineInstance using different types of interfaces. VirtualMachineInstance with Linux bridge plugin interface [test_id:1577]should create two virtual machines with one interface" classname="Tests Suite" time="0">
    <skipped></skipped>
  </testcase>
  <testcase name="[Serial]Multus [rfe_id:694][crit:medium][vendor:cnv-qe@redhat.com][level:component]VirtualMachineInstance using different types of interfaces. VirtualMachineInstance with Linux bridge plugin interface [test_id:1578]should create two virtual machines with two interfaces" classname="Tests Suite" time="0">
    <skipped></skipped>
  </testcase>
  <testcase name="[Serial]Multus [rfe_id:694][crit:medium][vendor:cnv-qe@redhat.com][level:component]VirtualMachineInstance using different types of interfaces. VirtualMachineInstance with Linux bridge CNI plugin interface and custom MAC address. [test_id:676]should configure valid custom MAC address on Linux bridge CNI interface." classname="Tests Suite" time="0">
    <skipped></skipped>
  </testcase>
  <testcase name="[Serial]Multus [rfe_id:694][crit:medium][vendor:cnv-qe@redhat.com][level:component]VirtualMachineInstance using different types of interfaces. Single VirtualMachineInstance with Linux bridge CNI plugin interface [test_id:1756]should report all interfaces in Status" classname="Tests Suite" time="0">
    <skipped></skipped>
  </testcase>
  <testcase name="[Serial]Multus [rfe_id:694][crit:medium][vendor:cnv-qe@redhat.com][level:component]VirtualMachineInstance using different types of interfaces. VirtualMachineInstance with invalid MAC address [test_id:1713]should failed to start with invalid MAC address" classname="Tests Suite" time="0">
    <skipped></skipped>
  </testcase>
  <testcase name="[Serial]Multus [rfe_id:1758][crit:medium][vendor:cnv-qe@redhat.com][level:component]VirtualMachineInstance definition with qemu guest agent [test_id:1757] should report guest interfaces in VMI status" classname="Tests Suite" time="0">
    <skipped></skipped>
  </testcase>
  <testcase name="[Serial]Macvtap a virtual machine with one macvtap interface, with a custom MAC address should have the specified MAC address reported back via the API" classname="Tests Suite" time="0">
    <skipped></skipped>
  </testcase>
  <testcase name="[Serial]Macvtap a virtual machine with one macvtap interface, with a custom MAC address and another virtual machine connected to the same network can communicate with the virtual machine in the same network" classname="Tests Suite" time="0">
    <skipped></skipped>
  </testcase>
  <testcase name="[Serial]Macvtap VMI migration should be successful when the VMI MAC address is defined in its spec" classname="Tests Suite" time="0">
    <skipped></skipped>
  </testcase>
  <testcase name="[Serial]Macvtap VMI migration with live traffic should keep connectivity after a migration" classname="Tests Suite" time="0">
    <skipped></skipped>
  </testcase>
  <testcase name="Ensure stable functionality by repeately starting vmis many times without issues" classname="Tests Suite" time="0">
    <skipped></skipped>
  </testcase>
  <testcase name="[Serial]VirtualMachineSnapshot Tests rook-ceph With more complicated VM [test_id:4611]should successfully create a snapshot" classname="Tests Suite" time="0.002435502">
    <skipped></skipped>
  </testcase>
  <testcase name="[Serial]VirtualMachineSnapshot Tests rook-ceph With more complicated VM VM should contain snapshot status for all volumes" classname="Tests Suite" time="0.002015801">
    <skipped></skipped>
  </testcase>
  <testcase name="[Serial]VirtualMachineSnapshot Tests rook-ceph With more complicated VM should error if VolumeSnapshot deleted" classname="Tests Suite" time="0.007140332">
    <skipped></skipped>
  </testcase>
  <testcase name="[Serial]VirtualMachineSnapshot Tests rook-ceph With more complicated VM should not error if VolumeSnapshot has error" classname="Tests Suite" time="0.002417445">
    <skipped></skipped>
  </testcase>
  <testcase name="[Serial]Operator [rfe_id:2291][crit:high][vendor:cnv-qe@redhat.com][level:component]infrastructure management [rfe_id:2897][crit:medium][vendor:cnv-qe@redhat.com][level:component]With OpenShift cluster [test_id:2910]Should have kubevirt SCCs created" classname="Tests Suite" time="5.075156844">
    <skipped></skipped>
  </testcase>
  <testcase name="[Serial]Operator With PrometheusRule Enabled [test_id:4614]Checks if the kubevirt PrometheusRule cr exists and verify it&#39;s spec" classname="Tests Suite" time="5.785729034">
    <skipped></skipped>
  </testcase>
  <testcase name="[Serial]Operator [rfe_id:2937][crit:medium][vendor:cnv-qe@redhat.com][level:component]With ServiceMonitor Enabled [test_id:2936]Should allow Prometheus to scrape KubeVirt endpoints" classname="Tests Suite" time="7.003565618">
    <skipped></skipped>
  </testcase>
  <testcase name="[Serial]Operator [rfe_id:2937][crit:medium][vendor:cnv-qe@redhat.com][level:component]With ServiceMonitor Enabled [test_id:4616]Should patch our namespace labels with openshift.io/cluster-monitoring=true" classname="Tests Suite" time="9.855733147">
    <skipped></skipped>
  </testcase>
  <testcase name="[rfe_id:127][posneg:negative][crit:medium][vendor:cnv-qe@redhat.com][level:component]Console [rfe_id:127][posneg:negative][crit:medium][vendor:cnv-qe@redhat.com][level:component]A new VirtualMachineInstance with a serial console with an alpine image should return that we are running alpine [test_id:4637]with OCS Filesystem Disk" classname="Tests Suite" time="3.617814419">
    <skipped></skipped>
  </testcase>
  <testcase name="[rfe_id:127][posneg:negative][crit:medium][vendor:cnv-qe@redhat.com][level:component]Console [rfe_id:127][posneg:negative][crit:medium][vendor:cnv-qe@redhat.com][level:component]A new VirtualMachineInstance with a serial console with an alpine image should return that we are running alpine [test_id:4638]with OCS Block Disk" classname="Tests Suite" time="5.396684165">
    <skipped></skipped>
  </testcase>
  <testcase name="[rfe_id:273][crit:high][vendor:cnv-qe@redhat.com][level:component]VMIlifecycle [rfe_id:273][crit:high][vendor:cnv-qe@redhat.com][level:component]Creating a VirtualMachineInstance VirtualMachineInstance Emulation Mode [test_id:1643]should enable emulation in virt-launcher" classname="Tests Suite" time="4.792604807">
    <skipped></skipped>
  </testcase>
  <testcase name="[rfe_id:273][crit:high][vendor:cnv-qe@redhat.com][level:component]VMIlifecycle [rfe_id:273][crit:high][vendor:cnv-qe@redhat.com][level:component]Creating a VirtualMachineInstance VirtualMachineInstance Emulation Mode [test_id:1644]should be reflected in domain XML" classname="Tests Suite" time="5.997115972">
    <skipped></skipped>
  </testcase>
  <testcase name="[rfe_id:273][crit:high][vendor:cnv-qe@redhat.com][level:component]VMIlifecycle [rfe_id:273][crit:high][vendor:cnv-qe@redhat.com][level:component]Creating a VirtualMachineInstance VirtualMachineInstance Emulation Mode [test_id:1645]should request a TUN device but not KVM" classname="Tests Suite" time="5.998524715">
    <skipped></skipped>
  </testcase>
  <testcase name="[Serial]Templates Creating VM from Template with Fedora Template [test_id:3292]should succeed to create VirtualMachine via oc command" classname="Tests Suite" time="0.000317655">
    <skipped></skipped>
  </testcase>
  <testcase name="[Serial]Templates Creating VM from Template with Fedora Template [test_id:3293]should fail to delete VirtualMachine via oc command" classname="Tests Suite" time="0.000256261">
    <skipped></skipped>
  </testcase>
  <testcase name="[Serial]Templates Creating VM from Template with Fedora Template when the VirtualMachine was created [test_id:3294]should succeed to start the VirtualMachine via oc command" classname="Tests Suite" time="0.000228951">
    <skipped></skipped>
  </testcase>
  <testcase name="[Serial]Templates Creating VM from Template with Fedora Template when the VirtualMachine was created [test_id:3295]should succeed to delete VirtualMachine via oc command" classname="Tests Suite" time="0.000225274">
    <skipped></skipped>
  </testcase>
  <testcase name="[Serial]Templates Creating VM from Template with Fedora Template when the VirtualMachine was created [test_id:3308]should fail to create the same VirtualMachine via oc command" classname="Tests Suite" time="0.000228527">
    <skipped></skipped>
  </testcase>
  <testcase name="[Serial]Templates Creating VM from Template [rfe_id:273][crit:medium][vendor:cnv-qe@redhat.com][level:component]with RHEL Template [test_id:3292]should succeed to create VirtualMachine via oc command" classname="Tests Suite" time="0.000228077">
    <skipped></skipped>
  </testcase>
  <testcase name="[Serial]Templates Creating VM from Template [rfe_id:273][crit:medium][vendor:cnv-qe@redhat.com][level:component]with RHEL Template [test_id:3293]should fail to delete VirtualMachine via oc command" classname="Tests Suite" time="0.000226294">
    <skipped></skipped>
  </testcase>
  <testcase name="[Serial]Templates Creating VM from Template [rfe_id:273][crit:medium][vendor:cnv-qe@redhat.com][level:component]with RHEL Template when the VirtualMachine was created [test_id:3294]should succeed to start the VirtualMachine via oc command" classname="Tests Suite" time="0.000222242">
    <skipped></skipped>
  </testcase>
  <testcase name="[Serial]Templates Creating VM from Template [rfe_id:273][crit:medium][vendor:cnv-qe@redhat.com][level:component]with RHEL Template when the VirtualMachine was created [test_id:3295]should succeed to delete VirtualMachine via oc command" classname="Tests Suite" time="0.000224566">
    <skipped></skipped>
  </testcase>
  <testcase name="[Serial]Templates Creating VM from Template [rfe_id:273][crit:medium][vendor:cnv-qe@redhat.com][level:component]with RHEL Template when the VirtualMachine was created [test_id:3308]should fail to create the same VirtualMachine via oc command" classname="Tests Suite" time="0.000224395">
    <skipped></skipped>
  </testcase>
  <testcase name="[rfe_id:1177][crit:medium][vendor:cnv-qe@redhat.com][level:component]VirtualMachine A valid VirtualMachine given [test_id:1520]should update VirtualMachine once VMIs are up [Serial]with OCS Filesystem Disk" classname="Tests Suite" time="4.928127925">
    <skipped></skipped>
  </testcase>
  <testcase name="[rfe_id:1177][crit:medium][vendor:cnv-qe@redhat.com][level:component]VirtualMachine A valid VirtualMachine given [test_id:1520]should update VirtualMachine once VMIs are up [Serial]with OCS Block Disk" classname="Tests Suite" time="4.404527872">
    <skipped></skipped>
  </testcase>
  <testcase name="[rfe_id:1177][crit:medium][vendor:cnv-qe@redhat.com][level:component]VirtualMachine A valid VirtualMachine given [test_id:1521]should remove VirtualMachineInstance once the VM is marked for deletion [Serial]with OCS Filesystem Disk" classname="Tests Suite" time="4.395073281">
    <skipped></skipped>
  </testcase>
  <testcase name="[rfe_id:1177][crit:medium][vendor:cnv-qe@redhat.com][level:component]VirtualMachine A valid VirtualMachine given [test_id:1521]should remove VirtualMachineInstance once the VM is marked for deletion [Serial]with OCS Block Disk" classname="Tests Suite" time="4.402337613">
    <skipped></skipped>
  </testcase>
  <testcase name="[rfe_id:1177][crit:medium][vendor:cnv-qe@redhat.com][level:component]VirtualMachine [rfe_id:273]with oc/kubectl as ordinary OCP user trough test service account should succeed with right rights [test_id:2839]should create VM via command line" classname="Tests Suite" time="5.375587644">
    <skipped></skipped>
  </testcase>
</testsuite>