<testsuite name="Merged Test Suite" tests="617" failures="0" errors="0" time="19591.153">
  <testcase name="HookSidecars [rfe_id:2667][crit:medium][vendor:cnv-qe@redhat.com][level:component] VMI definition with SM BIOS hook sidecar [test_id:3155]should successfully start with hook sidecar annotation" classname="Tests Suite" time="15.444485674"></testcase>
  <testcase name="HookSidecars [rfe_id:2667][crit:medium][vendor:cnv-qe@redhat.com][level:component] VMI definition with SM BIOS hook sidecar [test_id:3157]should call Collect and OnDefineDomain on the hook sidecar" classname="Tests Suite" time="12.691113234"></testcase>
  <testcase name="HookSidecars [rfe_id:2667][crit:medium][vendor:cnv-qe@redhat.com][level:component] VMI definition with SM BIOS hook sidecar should not start with hook sidecar annotation when the version is not provided" classname="Tests Suite" time="8.59974071"></testcase>
  <testcase name="Guest Access Credentials with secret and configDrive propagation should have ssh-key under authorized keys" classname="Tests Suite" time="68.681903052"></testcase>
  <testcase name="[ref_id:1182]Probes for readiness should succeed [test_id:1202][posneg:positive]with working TCP probe and tcp server,no ip family specified " classname="Tests Suite" time="32.847396492"></testcase>
  <testcase name="[ref_id:1182]Probes for readiness should succeed [test_id:1200][posneg:positive]with working HTTP probe and http server on ipv4" classname="Tests Suite" time="35.338488528"></testcase>
  <testcase name="[ref_id:1182]Probes for readiness should fail [test_id:1219][posneg:negative]with working HTTP probe and no running server" classname="Tests Suite" time="12.264305584"></testcase>
  <testcase name="[ref_id:1182]Probes for liveness should not fail the VMI [test_id:1199][posneg:positive]with working TCP probe and tcp server on ipv6" classname="Tests Suite" time="134.081710294"></testcase>
  <testcase name="[ref_id:1182]Probes for liveness should not fail the VMI [test_id:1201][posneg:positive]with working HTTP probe and http server, no ip family is specified" classname="Tests Suite" time="153.396459219"></testcase>
  <testcase name="[ref_id:1182]Probes for liveness should fail the VMI [test_id:1218][posneg:negative]with working HTTP probe and no running server" classname="Tests Suite" time="117.194135926"></testcase>
  <testcase name="[rfe_id:609][crit:medium][vendor:cnv-qe@redhat.com][level:component]VMIPreset Preset Matching [test_id:1599]Should return 404 if VMIPreset does not exist" classname="Tests Suite" time="3.606349302"></testcase>
  <testcase name="[rfe_id:609][crit:medium][vendor:cnv-qe@redhat.com][level:component]VMIPreset Preset Matching [test_id:1602]Should ignore VMIs that don&#39;t match" classname="Tests Suite" time="15.462296368"></testcase>
  <testcase name="[rfe_id:609][crit:medium][vendor:cnv-qe@redhat.com][level:component]VMIPreset Conflict [test_id:1605]should denied to start the VMI" classname="Tests Suite" time="6.621255138"></testcase>
  <testcase name="[rfe_id:609][crit:medium][vendor:cnv-qe@redhat.com][level:component]VMIPreset Override [test_id:644][rfe_id:609] should override presets" classname="Tests Suite" time="6.458220406"></testcase>
  <testcase name="[rfe_id:609][crit:medium][vendor:cnv-qe@redhat.com][level:component]VMIPreset [rfe_id:613]MatchLabels [test_id:672] Should match multiple VMs via MatchLabel" classname="Tests Suite" time="6.805624666"></testcase>
  <testcase name="CloudInitHookSidecars VMI definition with CloudInit hook sidecar [test_id:3167]should successfully start with hook sidecar annotation" classname="Tests Suite" time="3.590112017"></testcase>
  <testcase name="CloudInitHookSidecars VMI definition with CloudInit hook sidecar [test_id:3169]should have cloud-init user-data from sidecar" classname="Tests Suite" time="37.792062682"></testcase>
  <testcase name="Configurations [rfe_id:897][crit:medium][vendor:cnv-qe@redhat.com][level:component]for CPU and memory limits should [test_id:3112]lead to get the guaranteed QOS class assigned when only limits are set" classname="Tests Suite" time="4.634703667"></testcase>
  <testcase name="Configurations VirtualMachineInstance definition with BIOS bootloader method and no disk [test_id:5265]should find no bootable device by default" classname="Tests Suite" time="38.710099378"></testcase>
  <testcase name="Configurations VirtualMachineInstance definition [rfe_id:609][crit:medium][vendor:cnv-qe@redhat.com][level:component]Support memory over commitment test [test_id:730]Check OverCommit VM Created and Started" classname="Tests Suite" time="10.689465174"></testcase>
  <testcase name="Configurations VirtualMachineInstance definition [rfe_id:609][crit:medium][vendor:cnv-qe@redhat.com][level:component]Support memory over commitment test [test_id:731]Check OverCommit status on VMI" classname="Tests Suite" time="11.825674234"></testcase>
  <testcase name="Configurations VirtualMachineInstance definition [rfe_id:3078][crit:medium][vendor:cnv-qe@redhat.com][level:component]with usb controller [test_id:3117]should start the VMI with usb controller when usb device is present" classname="Tests Suite" time="19.189539442"></testcase>
  <testcase name="Configurations VirtualMachineInstance definition [rfe_id:3078][crit:medium][vendor:cnv-qe@redhat.com][level:component]with usb controller [test_id:3118]should start the VMI without usb controller" classname="Tests Suite" time="18.865833311"></testcase>
  <testcase name="Configurations VirtualMachineInstance definition [rfe_id:140][crit:medium][vendor:cnv-qe@redhat.com][level:component]with namespace memory limits lower than VMI required memory [test_id:1670]should failed to start the VMI" classname="Tests Suite" time="3.817365894"></testcase>
  <testcase name="Configurations VirtualMachineInstance definition [rfe_id:140][crit:medium][vendor:cnv-qe@redhat.com][level:component]with namespace cpu limits lower than VMI required cpu [test_id:3119]should fail to start the VMI" classname="Tests Suite" time="5.594918327"></testcase>
  <testcase name="Configurations VirtualMachineInstance definition [rfe_id:140][crit:medium][vendor:cnv-qe@redhat.com][level:component]with hugepages with unsupported page size [test_id:1673]should failed to schedule the pod" classname="Tests Suite" time="6.611546697"></testcase>
  <testcase name="Configurations VirtualMachineInstance definition [rfe_id:893][crit:medium][vendor:cnv-qe@redhat.com][level:component]with rng [test_id:1675]should not have the virtio rng device when not present" classname="Tests Suite" time="19.628004192"></testcase>
  <testcase name="Configurations VirtualMachineInstance definition with Clock and timezone [test_id:5268]guest should see timezone" classname="Tests Suite" time="33.015308523"></testcase>
  <testcase name="Configurations [rfe_id:140][crit:medium][vendor:cnv-qe@redhat.com][level:component]with CPU spec [rfe_id:140][crit:medium][vendor:cnv-qe@redhat.com][level:component]when CPU model not defined [test_id:1680]should report CPU model from libvirt capabilities" classname="Tests Suite" time="44.251138505"></testcase>
  <testcase name="Configurations [rfe_id:898][crit:medium][vendor:cnv-qe@redhat.com][level:component]New VirtualMachineInstance with all supported drives [test_id:1020]should not create the VM with wrong PCI address" classname="Tests Suite" time="11.668066151"></testcase>
  <testcase name="Configurations With ephemeral CD-ROM For various bus types [test_id:3777] Should be accepted when using sata" classname="Tests Suite" time="3.620354699"></testcase>
  <testcase name="Configurations With ephemeral CD-ROM For various bus types [test_id:3809] Should be accepted when using scsi" classname="Tests Suite" time="5.597967311"></testcase>
  <testcase name="Configurations With ephemeral CD-ROM For various bus types [test_id:3776] Should be rejected when using virtio" classname="Tests Suite" time="5.59626696"></testcase>
  <testcase name="Configurations With ephemeral CD-ROM For various bus types [test_id:3808] Should be rejected when using ide" classname="Tests Suite" time="5.398426285"></testcase>
  <testcase name="Configurations Custom PCI Addresses configuration should configure custom pci address [test_id:5270]across all available PCI functions of a single slot" classname="Tests Suite" time="66.93028039"></testcase>
  <testcase name="Configurations Check KVM CPUID advertisement [test_id:5272]test cpuid default" classname="Tests Suite" time="67.405401287"></testcase>
  <testcase name="[rfe_id:127][posneg:negative][crit:medium][vendor:cnv-qe@redhat.com][level:component]Console [rfe_id:127][posneg:negative][crit:medium][vendor:cnv-qe@redhat.com][level:component]A new VirtualMachineInstance with a serial console with a cirros image [test_id:1588]should return that we are running cirros" classname="Tests Suite" time="25.667572305"></testcase>
  <testcase name="[rfe_id:127][posneg:negative][crit:medium][vendor:cnv-qe@redhat.com][level:component]Console [rfe_id:127][posneg:negative][crit:medium][vendor:cnv-qe@redhat.com][level:component]A new VirtualMachineInstance with a serial console with an alpine image should return that we are running alpine [test_id:4636]with ContainerDisk" classname="Tests Suite" time="19.611504202"></testcase>
  <testcase name="[rfe_id:127][posneg:negative][crit:medium][vendor:cnv-qe@redhat.com][level:component]Console [rfe_id:127][posneg:negative][crit:medium][vendor:cnv-qe@redhat.com][level:component]A new VirtualMachineInstance with a serial console [test_id:1592]should wait until the virtual machine is in running state and return a stream interface" classname="Tests Suite" time="10.850408312"></testcase>
  <testcase name="[rfe_id:127][posneg:negative][crit:medium][vendor:cnv-qe@redhat.com][level:component]Console [rfe_id:127][posneg:negative][crit:medium][vendor:cnv-qe@redhat.com][level:component]A new VirtualMachineInstance with a serial console [test_id:1594]should fail waiting for the expecter" classname="Tests Suite" time="34.38220591"></testcase>
  <testcase name="Subresource Api [rfe_id:1195][crit:medium][vendor:cnv-qe@redhat.com][level:component] Rbac Authorization For Version Command with authenticated user [test_id:3172]should be allowed to access subresource version endpoint" classname="Tests Suite" time="5.3139454950000005"></testcase>
  <testcase name="Subresource Api [rfe_id:1177][crit:medium][vendor:cnv-qe@redhat.com][level:component] VirtualMachine subresource with a restart endpoint [test_id:1305][posneg:negative] should return an error when VM is not running" classname="Tests Suite" time="4.723247187"></testcase>
  <testcase name="Subresource Api [rfe_id:1177][crit:medium][vendor:cnv-qe@redhat.com][level:component] VirtualMachine subresource With manual RunStrategy [test_id:3174]Should not restart when VM is not running" classname="Tests Suite" time="5.389685608"></testcase>
  <testcase name="Subresource Api [rfe_id:1177][crit:medium][vendor:cnv-qe@redhat.com][level:component] VirtualMachine subresource With manual RunStrategy [test_id:3175]Should restart when VM is running" classname="Tests Suite" time="26.526197585"></testcase>
  <testcase name="[rfe_id:500][crit:high][vendor:cnv-qe@redhat.com][level:component]User Access With default kubevirt service accounts should verify permissions on resources are correct for view, edit, and admin [test_id:528]given a vmi preset" classname="Tests Suite" time="6.631686178"></testcase>
  <testcase name="[rfe_id:500][crit:high][vendor:cnv-qe@redhat.com][level:component]User Access With default kubevirt service accounts should verify permissions on resources are correct for view, edit, and admin [test_id:3230]given a vmi migration" classname="Tests Suite" time="6.193293296"></testcase>
  <testcase name="[rfe_id:500][crit:high][vendor:cnv-qe@redhat.com][level:component]User Access With default kubevirt service accounts should verify permissions on resources are correct for view, edit, and admin [test_id:5245]given a vmsrestore" classname="Tests Suite" time="6.235637468"></testcase>
  <testcase name="[rfe_id:500][crit:high][vendor:cnv-qe@redhat.com][level:component]User Access With default kubevirt service accounts should verify permissions on subresources are correct for view, edit, and admin [test_id:3234]on vm restart" classname="Tests Suite" time="7.806099459"></testcase>
  <testcase name="[rfe_id:273][crit:high][vendor:cnv-qe@redhat.com][level:component]VMIlifecycle [rfe_id:273][crit:high][vendor:cnv-qe@redhat.com][level:component]Creating a VirtualMachineInstance [test_id:3195]should carry annotations to pod" classname="Tests Suite" time="10.492188296"></testcase>
  <testcase name="[rfe_id:273][crit:high][vendor:cnv-qe@redhat.com][level:component]VMIlifecycle [rfe_id:273][crit:high][vendor:cnv-qe@redhat.com][level:component]Creating a VirtualMachineInstance [test_id:1622]should log libvirtd logs" classname="Tests Suite" time="11.472771711"></testcase>
  <testcase name="[rfe_id:273][crit:high][vendor:cnv-qe@redhat.com][level:component]VMIlifecycle [rfe_id:273][crit:high][vendor:cnv-qe@redhat.com][level:component]Creating a VirtualMachineInstance when name is longer than 63 characters [test_id:1625]should start it" classname="Tests Suite" time="19.276518228"></testcase>
  <testcase name="[rfe_id:273][crit:high][vendor:cnv-qe@redhat.com][level:component]VMIlifecycle [rfe_id:273][crit:high][vendor:cnv-qe@redhat.com][level:component]Creating a VirtualMachineInstance with user-data without k8s secret [test_id:1629][posneg:negative]should not be able to start virt-launcher pod" classname="Tests Suite" time="5.333210733"></testcase>
  <testcase name="[rfe_id:273][crit:high][vendor:cnv-qe@redhat.com][level:component]VMIlifecycle [rfe_id:273][crit:high][vendor:cnv-qe@redhat.com][level:component]Creating a VirtualMachineInstance with affinity [test_id:1637]the vmi with node affinity and no conflicts should be scheduled" classname="Tests Suite" time="12.54523241"></testcase>
  <testcase name="[rfe_id:273][crit:high][vendor:cnv-qe@redhat.com][level:component]VMIlifecycle [rfe_id:273][crit:high][vendor:cnv-qe@redhat.com][level:component]Creating a VirtualMachineInstance with non default namespace [rfe_id:273][crit:high][vendor:cnv-qe@redhat.com][level:component]should log libvirt start and stop lifecycle events of the domain [test_id:1642]kubevirt-test-alternative" classname="Tests Suite" time="17.049450172"></testcase>
  <testcase name="[rfe_id:273][crit:high][vendor:cnv-qe@redhat.com][level:component]VMIlifecycle [rfe_id:273][crit:high][vendor:cnv-qe@redhat.com][level:component]Creating a VirtualMachineInstance VM Accelerated Mode [test_id:1646]should request a KVM and TUN device" classname="Tests Suite" time="11.193485826"></testcase>
  <testcase name="[rfe_id:273][crit:high][vendor:cnv-qe@redhat.com][level:component]VMIlifecycle [rfe_id:273][crit:high][vendor:cnv-qe@redhat.com][level:component]Creating a VirtualMachineInstance VM Accelerated Mode [test_id:1648]Should provide KVM via plugin framework" classname="Tests Suite" time="5.183497724"></testcase>
  <testcase name="[rfe_id:273][crit:high][vendor:cnv-qe@redhat.com][level:component]VMIlifecycle [rfe_id:273][crit:high][vendor:cnv-qe@redhat.com][level:component]Delete a VirtualMachineInstance&#39;s Pod [test_id:1650]should result in the VirtualMachineInstance moving to a finalized state" classname="Tests Suite" time="14.493928679"></testcase>
  <testcase name="[rfe_id:273][crit:high][vendor:cnv-qe@redhat.com][level:component]VMIlifecycle [rfe_id:273][crit:high][vendor:cnv-qe@redhat.com][level:component]Delete a VirtualMachineInstance with ACPI and some grace period seconds [rfe_id:273][crit:medium][vendor:cnv-qe@redhat.com][level:component]should result in vmi status succeeded [test_id:1653]with set grace period seconds" classname="Tests Suite" time="33.60922132"></testcase>
  <testcase name="Version Check that version parameters where loaded by ldflags in build time [test_id:555]Should return a good version information struct" classname="Tests Suite" time="4.200498852"></testcase>
  <testcase name="[rfe_id:3064][crit:medium][vendor:cnv-qe@redhat.com][level:component]Pausing A valid VMI when paused via API [test_id:4597]should signal paused state with condition" classname="Tests Suite" time="16.517757761"></testcase>
  <testcase name="[rfe_id:3064][crit:medium][vendor:cnv-qe@redhat.com][level:component]Pausing A valid VMI when paused via virtctl multiple times [test_id:3225]should signal unpaused state with removed condition at the end" classname="Tests Suite" time="22.963878693"></testcase>
  <testcase name="[rfe_id:3064][crit:medium][vendor:cnv-qe@redhat.com][level:component]Pausing A valid VM when paused via virtctl [test_id:3081]should gracefully handle pausing the VM again" classname="Tests Suite" time="14.846905493"></testcase>
  <testcase name="[rfe_id:3064][crit:medium][vendor:cnv-qe@redhat.com][level:component]Pausing A valid VM when paused via virtctl [test_id:3082]should gracefully handle unpausing again" classname="Tests Suite" time="16.818734205"></testcase>
  <testcase name="[rfe_id:3064][crit:medium][vendor:cnv-qe@redhat.com][level:component]Pausing A valid VM when paused via virtctl [test_id:3226]should be restarted successfully into unpaused state" classname="Tests Suite" time="28.178638984"></testcase>
  <testcase name="[rfe_id:151][crit:high][vendor:cnv-qe@redhat.com][level:component]CloudInit UserData [rfe_id:151][crit:medium][vendor:cnv-qe@redhat.com][level:component]A new VirtualMachineInstance with cloudInitNoCloud userDataBase64 source [test_id:1615]should have cloud-init data" classname="Tests Suite" time="27.85999323"></testcase>
  <testcase name="[rfe_id:151][crit:high][vendor:cnv-qe@redhat.com][level:component]CloudInit UserData [rfe_id:151][crit:medium][vendor:cnv-qe@redhat.com][level:component]A new VirtualMachineInstance with cloudInitConfigDrive userDataBase64 source [test_id:3178]should have cloud-init data" classname="Tests Suite" time="26.558085915"></testcase>
  <testcase name="[rfe_id:151][crit:high][vendor:cnv-qe@redhat.com][level:component]CloudInit UserData [rfe_id:151][crit:medium][vendor:cnv-qe@redhat.com][level:component]A new VirtualMachineInstance with cloudInitNoCloud userData source [test_id:1617]should process provided cloud-init data" classname="Tests Suite" time="44.222311079"></testcase>
  <testcase name="[rfe_id:151][crit:high][vendor:cnv-qe@redhat.com][level:component]CloudInit UserData [rfe_id:151][crit:medium][vendor:cnv-qe@redhat.com][level:component]A new VirtualMachineInstance [test_id:1618]should take user-data from k8s secret" classname="Tests Suite" time="25.211426368"></testcase>
  <testcase name="[rfe_id:151][crit:high][vendor:cnv-qe@redhat.com][level:component]CloudInit UserData [rfe_id:151][crit:medium][vendor:cnv-qe@redhat.com][level:component]A new VirtualMachineInstance with cloudInitNoCloud networkData [test_id:3183]should have cloud-init network-config from k8s secret" classname="Tests Suite" time="32.240516964"></testcase>
  <testcase name="[rfe_id:151][crit:high][vendor:cnv-qe@redhat.com][level:component]CloudInit UserData [rfe_id:151][crit:medium][vendor:cnv-qe@redhat.com][level:component]A new VirtualMachineInstance with cloudInitConfigDrive networkData [test_id:3185]should have cloud-init network-config with NetworkDataBase64 source" classname="Tests Suite" time="32.145908724"></testcase>
  <testcase name="[rfe_id:151][crit:high][vendor:cnv-qe@redhat.com][level:component]CloudInit UserData [rfe_id:151][crit:medium][vendor:cnv-qe@redhat.com][level:component]A new VirtualMachineInstance with cloudInitConfigDrive networkData [test_id:3187]should have cloud-init userdata and network-config from separate k8s secrets with lowercase labels" classname="Tests Suite" time="33.721385814"></testcase>
  <testcase name="[rfe_id:1177][crit:medium][vendor:cnv-qe@redhat.com][level:component]VirtualMachine A valid VirtualMachine given cpu/memory in requests/limits should allow int type" classname="Tests Suite" time="24.774607798"></testcase>
  <testcase name="[rfe_id:1177][crit:medium][vendor:cnv-qe@redhat.com][level:component]VirtualMachine A valid VirtualMachine given [test_id:1521]should remove VirtualMachineInstance once the VM is marked for deletion with ContainerDisk" classname="Tests Suite" time="3.639810871"></testcase>
  <testcase name="[rfe_id:1177][crit:medium][vendor:cnv-qe@redhat.com][level:component]VirtualMachine A valid VirtualMachine given [test_id:1523]should recreate VirtualMachineInstance if it gets deleted" classname="Tests Suite" time="31.68452703"></testcase>
  <testcase name="[rfe_id:1177][crit:medium][vendor:cnv-qe@redhat.com][level:component]VirtualMachine A valid VirtualMachine given [test_id:1527]should not update the VirtualMachineInstance spec if Running" classname="Tests Suite" time="25.817451927"></testcase>
  <testcase name="[rfe_id:1177][crit:medium][vendor:cnv-qe@redhat.com][level:component]VirtualMachine A valid VirtualMachine given [test_id:4645]should set the Ready condition on VM" classname="Tests Suite" time="16.493852976"></testcase>
  <testcase name="[rfe_id:1177][crit:medium][vendor:cnv-qe@redhat.com][level:component]VirtualMachine A valid VirtualMachine given Using virtctl interface [test_id:1529]should start a VirtualMachineInstance once" classname="Tests Suite" time="9.640242644"></testcase>
  <testcase name="[rfe_id:1177][crit:medium][vendor:cnv-qe@redhat.com][level:component]VirtualMachine A valid VirtualMachine given Using virtctl interface [test_id:1530]should stop a VirtualMachineInstance once" classname="Tests Suite" time="37.83861815"></testcase>
  <testcase name="[rfe_id:1177][crit:medium][vendor:cnv-qe@redhat.com][level:component]VirtualMachine A valid VirtualMachine given Using virtctl interface [test_id:3007]Should force restart a VM with terminationGracePeriodSeconds&gt;0" classname="Tests Suite" time="10.494330118"></testcase>
  <testcase name="[rfe_id:1177][crit:medium][vendor:cnv-qe@redhat.com][level:component]VirtualMachine A valid VirtualMachine given Using virtctl interface Using RunStrategyAlways [test_id:3163]should stop a running VM" classname="Tests Suite" time="39.949414955"></testcase>
  <testcase name="[rfe_id:1177][crit:medium][vendor:cnv-qe@redhat.com][level:component]VirtualMachine A valid VirtualMachine given Using virtctl interface Using RunStrategyRerunOnFailure [test_id:2186] should stop a running VM" classname="Tests Suite" time="19.562929389"></testcase>
  <testcase name="[rfe_id:1177][crit:medium][vendor:cnv-qe@redhat.com][level:component]VirtualMachine A valid VirtualMachine given Using virtctl interface Using RunStrategyRerunOnFailure [test_id:2188] should not remove a succeeded VMI" classname="Tests Suite" time="43.112196549"></testcase>
  <testcase name="[rfe_id:1177][crit:medium][vendor:cnv-qe@redhat.com][level:component]VirtualMachine A valid VirtualMachine given Using virtctl interface Using RunStrategyManual [test_id:2190] should not remove a succeeded VMI" classname="Tests Suite" time="53.994316172"></testcase>
  <testcase name="[rfe_id:1177][crit:medium][vendor:cnv-qe@redhat.com][level:component]VirtualMachine [rfe_id:273]with oc/kubectl [test_id:233][posneg:negative]should fail when deleting nonexistent VM" classname="Tests Suite" time="3.696070775"></testcase>
  <testcase name="[rfe_id:1177][crit:medium][vendor:cnv-qe@redhat.com][level:component]VirtualMachine VM rename VM update [test_id:4654]should fail if the new name is already taken" classname="Tests Suite" time="5.374567067"></testcase>
  <testcase name="[rfe_id:1177][crit:medium][vendor:cnv-qe@redhat.com][level:component]VirtualMachine VM rename VM update [test_id:4658]should fail if the VM is running" classname="Tests Suite" time="5.393865095"></testcase>
  <testcase name="[rfe_id:253][crit:medium][vendor:cnv-qe@redhat.com][level:component]Expose Expose service on a VM Expose ClusterIP service [label:masquerade_binding_connectivity]Should expose a Cluster IP service on a VMI and connect to it over IPv6 IP family" classname="Tests Suite" time="54.671905281"></testcase>
  <testcase name="[rfe_id:253][crit:medium][vendor:cnv-qe@redhat.com][level:component]Expose Expose UDP service on a VMI Expose ClusterIP UDP service [label:masquerade_binding_connectivity]Should expose a ClusterIP service on a VMI and connect to it over IPv6 IP family" classname="Tests Suite" time="61.102898927"></testcase>
  <testcase name="[rfe_id:253][crit:medium][vendor:cnv-qe@redhat.com][level:component]Expose Expose service on a VMI replica set Expose ClusterIP service [label:masquerade_binding_connectivity]Should create a ClusterIP service on VMRS and connect to it over IPv6 IP family" classname="Tests Suite" time="77.483949704"></testcase>
  <testcase name="[rfe_id:253][crit:medium][vendor:cnv-qe@redhat.com][level:component]Expose Expose a VM as a service. Expose a VM as a ClusterIP service. [label:masquerade_binding_connectivity]Should verify the exposed service is functional before and after VM restart. [test_id:345] over default IPv4 IP family" classname="Tests Suite" time="63.101423991"></testcase>
  <testcase name="[rfe_id:253][crit:medium][vendor:cnv-qe@redhat.com][level:component]Expose Expose a VM as a service. Expose a VM as a ClusterIP service. [label:masquerade_binding_connectivity]Should Verify an exposed service of a VM is not functional after VM deletion. [test_id:343] over default IPv4 IP family" classname="Tests Suite" time="121.954429513"></testcase>
  <testcase name="[rfe_id:588][crit:medium][vendor:cnv-qe@redhat.com][level:component]ContainerDisk [rfe_id:273][crit:medium][vendor:cnv-qe@redhat.com][level:component]Starting a VirtualMachineInstance with ephemeral registry disk [test_id:1464]should not modify the spec on status update" classname="Tests Suite" time="13.664259141"></testcase>
  <testcase name="[rfe_id:588][crit:medium][vendor:cnv-qe@redhat.com][level:component]ContainerDisk [rfe_id:273][crit:medium][vendor:cnv-qe@redhat.com][level:component]Starting from custom image location with disk at /custom-disk/downloaded [test_id:1466]should boot normally" classname="Tests Suite" time="9.645728599"></testcase>
  <testcase name="[rfe_id:588][crit:medium][vendor:cnv-qe@redhat.com][level:component]ContainerDisk [rfe_id:4052][crit:high][vendor:cnv-qe@redhat.com][level:component]VMI disk permissions with ephemeral registry disk [test_id:4299]should not have world write permissions" classname="Tests Suite" time="19.938489127"></testcase>
  <testcase name="Storage Starting a VirtualMachineInstance [rfe_id:3106][crit:medium][vendor:cnv-qe@redhat.com][level:component]with Alpine PVC should be successfully started [test_id:3131]with CDRom PVC" classname="Tests Suite" time="16.008119106"></testcase>
  <testcase name="Storage Starting a VirtualMachineInstance [rfe_id:3106][crit:medium][vendor:cnv-qe@redhat.com][level:component]with Alpine PVC should be successfully started and stopped multiple times [test_id:3132]with Disk PVC" classname="Tests Suite" time="75.665783615"></testcase>
  <testcase name="Storage Starting a VirtualMachineInstance [rfe_id:3106][crit:medium][vendor:cnv-qe@redhat.com][level:component]With an emptyDisk defined and a specified serial number [test_id:3135]should create a writeable emptyDisk with the specified serial number" classname="Tests Suite" time="36.313897751"></testcase>
  <testcase name="Storage Starting a VirtualMachineInstance Run a VMI with VirtIO-FS and a datavolume should be successfully started and virtiofs could be accessed" classname="Tests Suite" time="74.116714994"></testcase>
  <testcase name="Storage Starting a VirtualMachineInstance [rfe_id:3106][crit:medium][vendor:cnv-qe@redhat.com][level:component]With ephemeral alpine PVC [test_id:3137]should not persist data" classname="Tests Suite" time="32.578625292"></testcase>
  <testcase name="Storage Starting a VirtualMachineInstance [rfe_id:3106][crit:medium][vendor:cnv-qe@redhat.com][level:component]With VirtualMachineInstance with two PVCs [test_id:3138]should start vmi multiple times" classname="Tests Suite" time="46.710419294"></testcase>
  <testcase name="Storage Starting a VirtualMachineInstance [rfe_id:2298][crit:medium][vendor:cnv-qe@redhat.com][level:component] With HostDisk and PVC initialization With a HostDisk defined With &#39;DiskExistsOrCreate&#39; type Should create a disk image and start [test_id:3057]with sata driver" classname="Tests Suite" time="9.947212943"></testcase>
  <testcase name="Storage Starting a VirtualMachineInstance [rfe_id:2298][crit:medium][vendor:cnv-qe@redhat.com][level:component] With HostDisk and PVC initialization With a HostDisk defined With &#39;DiskExistsOrCreate&#39; type [test_id:3107]should start with multiple hostdisks in the same directory" classname="Tests Suite" time="9.11761585"></testcase>
  <testcase name="Storage Starting a VirtualMachineInstance [rfe_id:2298][crit:medium][vendor:cnv-qe@redhat.com][level:component] With HostDisk and PVC initialization With a HostDisk defined With &#39;DiskExists&#39; type [test_id:847]Should fail with a capacity option" classname="Tests Suite" time="6.240262982"></testcase>
  <testcase name="Storage Starting a VirtualMachineInstance [rfe_id:2288][crit:high][vendor:cnv-qe@redhat.com][level:component] With Cirros BlockMode PVC [test_id:1015] should be successfully started" classname="Tests Suite" time="35.090572649"></testcase>
  <testcase name="[sig-storage] Hotplug Offline VM Should add volumes on an offline VM with DataVolume" classname="Tests Suite" time="10.936149117"></testcase>
  <testcase name="HookSidecars [rfe_id:2667][crit:medium][vendor:cnv-qe@redhat.com][level:component] VMI definition with SM BIOS hook sidecar [test_id:3156]should successfully start with hook sidecar annotation for v1alpha2" classname="Tests Suite" time="14.466924598"></testcase>
  <testcase name="HookSidecars [rfe_id:2667][crit:medium][vendor:cnv-qe@redhat.com][level:component] VMI definition with SM BIOS hook sidecar [test_id:3158]should update domain XML with SM BIOS properties" classname="Tests Suite" time="13.159410827"></testcase>
  <testcase name="Guest Access Credentials with qemu guest agent should propagate public ssh keys" classname="Tests Suite" time="77.39435317"></testcase>
  <testcase name="[ref_id:1182]Probes for readiness should succeed [test_id:1202][posneg:positive]with working TCP probe and tcp server on ipv6" classname="Tests Suite" time="28.371186092"></testcase>
  <testcase name="[ref_id:1182]Probes for readiness should succeed [test_id:1202][posneg:positive]with working HTTP probe and http server, no ip family is specified " classname="Tests Suite" time="35.366735513"></testcase>
  <testcase name="[ref_id:1182]Probes for readiness should fail [test_id:1220][posneg:negative]with working TCP probe and no running server" classname="Tests Suite" time="11.256533397"></testcase>
  <testcase name="[ref_id:1182]Probes for liveness should not fail the VMI [test_id:1199][posneg:positive]with working TCP probe and tcp server on ipv4" classname="Tests Suite" time="151.529765531"></testcase>
  <testcase name="[ref_id:1182]Probes for liveness should not fail the VMI [test_id:1201][posneg:positive]with working HTTP probe and http server on ipv6" classname="Tests Suite" time="133.299192826"></testcase>
  <testcase name="[ref_id:1182]Probes for liveness should fail the VMI [test_id:1217][posneg:negative]with working TCP probe and no running server" classname="Tests Suite" time="120.614187524"></testcase>
  <testcase name="[rfe_id:609][crit:medium][vendor:cnv-qe@redhat.com][level:component]VMIPreset Preset Matching [test_id:1598]Should reject a second submission of a VMIPreset" classname="Tests Suite" time="3.617599249"></testcase>
  <testcase name="[rfe_id:609][crit:medium][vendor:cnv-qe@redhat.com][level:component]VMIPreset Preset Matching [test_id:1601]Should accept presets that don&#39;t conflict with VirtualMachineInstance settings" classname="Tests Suite" time="15.449862883"></testcase>
  <testcase name="[rfe_id:609][crit:medium][vendor:cnv-qe@redhat.com][level:component]VMIPreset Exclusions [test_id:1604]Should not apply presets to VirtualMachineInstance&#39;s with the exclusion marking" classname="Tests Suite" time="13.658466311"></testcase>
  <testcase name="[rfe_id:609][crit:medium][vendor:cnv-qe@redhat.com][level:component]VMIPreset Match Expressions [test_id:726] Should match multiple VMs via MatchExpression" classname="Tests Suite" time="6.636999559"></testcase>
  <testcase name="Controller devices with ephemeral disk a scsi controller should NOT appear if disabled" classname="Tests Suite" time="6.216597779"></testcase>
  <testcase name="Configurations with all devices on the root PCI bus [test_id:4623]should start run the guest as usual" classname="Tests Suite" time="29.615275326"></testcase>
  <testcase name="Configurations [rfe_id:897][crit:medium][vendor:cnv-qe@redhat.com][level:component]for CPU and memory limits should [test_id:3110]lead to get the burstable QOS class assigned when limit and requests differ" classname="Tests Suite" time="4.632985004"></testcase>
  <testcase name="Configurations [rfe_id:897][crit:medium][vendor:cnv-qe@redhat.com][level:component]for CPU and memory limits should [test_id:3111]lead to get the guaranteed QOS class assigned when limit and requests are identical" classname="Tests Suite" time="5.596345222"></testcase>
  <testcase name="Configurations VirtualMachineInstance definition [rfe_id:140][crit:medium][vendor:cnv-qe@redhat.com][level:component]with no memory requested [test_id:3113]should failed to the VMI creation" classname="Tests Suite" time="4.5750101149999995"></testcase>
  <testcase name="Configurations VirtualMachineInstance definition with BIOS bootloader method and no disk [test_id:5266]should boot to NIC rom if a boot order was set on a network interface" classname="Tests Suite" time="16.665333559"></testcase>
  <testcase name="Configurations VirtualMachineInstance definition [rfe_id:140][crit:medium][vendor:cnv-qe@redhat.com][level:component]with diverging memory limit from memory request and no guest memory [test_id:3115]should show the memory limit inside the VMI" classname="Tests Suite" time="32.204273925"></testcase>
  <testcase name="Configurations VirtualMachineInstance definition [rfe_id:609][crit:medium][vendor:cnv-qe@redhat.com][level:component]Support memory over commitment test [test_id:732]Check Free memory on the VMI" classname="Tests Suite" time="30.608835569"></testcase>
  <testcase name="Configurations VirtualMachineInstance definition [rfe_id:3077][crit:medium][vendor:cnv-qe@redhat.com][level:component]with input devices [test_id:2642]should failed to start the VMI with wrong type of input device" classname="Tests Suite" time="3.620102236"></testcase>
  <testcase name="Configurations VirtualMachineInstance definition [rfe_id:3077][crit:medium][vendor:cnv-qe@redhat.com][level:component]with input devices [test_id:3074]should failed to start the VMI with wrong bus of input device" classname="Tests Suite" time="5.396156782"></testcase>
  <testcase name="Configurations VirtualMachineInstance definition [rfe_id:3077][crit:medium][vendor:cnv-qe@redhat.com][level:component]with input devices [test_id:3073]should start the VMI with tablet input device with usb bus" classname="Tests Suite" time="22.083278008"></testcase>
  <testcase name="Configurations VirtualMachineInstance definition [rfe_id:893][crit:medium][vendor:cnv-qe@redhat.com][level:component]with rng [test_id:1674]should have the virtio rng device present when present" classname="Tests Suite" time="21.511693254"></testcase>
  <testcase name="Configurations [rfe_id:140][crit:medium][vendor:cnv-qe@redhat.com][level:component]with CPU spec [rfe_id:140][crit:medium][vendor:cnv-qe@redhat.com][level:component]when CPU model defined [test_id:1678]should report defined CPU model" classname="Tests Suite" time="45.40804072"></testcase>
  <testcase name="Configurations [rfe_id:140][crit:medium][vendor:cnv-qe@redhat.com][level:component]with CPU spec when CPU features defined [test_id:3123]should start a Virtaul Machine with matching features" classname="Tests Suite" time="30.915756968"></testcase>
  <testcase name="Configurations [rfe_id:898][crit:medium][vendor:cnv-qe@redhat.com][level:component]New VirtualMachineInstance with all supported drives [test_id:3906]should configure custom Pci address" classname="Tests Suite" time="31.904538061"></testcase>
  <testcase name="Configurations Custom PCI Addresses configuration should configure custom pci address [test_id:5269]across all available PCI root bus slots" classname="Tests Suite" time="68.266527915"></testcase>
  <testcase name="[sig-network] Dual stack cluster network configuration when dual stack cluster configuration is enabled the cluster must be dual stack" classname="Tests Suite" time="0.014228501"></testcase>
  <testcase name="oc/kubectl integration [test_id:3812]explain vm/vmi [test_id:3810]explain vm" classname="Tests Suite" time="4.053714236"></testcase>
  <testcase name="oc/kubectl integration [test_id:3812]explain vm/vmi [test_id:3811]explain vmi" classname="Tests Suite" time="5.370214378"></testcase>
  <testcase name="oc/kubectl integration [test_id:3812]explain vm/vmi [test_id:5178]explain vmim" classname="Tests Suite" time="5.341969657"></testcase>
  <testcase name="oc/kubectl integration [test_id:3812]explain vm/vmi [test_id:5179]explain kv" classname="Tests Suite" time="5.374752394"></testcase>
  <testcase name="oc/kubectl integration [test_id:3812]explain vm/vmi [test_id:5180]explain vmsnapshot" classname="Tests Suite" time="5.396534249"></testcase>
  <testcase name="oc/kubectl integration [test_id:3812]explain vm/vmi [test_id:5181]explain vmsnapshotcontent" classname="Tests Suite" time="5.390465941"></testcase>
  <testcase name="oc/kubectl integration [test_id:5183]vmirs have validation" classname="Tests Suite" time="5.398799084"></testcase>
  <testcase name="oc/kubectl integration [rfe_id:3423][vendor:cnv-qe@redhat.com][level:component]oc/kubectl get vm/vmi tests should verify set of columns for [test_id:3465]virtualmachineinstance" classname="Tests Suite" time="10.398227065"></testcase>
  <testcase name="oc/kubectl integration [rfe_id:3423][vendor:cnv-qe@redhat.com][level:component]oc/kubectl get vm/vmi tests should verify set of wide columns for [test_id:3466]virtualmachineinstance" classname="Tests Suite" time="9.859068948"></testcase>
  <testcase name="oc/kubectl integration [rfe_id:3423][vendor:cnv-qe@redhat.com][level:component]oc/kubectl get vm/vmi tests should verify set of wide columns for [test_id:4422]virtualmachineinstance" classname="Tests Suite" time="8.851761054"></testcase>
  <testcase name="[rfe_id:3423][crit:high][vendor:cnv-qe@redhat.com][level:component]VmWatch [test_id:3466]Should update vmi status with the proper columns using &#39;kubectl get vmi -w&#39;" classname="Tests Suite" time="27.678749346"></testcase>
  <testcase name="[rfe_id:127][posneg:negative][crit:medium][vendor:cnv-qe@redhat.com][level:component]Console [rfe_id:127][posneg:negative][crit:medium][vendor:cnv-qe@redhat.com][level:component]A new VirtualMachineInstance with a serial console [test_id:1591]should close console connection when new console connection is opened" classname="Tests Suite" time="21.527249069"></testcase>
  <testcase name="[rfe_id:127][posneg:negative][crit:medium][vendor:cnv-qe@redhat.com][level:component]Console [rfe_id:127][posneg:negative][crit:medium][vendor:cnv-qe@redhat.com][level:component]A new VirtualMachineInstance without a serial console [test_id:4116]should create the vmi without any issue" classname="Tests Suite" time="9.656176473"></testcase>
  <testcase name="[rfe_id:127][posneg:negative][crit:medium][vendor:cnv-qe@redhat.com][level:component]Console [rfe_id:127][posneg:negative][crit:medium][vendor:cnv-qe@redhat.com][level:component]A new VirtualMachineInstance without a serial console [test_id:4117]should not have the  serial console in xml" classname="Tests Suite" time="9.856216888"></testcase>
  <testcase name="[rfe_id:127][posneg:negative][crit:medium][vendor:cnv-qe@redhat.com][level:component]Console [rfe_id:127][posneg:negative][crit:medium][vendor:cnv-qe@redhat.com][level:component]A new VirtualMachineInstance without a serial console [test_id:4118]should not connect to the serial console" classname="Tests Suite" time="10.672872658"></testcase>
  <testcase name="Subresource Api [rfe_id:1195][crit:medium][vendor:cnv-qe@redhat.com][level:component] Rbac Authorization Without permissions [test_id:3171]should not be able to access subresource endpoint" classname="Tests Suite" time="6.01447841"></testcase>
  <testcase name="Subresource Api [rfe_id:1177][crit:medium][vendor:cnv-qe@redhat.com][level:component] VirtualMachine subresource with a restart endpoint [test_id:1304] should restart a VM" classname="Tests Suite" time="38.614315354"></testcase>
  <testcase name="[rfe_id:500][crit:high][vendor:cnv-qe@redhat.com][level:component]User Access With default kubevirt service accounts should verify permissions on resources are correct for view, edit, and admin [test_id:527]given a vm" classname="Tests Suite" time="6.669833821"></testcase>
  <testcase name="[rfe_id:500][crit:high][vendor:cnv-qe@redhat.com][level:component]User Access With default kubevirt service accounts should verify permissions on resources are correct for view, edit, and admin [test_id:529][crit:low]given a vmi replica set" classname="Tests Suite" time="6.183002145"></testcase>
  <testcase name="[rfe_id:500][crit:high][vendor:cnv-qe@redhat.com][level:component]User Access With default kubevirt service accounts should verify permissions on resources are correct for view, edit, and admin [test_id:5244]given a vmsnapshotcontent" classname="Tests Suite" time="6.259610535"></testcase>
  <testcase name="[rfe_id:500][crit:high][vendor:cnv-qe@redhat.com][level:component]User Access With default kubevirt service accounts should verify permissions on subresources are correct for view, edit, and admin [test_id:3233]on vm stop" classname="Tests Suite" time="7.806429511"></testcase>
  <testcase name="[rfe_id:273][crit:high][vendor:cnv-qe@redhat.com][level:component]VMIlifecycle [rfe_id:273][crit:high][vendor:cnv-qe@redhat.com][level:component]Creating a VirtualMachineInstance [test_id:1621]should attach virt-launcher to it" classname="Tests Suite" time="10.531217961"></testcase>
  <testcase name="[rfe_id:273][crit:high][vendor:cnv-qe@redhat.com][level:component]VMIlifecycle [rfe_id:273][crit:high][vendor:cnv-qe@redhat.com][level:component]Creating a VirtualMachineInstance [test_id:3196]should carry kubernetes and kubevirt annotations to pod" classname="Tests Suite" time="10.631141799"></testcase>
  <testcase name="[rfe_id:273][crit:high][vendor:cnv-qe@redhat.com][level:component]VMIlifecycle [rfe_id:273][crit:high][vendor:cnv-qe@redhat.com][level:component]Creating a VirtualMachineInstance [test_id:1623]should reject POST if validation webhook deems the spec invalid" classname="Tests Suite" time="4.98241542"></testcase>
  <testcase name="[rfe_id:273][crit:high][vendor:cnv-qe@redhat.com][level:component]VMIlifecycle [rfe_id:273][crit:high][vendor:cnv-qe@redhat.com][level:component]Creating a VirtualMachineInstance when it already exist [test_id:1626]should be rejected" classname="Tests Suite" time="6.000239047"></testcase>
  <testcase name="[rfe_id:273][crit:high][vendor:cnv-qe@redhat.com][level:component]VMIlifecycle [rfe_id:273][crit:high][vendor:cnv-qe@redhat.com][level:component]Creating a VirtualMachineInstance with boot order [rfe_id:273][crit:high][vendor:cnv-qe@redhat.com][level:component]should be able to boot from selected disk [test_id:1628]Cirros as first boot" classname="Tests Suite" time="17.392452894"></testcase>
  <testcase name="[rfe_id:273][crit:high][vendor:cnv-qe@redhat.com][level:component]VMIlifecycle [rfe_id:273][crit:high][vendor:cnv-qe@redhat.com][level:component]Creating a VirtualMachineInstance with affinity [test_id:1638]the vmi with node affinity and anti-pod affinity should not be scheduled" classname="Tests Suite" time="12.511564908"></testcase>
  <testcase name="[rfe_id:273][crit:high][vendor:cnv-qe@redhat.com][level:component]VMIlifecycle [rfe_id:273][crit:high][vendor:cnv-qe@redhat.com][level:component]Creating a VirtualMachineInstance VM Accelerated Mode [test_id:1647]should not enable emulation in virt-launcher" classname="Tests Suite" time="12.474556479"></testcase>
  <testcase name="[rfe_id:273][crit:high][vendor:cnv-qe@redhat.com][level:component]VMIlifecycle [rfe_id:273][crit:high][vendor:cnv-qe@redhat.com][level:component]Get a VirtualMachineInstance when that not exist [test_id:1649]should return 404" classname="Tests Suite" time="4.98168943"></testcase>
  <testcase name="[rfe_id:273][crit:high][vendor:cnv-qe@redhat.com][level:component]VMIlifecycle [rfe_id:273][crit:high][vendor:cnv-qe@redhat.com][level:component]Delete a VirtualMachineInstance with an active pod. [test_id:1651]should result in pod being terminated" classname="Tests Suite" time="30.150436584"></testcase>
  <testcase name="[rfe_id:273][crit:high][vendor:cnv-qe@redhat.com][level:component]VMIlifecycle [rfe_id:273][crit:high][vendor:cnv-qe@redhat.com][level:component]Delete a VirtualMachineInstance with ACPI and some grace period seconds [rfe_id:273][crit:medium][vendor:cnv-qe@redhat.com][level:component]should result in vmi status succeeded [test_id:1654]with default grace period seconds" classname="Tests Suite" time="41.588982473"></testcase>
  <testcase name="[rfe_id:3064][crit:medium][vendor:cnv-qe@redhat.com][level:component]Pausing A valid VMI with a LivenessProbe configured when paused via virtctl [test_id:3224]should not be paused" classname="Tests Suite" time="12.257148286"></testcase>
  <testcase name="[rfe_id:3064][crit:medium][vendor:cnv-qe@redhat.com][level:component]Pausing A valid VM when paused via virtctl [test_id:3059]should signal paused state with condition" classname="Tests Suite" time="13.761681687"></testcase>
  <testcase name="[rfe_id:3064][crit:medium][vendor:cnv-qe@redhat.com][level:component]Pausing A valid VM when paused via virtctl [test_id:3060]should signal unpaused state with removed condition" classname="Tests Suite" time="16.771502719"></testcase>
  <testcase name="[rfe_id:3064][crit:medium][vendor:cnv-qe@redhat.com][level:component]Pausing A valid VM when paused via virtctl [test_id:3229]should gracefully handle being started again" classname="Tests Suite" time="14.848369648"></testcase>
  <testcase name="[rfe_id:3064][crit:medium][vendor:cnv-qe@redhat.com][level:component]Pausing A valid VM when paused via virtctl [test_id:3083]should gracefully handle console connection" classname="Tests Suite" time="17.116481809"></testcase>
  <testcase name="[rfe_id:3064][crit:medium][vendor:cnv-qe@redhat.com][level:component]Pausing Guest and Host uptime difference before pause [test_id:3090]should be less than uptime difference after pause" classname="Tests Suite" time="49.852897966"></testcase>
  <testcase name="[rfe_id:151][crit:high][vendor:cnv-qe@redhat.com][level:component]CloudInit UserData [rfe_id:151][crit:medium][vendor:cnv-qe@redhat.com][level:component]A new VirtualMachineInstance with cloudInitConfigDrive userDataBase64 source with injected ssh-key [test_id:3178]should have ssh-key under authorized keys" classname="Tests Suite" time="60.798368343"></testcase>
  <testcase name="[rfe_id:151][crit:high][vendor:cnv-qe@redhat.com][level:component]CloudInit UserData [rfe_id:151][crit:medium][vendor:cnv-qe@redhat.com][level:component]A new VirtualMachineInstance with cloudInitNoCloud networkData [test_id:3181]should have cloud-init network-config with NetworkData source" classname="Tests Suite" time="30.248067421000002"></testcase>
  <testcase name="[rfe_id:151][crit:high][vendor:cnv-qe@redhat.com][level:component]CloudInit UserData [rfe_id:151][crit:medium][vendor:cnv-qe@redhat.com][level:component]A new VirtualMachineInstance with cloudInitConfigDrive networkData [test_id:3184]should have cloud-init network-config with NetworkData source" classname="Tests Suite" time="34.291679373"></testcase>
  <testcase name="[rfe_id:151][crit:high][vendor:cnv-qe@redhat.com][level:component]CloudInit UserData [rfe_id:151][crit:medium][vendor:cnv-qe@redhat.com][level:component]A new VirtualMachineInstance with cloudInitConfigDrive networkData [test_id:3186]should have cloud-init network-config from k8s secret" classname="Tests Suite" time="37.754470715"></testcase>
  <testcase name="[rfe_id:1177][crit:medium][vendor:cnv-qe@redhat.com][level:component]VirtualMachine An invalid VirtualMachine given [test_id:1518]should be rejected on POST" classname="Tests Suite" time="3.625068358"></testcase>
  <testcase name="[rfe_id:1177][crit:medium][vendor:cnv-qe@redhat.com][level:component]VirtualMachine An invalid VirtualMachine given [test_id:1519]should reject POST if validation webhoook deems the spec is invalid" classname="Tests Suite" time="5.400075384"></testcase>
  <testcase name="[rfe_id:1177][crit:medium][vendor:cnv-qe@redhat.com][level:component]VirtualMachine An invalid VirtualMachine given with a PVC from a Datavolume [test_id:4643]should NOT be rejected when VM template lists a DataVolume, but VM lists PVC VolumeSource" classname="Tests Suite" time="6.612793914"></testcase>
  <testcase name="[rfe_id:1177][crit:medium][vendor:cnv-qe@redhat.com][level:component]VirtualMachine A valid VirtualMachine given [test_id:3161]should carry annotations to VMI" classname="Tests Suite" time="5.644938942"></testcase>
  <testcase name="[rfe_id:1177][crit:medium][vendor:cnv-qe@redhat.com][level:component]VirtualMachine A valid VirtualMachine given [test_id:3162]should ignore kubernetes and kubevirt annotations to VMI" classname="Tests Suite" time="5.71975098"></testcase>
  <testcase name="[rfe_id:1177][crit:medium][vendor:cnv-qe@redhat.com][level:component]VirtualMachine A valid VirtualMachine given [test_id:1520]should update VirtualMachine once VMIs are up with ContainerDisk" classname="Tests Suite" time="12.229765009"></testcase>
  <testcase name="[rfe_id:1177][crit:medium][vendor:cnv-qe@redhat.com][level:component]VirtualMachine A valid VirtualMachine given [test_id:1524]should recreate VirtualMachineInstance if the VirtualMachineInstance&#39;s pod gets deleted" classname="Tests Suite" time="46.84526898"></testcase>
  <testcase name="[rfe_id:1177][crit:medium][vendor:cnv-qe@redhat.com][level:component]VirtualMachine A valid VirtualMachine given [test_id:1528]should survive guest shutdown, multiple times" classname="Tests Suite" time="116.750120236"></testcase>
  <testcase name="[rfe_id:1177][crit:medium][vendor:cnv-qe@redhat.com][level:component]VirtualMachine A valid VirtualMachine given Using virtctl interface Using RunStrategyAlways [test_id:4119]should migrate a running VM" classname="Tests Suite" time="19.944790249"></testcase>
  <testcase name="[rfe_id:1177][crit:medium][vendor:cnv-qe@redhat.com][level:component]VirtualMachine A valid VirtualMachine given Using virtctl interface Using RunStrategyRerunOnFailure [test_id:2187] should restart a running VM" classname="Tests Suite" time="20.951364513"></testcase>
  <testcase name="[rfe_id:1177][crit:medium][vendor:cnv-qe@redhat.com][level:component]VirtualMachine A valid VirtualMachine given Using virtctl interface Using RunStrategyManual [test_id:2036] should start" classname="Tests Suite" time="10.686176668"></testcase>
  <testcase name="[rfe_id:1177][crit:medium][vendor:cnv-qe@redhat.com][level:component]VirtualMachine A valid VirtualMachine given Using virtctl interface Using RunStrategyManual [test_id:2035] should restart" classname="Tests Suite" time="45.952713995"></testcase>
  <testcase name="[rfe_id:1177][crit:medium][vendor:cnv-qe@redhat.com][level:component]VirtualMachine A valid VirtualMachine given VM rename [test_id:4651]should reject renaming a VM with invalid name" classname="Tests Suite" time="3.650361251"></testcase>
  <testcase name="[rfe_id:1177][crit:medium][vendor:cnv-qe@redhat.com][level:component]VirtualMachine A valid VirtualMachine given VM rename [test_id:4652]should reject renaming a VM if the new name is taken" classname="Tests Suite" time="5.393950117"></testcase>
  <testcase name="[rfe_id:1177][crit:medium][vendor:cnv-qe@redhat.com][level:component]VirtualMachine [rfe_id:273]with oc/kubectl [test_id:299]should create VM via command line using all supported API versions with v1 api" classname="Tests Suite" time="12.80665595"></testcase>
  <testcase name="[rfe_id:1177][crit:medium][vendor:cnv-qe@redhat.com][level:component]VirtualMachine [rfe_id:273]with oc/kubectl [test_id:264]should create and delete via command line" classname="Tests Suite" time="14.560563279"></testcase>
  <testcase name="[rfe_id:1177][crit:medium][vendor:cnv-qe@redhat.com][level:component]VirtualMachine VM rename VM update [test_id:4655]should fail if the new name is empty" classname="Tests Suite" time="3.420302825"></testcase>
  <testcase name="[rfe_id:1177][crit:medium][vendor:cnv-qe@redhat.com][level:component]VirtualMachine VM rename VM update [test_id:4657]should fail if the new name is identical to the current name" classname="Tests Suite" time="5.400199981"></testcase>
  <testcase name="[rfe_id:253][crit:medium][vendor:cnv-qe@redhat.com][level:component]Expose Expose service on a VM Expose ClusterIP service [label:masquerade_binding_connectivity]Should expose a Cluster IP service on a VMI and connect to it [test_id:1531] over default IPv4 IP family" classname="Tests Suite" time="34.889721173"></testcase>
  <testcase name="[rfe_id:253][crit:medium][vendor:cnv-qe@redhat.com][level:component]Expose Expose service on a VM Expose ClusterIP service with string target-port Should expose a ClusterIP service and connect to the vm on port 80 over IPv6 IP family" classname="Tests Suite" time="1.030575967"></testcase>
  <testcase name="[rfe_id:253][crit:medium][vendor:cnv-qe@redhat.com][level:component]Expose Expose service on a VM Expose ClusterIP service with ports on the vmi defined Should expose a ClusterIP service and connect to all ports defined on the vmi [test_id:1533] over default IPv4 IP family" classname="Tests Suite" time="1.023647419"></testcase>
  <testcase name="[rfe_id:253][crit:medium][vendor:cnv-qe@redhat.com][level:component]Expose Expose service on a VM Expose ClusterIP service with ports on the vmi defined Should expose a ClusterIP service and connect to all ports defined on the vmi over IPv6 IP family" classname="Tests Suite" time="1.02358465"></testcase>
  <testcase name="[rfe_id:253][crit:medium][vendor:cnv-qe@redhat.com][level:component]Expose Expose service on a VM Expose NodePort service [label:masquerade_binding_connectivity]Should expose a NodePort service on a VMI and connect to it [test_id:1534] over default IPv4 IP family" classname="Tests Suite" time="4.059800084"></testcase>
  <testcase name="[rfe_id:253][crit:medium][vendor:cnv-qe@redhat.com][level:component]Expose Expose service on a VM Expose NodePort service [label:masquerade_binding_connectivity]Should expose a NodePort service on a VMI and connect to it over IPv6 IP family" classname="Tests Suite" time="44.376500678"></testcase>
  <testcase name="[rfe_id:253][crit:medium][vendor:cnv-qe@redhat.com][level:component]Expose Expose UDP service on a VMI Expose NodePort UDP service [label:masquerade_binding_connectivity]Should expose a NodePort service on a VMI and connect to it over IPv6 IP family" classname="Tests Suite" time="115.849543797"></testcase>
  <testcase name="[rfe_id:253][crit:medium][vendor:cnv-qe@redhat.com][level:component]Expose Expose a VM as a service. Expose a VM as a ClusterIP service. [label:masquerade_binding_connectivity]Should verify the exposed service is functional before and after VM restart. over IPv6 IP family" classname="Tests Suite" time="110.352347462"></testcase>
  <testcase name="[rfe_id:588][crit:medium][vendor:cnv-qe@redhat.com][level:component]ContainerDisk should [test_id:3246]generate and set Always pull policy" classname="Tests Suite" time="5.228083001"></testcase>
  <testcase name="[rfe_id:588][crit:medium][vendor:cnv-qe@redhat.com][level:component]ContainerDisk should [test_id:3247]generate and set Always pull policy" classname="Tests Suite" time="5.797652784"></testcase>
  <testcase name="[rfe_id:588][crit:medium][vendor:cnv-qe@redhat.com][level:component]ContainerDisk should [test_id:3248]generate and set IfNotPresent pull policy" classname="Tests Suite" time="5.798122417"></testcase>
  <testcase name="[rfe_id:588][crit:medium][vendor:cnv-qe@redhat.com][level:component]ContainerDisk should [test_id:3249]pass through Never pull policy to the pod" classname="Tests Suite" time="5.805202879"></testcase>
  <testcase name="[rfe_id:588][crit:medium][vendor:cnv-qe@redhat.com][level:component]ContainerDisk should [test_id:3250]pass through IfNotPresent pull policy to the pod" classname="Tests Suite" time="5.81525264"></testcase>
  <testcase name="[rfe_id:588][crit:medium][vendor:cnv-qe@redhat.com][level:component]ContainerDisk [rfe_id:273][crit:medium][vendor:cnv-qe@redhat.com][level:component]Starting and stopping the same VirtualMachineInstance with ephemeral registry disk [test_id:1463][Conformance] should success multiple times" classname="Tests Suite" time="40.960513641"></testcase>
  <testcase name="[rfe_id:588][crit:medium][vendor:cnv-qe@redhat.com][level:component]ContainerDisk [rfe_id:273][crit:medium][vendor:cnv-qe@redhat.com][level:component]Starting multiple VMIs with ephemeral registry disk [test_id:1465]should success" classname="Tests Suite" time="12.095110771"></testcase>
  <testcase name="[rfe_id:588][crit:medium][vendor:cnv-qe@redhat.com][level:component]ContainerDisk [rfe_id:273][crit:medium][vendor:cnv-qe@redhat.com][level:component]Starting with virtio-win with virtio-win as secondary disk [test_id:1467]should boot and have the virtio as sata CDROM" classname="Tests Suite" time="24.545044265"></testcase>
  <testcase name="Storage Starting a VirtualMachineInstance [rfe_id:3106][crit:medium][vendor:cnv-qe@redhat.com][level:component]with Alpine PVC should be successfully started [test_id:3130]with Disk PVC" classname="Tests Suite" time="17.041406823"></testcase>
  <testcase name="Storage Starting a VirtualMachineInstance [rfe_id:3106][crit:medium][vendor:cnv-qe@redhat.com][level:component]with Alpine PVC should be successfully started [test_id:4618]with NFS Disk PVC using ipv4 address of the NFS pod" classname="Tests Suite" time="109.740114967"></testcase>
  <testcase name="Storage Starting a VirtualMachineInstance VirtIO-FS with an empty PVC should be successfully started and virtiofs could be accessed" classname="Tests Suite" time="70.238007805"></testcase>
  <testcase name="Storage Starting a VirtualMachineInstance [rfe_id:3106][crit:medium][vendor:cnv-qe@redhat.com][level:component]With ephemeral alpine PVC should be successfully started with Ephemeral PVC from NFS using ipv6 address of the NFS pod" classname="Tests Suite" time="111.511975525"></testcase>
  <testcase name="Storage Starting a VirtualMachineInstance [rfe_id:2298][crit:medium][vendor:cnv-qe@redhat.com][level:component] With HostDisk and PVC initialization With multiple empty PVCs [test_id:868]Should initialize an empty PVC by creating a disk.img" classname="Tests Suite" time="19.754225519"></testcase>
  <testcase name="Storage Starting a VirtualMachineInstance [rfe_id:2288][crit:high][vendor:cnv-qe@redhat.com][level:component] With not existing PVC [test_id:1040] should get unschedulable condition" classname="Tests Suite" time="6.874364132"></testcase>
  <testcase name="Storage Starting a VirtualMachineInstance With both SCSI and SATA devices should successfully start with distinct device names" classname="Tests Suite" time="18.712972996"></testcase>
  <testcase name="[sig-storage] Hotplug Offline VM Should add volumes on an offline VM with PersistentVolume" classname="Tests Suite" time="11.887153639"></testcase>
  <testcase name="Health Monitoring A VirtualMachineInstance with a watchdog device [test_id:4641]should be shut down when the watchdog expires" classname="Tests Suite" time="32.993791764"></testcase>
  <testcase name="Guest Access Credentials with qemu guest agent should propagate user password" classname="Tests Suite" time="75.331417896"></testcase>
  <testcase name="[ref_id:1182]Probes for readiness should succeed [test_id:1202][posneg:positive]with working TCP probe and tcp server on ipv4" classname="Tests Suite" time="40.568893557"></testcase>
  <testcase name="[ref_id:1182]Probes for readiness should succeed [test_id:1200][posneg:positive]with working HTTP probe and http server on ipv6" classname="Tests Suite" time="29.567686844"></testcase>
  <testcase name="[ref_id:1182]Probes for liveness should not fail the VMI [test_id:1199][posneg:positive]with working TCP probe and tcp server, no ip family is specified" classname="Tests Suite" time="149.936032822"></testcase>
  <testcase name="[ref_id:1182]Probes for liveness should not fail the VMI [test_id:1201][posneg:positive]with working HTTP probe and http server on ipv4" classname="Tests Suite" time="150.709464528"></testcase>
  <testcase name="[rfe_id:609]VMIheadless [rfe_id:609]Creating a VirtualMachineInstance with headless [test_id:707]should create headless vmi without any issue" classname="Tests Suite" time="10.658135618"></testcase>
  <testcase name="[rfe_id:609]VMIheadless [rfe_id:609]Creating a VirtualMachineInstance with headless [test_id:714][posneg:positive]should not have vnc graphic device in xml" classname="Tests Suite" time="9.815490967"></testcase>
  <testcase name="[rfe_id:609]VMIheadless [rfe_id:609]Creating a VirtualMachineInstance with headless [test_id:737][posneg:positive]should match memory with overcommit enabled" classname="Tests Suite" time="10.695361781999999"></testcase>
  <testcase name="[rfe_id:609]VMIheadless [rfe_id:609]Creating a VirtualMachineInstance with headless [test_id:2444][posneg:negative]should not match memory with overcommit disabled" classname="Tests Suite" time="9.857220879"></testcase>
  <testcase name="[rfe_id:609]VMIheadless [rfe_id:609]Creating a VirtualMachineInstance with headless [test_id:713]should have more memory on pod when headless" classname="Tests Suite" time="17.906494446"></testcase>
  <testcase name="[rfe_id:609]VMIheadless [rfe_id:609]Creating a VirtualMachineInstance with headless [test_id:738][posneg:negative]should not connect to VNC" classname="Tests Suite" time="10.263382608"></testcase>
  <testcase name="[rfe_id:609]VMIheadless [rfe_id:609]Creating a VirtualMachineInstance with headless [test_id:709][posneg:positive]should connect to console" classname="Tests Suite" time="18.602908741"></testcase>
  <testcase name="[rfe_id:609]VMIheadless [rfe_id:609]Creating a VirtualMachineInstance without headless [test_id:714][posneg:negative]should have one vnc graphic device in xml" classname="Tests Suite" time="10.828531045"></testcase>
  <testcase name="[rfe_id:609][crit:medium][vendor:cnv-qe@redhat.com][level:component]VMIPreset CRD Validation [test_id:1595]Should reject POST if schema is invalid" classname="Tests Suite" time="3.618946731"></testcase>
  <testcase name="[rfe_id:609][crit:medium][vendor:cnv-qe@redhat.com][level:component]VMIPreset CRD Validation [test_id:1596]should reject POST if validation webhoook deems the spec is invalid" classname="Tests Suite" time="5.409564293"></testcase>
  <testcase name="[rfe_id:609][crit:medium][vendor:cnv-qe@redhat.com][level:component]VMIPreset Preset Matching [test_id:1597]Should be accepted on POST" classname="Tests Suite" time="5.393957736"></testcase>
  <testcase name="[rfe_id:609][crit:medium][vendor:cnv-qe@redhat.com][level:component]VMIPreset Preset Matching [test_id:1600]Should reject presets that conflict with VirtualMachineInstance settings" classname="Tests Suite" time="15.455409877"></testcase>
  <testcase name="[rfe_id:609][crit:medium][vendor:cnv-qe@redhat.com][level:component]VMIPreset Preset Matching [test_id:1603]Should not be applied to existing VMIs" classname="Tests Suite" time="13.662180469"></testcase>
  <testcase name="[rfe_id:609][crit:medium][vendor:cnv-qe@redhat.com][level:component]VMIPreset Preset Lifecycle [test_id:617][rfe_id:609] should create and delete preset" classname="Tests Suite" time="3.797397058"></testcase>
  <testcase name="Controller devices with ephemeral disk a scsi controller should appear if enabled" classname="Tests Suite" time="7.636485726"></testcase>
  <testcase name="CloudInitHookSidecars VMI definition with CloudInit hook sidecar [test_id:3168]should call Collect and PreCloudInitIso on the hook sidecar" classname="Tests Suite" time="13.709292308"></testcase>
  <testcase name="Configurations when requesting virtio-transitional models should start and run the guest" classname="Tests Suite" time="33.620313861"></testcase>
  <testcase name="Configurations VirtualMachineInstance definition [rfe_id:140][crit:medium][vendor:cnv-qe@redhat.com][level:component]with diverging guest memory from requested memory [test_id:1669]should show the requested guest memory inside the VMI" classname="Tests Suite" time="31.887971996"></testcase>
  <testcase name="Configurations VirtualMachineInstance definition [rfe_id:140][crit:medium][vendor:cnv-qe@redhat.com][level:component]with support memory over commitment [test_id:755]should show the requested memory different than guest memory" classname="Tests Suite" time="31.895598409"></testcase>
  <testcase name="Configurations VirtualMachineInstance definition [rfe_id:3078][crit:medium][vendor:cnv-qe@redhat.com][level:component]with usb controller [test_id:3117]should start the VMI with usb controller when input device doesn&#39;t have bus" classname="Tests Suite" time="19.440018556"></testcase>
  <testcase name="Configurations VirtualMachineInstance definition [rfe_id:3077][crit:medium][vendor:cnv-qe@redhat.com][level:component]with input devices [test_id:3072]should start the VMI with tablet input device with virtio bus" classname="Tests Suite" time="18.190850498"></testcase>
  <testcase name="Configurations VirtualMachineInstance definition [rfe_id:140][crit:medium][vendor:cnv-qe@redhat.com][level:component]with namespace limits higher than VMI requests [test_id:3120]should start the VMI with the right default settings from namespace limits" classname="Tests Suite" time="10.872725363"></testcase>
  <testcase name="Configurations VirtualMachineInstance definition [rfe_id:140][crit:medium][vendor:cnv-qe@redhat.com][level:component]with serial-number [test_id:3121]should have serial-number set when present" classname="Tests Suite" time="11.818862551"></testcase>
  <testcase name="Configurations VirtualMachineInstance definition [rfe_id:140][crit:medium][vendor:cnv-qe@redhat.com][level:component]with serial-number [test_id:3122]should not have serial-number set when not present" classname="Tests Suite" time="10.904870719"></testcase>
  <testcase name="Configurations [rfe_id:140][crit:medium][vendor:cnv-qe@redhat.com][level:component]with CPU spec [rfe_id:140][crit:medium][vendor:cnv-qe@redhat.com][level:component]when CPU model equals to passthrough [test_id:1679]should report exactly the same model as node CPU" classname="Tests Suite" time="53.774814814"></testcase>
  <testcase name="Configurations with a custom scheduler [test_id:4631]schould set the custom scheduler on the pod" classname="Tests Suite" time="4.629925728"></testcase>
  <testcase name="Configurations [rfe_id:140][crit:medium][vendor:cnv-qe@redhat.com][level:component]with CPU request settings [test_id:3127]should set CPU request from VMI spec" classname="Tests Suite" time="5.604865645"></testcase>
  <testcase name="Configurations [rfe_id:140][crit:medium][vendor:cnv-qe@redhat.com][level:component]with CPU request settings [test_id:3128]should set CPU request when it is not provided" classname="Tests Suite" time="5.7905558710000005"></testcase>
  <testcase name="Configurations [rfe_id:898][crit:medium][vendor:cnv-qe@redhat.com][level:component]New VirtualMachineInstance with all supported drives [test_id:1682]should have all the device nodes" classname="Tests Suite" time="35.841880476"></testcase>
  <testcase name="Configurations Check KVM CPUID advertisement [test_id:5271]test cpuid hidden" classname="Tests Suite" time="96.691098602"></testcase>
  <testcase name="oc/kubectl integration [test_id:5182]vmipreset have validation" classname="Tests Suite" time="3.788925579"></testcase>
  <testcase name="oc/kubectl integration [rfe_id:3423][vendor:cnv-qe@redhat.com][level:component]oc/kubectl get vm/vmi tests should verify set of columns for [test_id:3464]virtualmachine" classname="Tests Suite" time="11.409498612"></testcase>
  <testcase name="oc/kubectl integration [rfe_id:3423][vendor:cnv-qe@redhat.com][level:component]oc/kubectl get vm/vmi tests should verify set of wide columns for [test_id:3468]virtualmachine" classname="Tests Suite" time="9.86462305"></testcase>
  <testcase name="oc/kubectl integration [rfe_id:3423][vendor:cnv-qe@redhat.com][level:component]oc/kubectl get vm/vmi tests should verify set of wide columns for [test_id:4423]virtualmachine" classname="Tests Suite" time="9.860999989"></testcase>
  <testcase name="[rfe_id:3423][crit:high][vendor:cnv-qe@redhat.com][level:component]VmWatch [test_id:3468]Should update vm status with the proper columns using &#39;kubectl get vm -w&#39;" classname="Tests Suite" time="3.921606915"></testcase>
  <testcase name="[rfe_id:127][posneg:negative][crit:medium][vendor:cnv-qe@redhat.com][level:component]Console [rfe_id:127][posneg:negative][crit:medium][vendor:cnv-qe@redhat.com][level:component]A new VirtualMachineInstance with a serial console with a fedora image [test_id:1589]should return that we are running fedora" classname="Tests Suite" time="31.34549678"></testcase>
  <testcase name="[rfe_id:127][posneg:negative][crit:medium][vendor:cnv-qe@redhat.com][level:component]Console [rfe_id:127][posneg:negative][crit:medium][vendor:cnv-qe@redhat.com][level:component]A new VirtualMachineInstance with a serial console [test_id:1590]should be able to reconnect to console multiple times" classname="Tests Suite" time="18.342459729"></testcase>
  <testcase name="[rfe_id:127][posneg:negative][crit:medium][vendor:cnv-qe@redhat.com][level:component]Console [rfe_id:127][posneg:negative][crit:medium][vendor:cnv-qe@redhat.com][level:component]A new VirtualMachineInstance with a serial console [test_id:1593]should fail waiting for the virtual machine instance to be running" classname="Tests Suite" time="34.361450565"></testcase>
  <testcase name="Subresource Api [rfe_id:1195][crit:medium][vendor:cnv-qe@redhat.com][level:component] Rbac Authorization with correct permissions [test_id:3170]should be allowed to access subresource endpoint" classname="Tests Suite" time="5.818903206"></testcase>
  <testcase name="Subresource Api [rfe_id:1195][crit:medium][vendor:cnv-qe@redhat.com][level:component] Rbac Authorization For Version Command Without permissions [test_id:3173]should be able to access subresource version endpoint" classname="Tests Suite" time="6.491533521"></testcase>
  <testcase name="Subresource Api [rfe_id:1177][crit:medium][vendor:cnv-qe@redhat.com][level:component] VirtualMachine subresource with a restart endpoint [test_id:2265][posneg:negative] should return an error when VM has not been found but VMI is running" classname="Tests Suite" time="9.741202328"></testcase>
  <testcase name="Subresource Api [rfe_id:1177][crit:medium][vendor:cnv-qe@redhat.com][level:component] VirtualMachine subresource With RunStrategy RerunOnFailure [test_id:3176]Should restart the VM" classname="Tests Suite" time="19.71315079"></testcase>
  <testcase name="Subresource Api [rfe_id:1195][crit:medium][vendor:cnv-qe@redhat.com][level:component] the openapi spec for the subresources [test_id:3177]should be aggregated into the apiserver openapi spec" classname="Tests Suite" time="3.734366232"></testcase>
  <testcase name="[rfe_id:500][crit:high][vendor:cnv-qe@redhat.com][level:component]User Access With default kubevirt service accounts should verify permissions on resources are correct for view, edit, and admin [test_id:526]given a vmi" classname="Tests Suite" time="8.278606721"></testcase>
  <testcase name="[rfe_id:500][crit:high][vendor:cnv-qe@redhat.com][level:component]User Access With default kubevirt service accounts should verify permissions on resources are correct for view, edit, and admin [test_id:5243]given a vmsnapshot" classname="Tests Suite" time="6.191381604"></testcase>
  <testcase name="[rfe_id:500][crit:high][vendor:cnv-qe@redhat.com][level:component]User Access With default kubevirt service accounts should verify permissions on subresources are correct for view, edit, and admin [test_id:3232]on vm start" classname="Tests Suite" time="7.806553433"></testcase>
  <testcase name="[rfe_id:273][crit:high][vendor:cnv-qe@redhat.com][level:component]VMIlifecycle [rfe_id:273][crit:high][vendor:cnv-qe@redhat.com][level:component]Creating a VirtualMachineInstance [test_id:1619]should success" classname="Tests Suite" time="4.004237295"></testcase>
  <testcase name="[rfe_id:273][crit:high][vendor:cnv-qe@redhat.com][level:component]VMIlifecycle [rfe_id:273][crit:high][vendor:cnv-qe@redhat.com][level:component]Creating a VirtualMachineInstance [test_id:1620]should start it" classname="Tests Suite" time="13.665439585"></testcase>
  <testcase name="[rfe_id:273][crit:high][vendor:cnv-qe@redhat.com][level:component]VMIlifecycle [rfe_id:273][crit:high][vendor:cnv-qe@redhat.com][level:component]Creating a VirtualMachineInstance [test_id:3197]should log libvirtd debug logs when enabled" classname="Tests Suite" time="9.455497934"></testcase>
  <testcase name="[rfe_id:273][crit:high][vendor:cnv-qe@redhat.com][level:component]VMIlifecycle [rfe_id:273][crit:high][vendor:cnv-qe@redhat.com][level:component]Creating a VirtualMachineInstance [test_id:1624]should reject PATCH if schema is invalid" classname="Tests Suite" time="4.983649253"></testcase>
  <testcase name="[rfe_id:273][crit:high][vendor:cnv-qe@redhat.com][level:component]VMIlifecycle [rfe_id:273][crit:high][vendor:cnv-qe@redhat.com][level:component]Creating a VirtualMachineInstance with boot order [rfe_id:273][crit:high][vendor:cnv-qe@redhat.com][level:component]should be able to boot from selected disk [test_id:1627]Alpine as first boot" classname="Tests Suite" time="19.969306798"></testcase>
  <testcase name="[rfe_id:273][crit:high][vendor:cnv-qe@redhat.com][level:component]VMIlifecycle [rfe_id:273][crit:high][vendor:cnv-qe@redhat.com][level:component]Creating a VirtualMachineInstance with user-data without k8s secret [test_id:1630]should log warning and proceed once the secret is there" classname="Tests Suite" time="12.267651401"></testcase>
  <testcase name="[rfe_id:273][crit:high][vendor:cnv-qe@redhat.com][level:component]VMIlifecycle [rfe_id:273][crit:high][vendor:cnv-qe@redhat.com][level:component]Creating a VirtualMachineInstance with non default namespace [rfe_id:273][crit:high][vendor:cnv-qe@redhat.com][level:component]should log libvirt start and stop lifecycle events of the domain [test_id:1641]kubevirt-test-default" classname="Tests Suite" time="38.121302602"></testcase>
  <testcase name="[rfe_id:273][crit:high][vendor:cnv-qe@redhat.com][level:component]VMIlifecycle [rfe_id:273][crit:high][vendor:cnv-qe@redhat.com][level:component]Delete a VirtualMachineInstance with ACPI and 0 grace period seconds [test_id:1652]should result in vmi status failed" classname="Tests Suite" time="31.82681698"></testcase>
  <testcase name="[rfe_id:273][crit:high][vendor:cnv-qe@redhat.com][level:component]VMIlifecycle [rfe_id:273][crit:high][vendor:cnv-qe@redhat.com][level:component]Delete a VirtualMachineInstance with grace period greater than 0 [test_id:1655]should run graceful shutdown" classname="Tests Suite" time="17.065624637"></testcase>
  <testcase name="[rfe_id:3064][crit:medium][vendor:cnv-qe@redhat.com][level:component]Pausing A valid VMI when paused via virtctl [test_id:3079]should signal paused state with condition" classname="Tests Suite" time="13.548789317"></testcase>
  <testcase name="[rfe_id:3064][crit:medium][vendor:cnv-qe@redhat.com][level:component]Pausing A valid VMI when paused via virtctl [test_id:3080]should signal unpaused state with removed condition" classname="Tests Suite" time="13.728494956"></testcase>
  <testcase name="[rfe_id:3064][crit:medium][vendor:cnv-qe@redhat.com][level:component]Pausing A valid VM when paused via API [test_id:4598]should signal paused state with condition" classname="Tests Suite" time="15.807183434"></testcase>
  <testcase name="[rfe_id:3064][crit:medium][vendor:cnv-qe@redhat.com][level:component]Pausing A valid VM when paused via virtctl [test_id:3088]should gracefully handle pausing the VMI again" classname="Tests Suite" time="15.08424981"></testcase>
  <testcase name="[rfe_id:3064][crit:medium][vendor:cnv-qe@redhat.com][level:component]Pausing A valid VM when paused via virtctl [test_id:3085]should be stopped successfully" classname="Tests Suite" time="19.119749818"></testcase>
  <testcase name="[rfe_id:3064][crit:medium][vendor:cnv-qe@redhat.com][level:component]Pausing A valid VM when paused via virtctl [test_id:3086]should not be migrated" classname="Tests Suite" time="14.722874125"></testcase>
  <testcase name="[rfe_id:3064][crit:medium][vendor:cnv-qe@redhat.com][level:component]Pausing A valid VM when paused via virtctl [test_id:3084]should gracefully handle vnc connection" classname="Tests Suite" time="15.108071471"></testcase>
  <testcase name="[rfe_id:151][crit:high][vendor:cnv-qe@redhat.com][level:component]CloudInit UserData [rfe_id:151][crit:medium][vendor:cnv-qe@redhat.com][level:component]A new VirtualMachineInstance with cloudInitNoCloud userDataBase64 source with injected ssh-key [test_id:1616]should have ssh-key under authorized keys" classname="Tests Suite" time="63.859620372"></testcase>
  <testcase name="[rfe_id:151][crit:high][vendor:cnv-qe@redhat.com][level:component]CloudInit UserData [rfe_id:151][crit:medium][vendor:cnv-qe@redhat.com][level:component]A new VirtualMachineInstance with cloudInitConfigDrive userData source [test_id:3180]should process provided cloud-init data" classname="Tests Suite" time="40.088424674"></testcase>
  <testcase name="[rfe_id:151][crit:high][vendor:cnv-qe@redhat.com][level:component]CloudInit UserData [rfe_id:151][crit:medium][vendor:cnv-qe@redhat.com][level:component]A new VirtualMachineInstance with cloudInitNoCloud networkData [test_id:3182]should have cloud-init network-config with NetworkDataBase64 source" classname="Tests Suite" time="32.783127125"></testcase>
  <testcase name="[rfe_id:151][crit:high][vendor:cnv-qe@redhat.com][level:component]CloudInit UserData [rfe_id:151][crit:medium][vendor:cnv-qe@redhat.com][level:component]A new VirtualMachineInstance with cloudInitConfigDrive networkData [test_id:4622]should have cloud-init meta_data with tagged devices" classname="Tests Suite" time="47.020960499"></testcase>
  <testcase name="[rfe_id:151][crit:high][vendor:cnv-qe@redhat.com][level:component]CloudInit UserData [rfe_id:151][crit:medium][vendor:cnv-qe@redhat.com][level:component]A new VirtualMachineInstance with cloudInitConfigDrive networkData [test_id:3187]should have cloud-init userdata and network-config from separate k8s secrets with camelCase labels" classname="Tests Suite" time="32.26350667"></testcase>
  <testcase name="[rfe_id:1177][crit:medium][vendor:cnv-qe@redhat.com][level:component]VirtualMachine A valid VirtualMachine given cpu/memory in requests/limits should allow float type" classname="Tests Suite" time="23.750694581"></testcase>
[...]
    <skipped></skipped>
  </testcase>
  <testcase name="[Serial][rfe_id:393][crit:high][vendor:cnv-qe@redhat.com][level:system] VM Live Migration Starting a VirtualMachineInstance  rook-ceph live migration cancelation should be able to cancel a migration [test_id:2731] with OCS Disk (using ISCSI IPv4 address)" classname="Tests Suite" time="6.12799565">
    <skipped></skipped>
  </testcase>
  <testcase name="[rfe_id:127][posneg:negative][crit:medium][vendor:cnv-qe@redhat.com][level:component]Console [rfe_id:127][posneg:negative][crit:medium][vendor:cnv-qe@redhat.com][level:component]A new VirtualMachineInstance with a serial console with an alpine image should return that we are running alpine [test_id:4637]with OCS Filesystem Disk" classname="Tests Suite" time="3.81811532">
    <skipped></skipped>
  </testcase>
  <testcase name="[rfe_id:127][posneg:negative][crit:medium][vendor:cnv-qe@redhat.com][level:component]Console [rfe_id:127][posneg:negative][crit:medium][vendor:cnv-qe@redhat.com][level:component]A new VirtualMachineInstance with a serial console with an alpine image should return that we are running alpine [test_id:4638]with OCS Block Disk" classname="Tests Suite" time="5.40279967">
    <skipped></skipped>
  </testcase>
  <testcase name="[rfe_id:273][crit:high][vendor:cnv-qe@redhat.com][level:component]VMIlifecycle [rfe_id:273][crit:high][vendor:cnv-qe@redhat.com][level:component]Creating a VirtualMachineInstance VirtualMachineInstance Emulation Mode [test_id:1643]should enable emulation in virt-launcher" classname="Tests Suite" time="4.790987363">
    <skipped></skipped>
  </testcase>
  <testcase name="[rfe_id:273][crit:high][vendor:cnv-qe@redhat.com][level:component]VMIlifecycle [rfe_id:273][crit:high][vendor:cnv-qe@redhat.com][level:component]Creating a VirtualMachineInstance VirtualMachineInstance Emulation Mode [test_id:1644]should be reflected in domain XML" classname="Tests Suite" time="5.994994792">
    <skipped></skipped>
  </testcase>
  <testcase name="[rfe_id:273][crit:high][vendor:cnv-qe@redhat.com][level:component]VMIlifecycle [rfe_id:273][crit:high][vendor:cnv-qe@redhat.com][level:component]Creating a VirtualMachineInstance VirtualMachineInstance Emulation Mode [test_id:1645]should request a TUN device but not KVM" classname="Tests Suite" time="5.998331556">
    <skipped></skipped>
  </testcase>
  <testcase name="[Serial]DataVolume Integration [rfe_id:3188][crit:high][vendor:cnv-qe@redhat.com][level:system] DataVolume clone permission checking using Alpine import/clone deny then allow clone request on rook-ceph [test_id:3193]with explicit role" classname="Tests Suite" time="2.410801649">
    <skipped></skipped>
  </testcase>
  <testcase name="[Serial]DataVolume Integration [rfe_id:3188][crit:high][vendor:cnv-qe@redhat.com][level:system] DataVolume clone permission checking using Alpine import/clone deny then allow clone request on rook-ceph [test_id:3194]with implicit role" classname="Tests Suite" time="4.399575145">
    <skipped></skipped>
  </testcase>
  <testcase name="[Serial]DataVolume Integration [rfe_id:3188][crit:high][vendor:cnv-qe@redhat.com][level:system] DataVolume clone permission checking using Alpine import/clone deny then allow clone request on rook-ceph [test_id:5253]with explicit role (all namespaces)" classname="Tests Suite" time="4.402811075">
    <skipped></skipped>
  </testcase>
  <testcase name="[Serial]DataVolume Integration [rfe_id:3188][crit:high][vendor:cnv-qe@redhat.com][level:system] DataVolume clone permission checking using Alpine import/clone deny then allow clone request on rook-ceph [test_id:5254]with explicit role (one namespace)" classname="Tests Suite" time="4.397913912">
    <skipped></skipped>
  </testcase>
  <testcase name="[Serial]Windows VirtualMachineInstance [test_id:487]should succeed to start a vmi" classname="Tests Suite" time="4.590488146">
    <skipped></skipped>
  </testcase>
  <testcase name="[Serial]Windows VirtualMachineInstance [test_id:488]should succeed to stop a running vmi" classname="Tests Suite" time="4.599777248">
    <skipped></skipped>
  </testcase>
  <testcase name="[Serial]Windows VirtualMachineInstance [ref_id:139]with winrm connection [test_id:240]should have correct UUID" classname="Tests Suite" time="4.601951841">
    <skipped></skipped>
  </testcase>
  <testcase name="[Serial]Windows VirtualMachineInstance [ref_id:139]with winrm connection [test_id:3159]should have default masquerade IP" classname="Tests Suite" time="4.597525002">
    <skipped></skipped>
  </testcase>
  <testcase name="[Serial]Windows VirtualMachineInstance [ref_id:139]with winrm connection [test_id:3160]should have the domain set properly" classname="Tests Suite" time="4.599834488">
    <skipped></skipped>
  </testcase>
  <testcase name="[Serial]Windows VirtualMachineInstance [ref_id:142]with kubectl command [test_id:223]should succeed to start a vmi" classname="Tests Suite" time="4.600043059">
    <skipped></skipped>
  </testcase>
  <testcase name="[Serial]Windows VirtualMachineInstance [ref_id:142]with kubectl command [test_id:239]should succeed to stop a vmi" classname="Tests Suite" time="4.600167509">
    <skipped></skipped>
  </testcase>
  <testcase name="[sig-storage] Hotplug rook-ceph Online VM should add/remove volume with DataVolume immediate attach, VMI directly" classname="Tests Suite" time="3.407404769">
    <skipped></skipped>
  </testcase>
  <testcase name="[sig-storage] Hotplug rook-ceph Online VM should add/remove volume with Block DataVolume immediate attach" classname="Tests Suite" time="5.399278656">
    <skipped></skipped>
  </testcase>
  <testcase name="[sig-storage] Hotplug rook-ceph Online VM Should be able to add and remove multiple volumes with VMs and block" classname="Tests Suite" time="5.39656451">
    <skipped></skipped>
  </testcase>
  <testcase name="[sig-storage] Hotplug rook-ceph Online VM Should be able to add and remove and re-add multiple volumes with VMs and block" classname="Tests Suite" time="5.397819606">
    <skipped></skipped>
  </testcase>
  <testcase name="[sig-storage] Hotplug rook-ceph Online VM should allow hotplugging both a filesystem and block volume" classname="Tests Suite" time="5.398706745">
    <skipped></skipped>
  </testcase>
  <testcase name="[Serial]VirtualMachineSnapshot Tests rook-ceph With more complicated VM [test_id:4611]should successfully create a snapshot" classname="Tests Suite" time="0.002083907">
    <skipped></skipped>
  </testcase>
  <testcase name="[Serial]VirtualMachineSnapshot Tests rook-ceph With more complicated VM VM should contain snapshot status for all volumes" classname="Tests Suite" time="0.001825126">
    <skipped></skipped>
  </testcase>
  <testcase name="[Serial]VirtualMachineSnapshot Tests rook-ceph With more complicated VM should error if VolumeSnapshot deleted" classname="Tests Suite" time="0.001724584">
    <skipped></skipped>
  </testcase>
  <testcase name="[Serial]VirtualMachineSnapshot Tests rook-ceph With more complicated VM should not error if VolumeSnapshot has error" classname="Tests Suite" time="0.001804641">
    <skipped></skipped>
  </testcase>
  <testcase name="[Serial]Operator [rfe_id:2291][crit:high][vendor:cnv-qe@redhat.com][level:component]infrastructure management [rfe_id:2897][crit:medium][vendor:cnv-qe@redhat.com][level:component]With OpenShift cluster [test_id:2910]Should have kubevirt SCCs created" classname="Tests Suite" time="5.04863537">
    <skipped></skipped>
  </testcase>
  <testcase name="[Serial]Operator With PrometheusRule Enabled [test_id:4614]Checks if the kubevirt PrometheusRule cr exists and verify it&#39;s spec" classname="Tests Suite" time="5.794681077">
    <skipped></skipped>
  </testcase>
  <testcase name="[Serial]Operator [rfe_id:2937][crit:medium][vendor:cnv-qe@redhat.com][level:component]With ServiceMonitor Enabled [test_id:2936]Should allow Prometheus to scrape KubeVirt endpoints" classname="Tests Suite" time="5.79939332">
    <skipped></skipped>
  </testcase>
  <testcase name="[Serial]Operator [rfe_id:2937][crit:medium][vendor:cnv-qe@redhat.com][level:component]With ServiceMonitor Enabled [test_id:4616]Should patch our namespace labels with openshift.io/cluster-monitoring=true" classname="Tests Suite" time="7.020765734">
    <skipped></skipped>
  </testcase>
  <testcase name="[rfe_id:500][crit:high][vendor:cnv-qe@redhat.com][level:component]User Access [Serial][rfe_id:2919][crit:high][vendor:cnv-qe@redhat.com][level:component] With regular OpenShift user should fail without admin rights for the project should verify permissions on resources are correct for view, edit, and admin [test_id:2921]given a vmi" classname="Tests Suite" time="2.603642994">
    <skipped></skipped>
  </testcase>
  <testcase name="[rfe_id:500][crit:high][vendor:cnv-qe@redhat.com][level:component]User Access [Serial][rfe_id:2919][crit:high][vendor:cnv-qe@redhat.com][level:component] With regular OpenShift user should fail without admin rights for the project should verify permissions on resources are correct for view, edit, and admin [test_id:2915]given a vm" classname="Tests Suite" time="4.399643184">
    <skipped></skipped>
  </testcase>
  <testcase name="[rfe_id:500][crit:high][vendor:cnv-qe@redhat.com][level:component]User Access [Serial][rfe_id:2919][crit:high][vendor:cnv-qe@redhat.com][level:component] With regular OpenShift user should fail without admin rights for the project should verify permissions on resources are correct for view, edit, and admin [test_id:2917]given a vmi preset" classname="Tests Suite" time="4.399639887">
    <skipped></skipped>
  </testcase>
  <testcase name="[rfe_id:500][crit:high][vendor:cnv-qe@redhat.com][level:component]User Access [Serial][rfe_id:2919][crit:high][vendor:cnv-qe@redhat.com][level:component] With regular OpenShift user should fail without admin rights for the project should verify permissions on resources are correct for view, edit, and admin [test_id:2919]given a vmi replica set" classname="Tests Suite" time="4.400219125">
    <skipped></skipped>
  </testcase>
  <testcase name="[rfe_id:500][crit:high][vendor:cnv-qe@redhat.com][level:component]User Access [Serial][rfe_id:2919][crit:high][vendor:cnv-qe@redhat.com][level:component] With regular OpenShift user should fail without admin rights for the project should verify permissions on resources are correct for view, edit, and admin [test_id:3235]given a vmi migration" classname="Tests Suite" time="4.400730756">
    <skipped></skipped>
  </testcase>
  <testcase name="[rfe_id:500][crit:high][vendor:cnv-qe@redhat.com][level:component]User Access [Serial][rfe_id:2919][crit:high][vendor:cnv-qe@redhat.com][level:component] With regular OpenShift user should fail without admin rights for the project should verify permissions on resources are correct for view, edit, and admin [test_id:5246]given a vmsnapshot" classname="Tests Suite" time="4.39819762">
    <skipped></skipped>
  </testcase>
  <testcase name="[rfe_id:500][crit:high][vendor:cnv-qe@redhat.com][level:component]User Access [Serial][rfe_id:2919][crit:high][vendor:cnv-qe@redhat.com][level:component] With regular OpenShift user should fail without admin rights for the project should verify permissions on resources are correct for view, edit, and admin [test_id:5247]given a vmsnapshotcontent" classname="Tests Suite" time="4.40180399">
    <skipped></skipped>
  </testcase>
  <testcase name="[rfe_id:500][crit:high][vendor:cnv-qe@redhat.com][level:component]User Access [Serial][rfe_id:2919][crit:high][vendor:cnv-qe@redhat.com][level:component] With regular OpenShift user should fail without admin rights for the project should verify permissions on resources are correct for view, edit, and admin [test_id:5248]given a vmsrestore" classname="Tests Suite" time="4.399885176">
    <skipped></skipped>
  </testcase>
  <testcase name="[rfe_id:500][crit:high][vendor:cnv-qe@redhat.com][level:component]User Access [Serial][rfe_id:2919][crit:high][vendor:cnv-qe@redhat.com][level:component] With regular OpenShift user should fail without admin rights for the project should verify permissions on resources are correct for subresources [test_id:2921]given a vmi" classname="Tests Suite" time="17.597791454">
    <skipped></skipped>
  </testcase>
  <testcase name="[rfe_id:500][crit:high][vendor:cnv-qe@redhat.com][level:component]User Access [Serial][rfe_id:2919][crit:high][vendor:cnv-qe@redhat.com][level:component] With regular OpenShift user should succeed with admin rights for the project should verify permissions on resources are correct the test user [test_id:2920]given a vmi" classname="Tests Suite" time="4.399338118">
    <skipped></skipped>
  </testcase>
  <testcase name="[rfe_id:500][crit:high][vendor:cnv-qe@redhat.com][level:component]User Access [Serial][rfe_id:2919][crit:high][vendor:cnv-qe@redhat.com][level:component] With regular OpenShift user should succeed with admin rights for the project should verify permissions on resources are correct the test user [test_id:2831]given a vm" classname="Tests Suite" time="4.3986915589999995">
    <skipped></skipped>
  </testcase>
  <testcase name="[rfe_id:500][crit:high][vendor:cnv-qe@redhat.com][level:component]User Access [Serial][rfe_id:2919][crit:high][vendor:cnv-qe@redhat.com][level:component] With regular OpenShift user should succeed with admin rights for the project should verify permissions on resources are correct the test user [test_id:2916]given a vmi preset" classname="Tests Suite" time="4.400133722">
    <skipped></skipped>
  </testcase>
  <testcase name="[rfe_id:500][crit:high][vendor:cnv-qe@redhat.com][level:component]User Access [Serial][rfe_id:2919][crit:high][vendor:cnv-qe@redhat.com][level:component] With regular OpenShift user should succeed with admin rights for the project should verify permissions on resources are correct the test user [test_id:2918][crit:low]given a vmi replica set" classname="Tests Suite" time="4.399528868">
    <skipped></skipped>
  </testcase>
  <testcase name="[rfe_id:500][crit:high][vendor:cnv-qe@redhat.com][level:component]User Access [Serial][rfe_id:2919][crit:high][vendor:cnv-qe@redhat.com][level:component] With regular OpenShift user should succeed with admin rights for the project should verify permissions on resources are correct the test user [test_id:2837]given a vmi migration" classname="Tests Suite" time="4.399867059">
    <skipped></skipped>
  </testcase>
  <testcase name="[rfe_id:500][crit:high][vendor:cnv-qe@redhat.com][level:component]User Access [Serial][rfe_id:2919][crit:high][vendor:cnv-qe@redhat.com][level:component] With regular OpenShift user should succeed with admin rights for the project should verify permissions on resources are correct the test user [test_id:5249]given a vmsnapshot" classname="Tests Suite" time="4.399454765">
    <skipped></skipped>
  </testcase>
  <testcase name="[rfe_id:500][crit:high][vendor:cnv-qe@redhat.com][level:component]User Access [Serial][rfe_id:2919][crit:high][vendor:cnv-qe@redhat.com][level:component] With regular OpenShift user should succeed with admin rights for the project should verify permissions on resources are correct the test user [test_id:5250]given a vmsnapshotcontent" classname="Tests Suite" time="4.401358773">
    <skipped></skipped>
  </testcase>
  <testcase name="[rfe_id:500][crit:high][vendor:cnv-qe@redhat.com][level:component]User Access [Serial][rfe_id:2919][crit:high][vendor:cnv-qe@redhat.com][level:component] With regular OpenShift user should succeed with admin rights for the project should verify permissions on resources are correct the test user [test_id:5251]given a vmsrestore" classname="Tests Suite" time="4.398267065">
    <skipped></skipped>
  </testcase>
  <testcase name="[rfe_id:500][crit:high][vendor:cnv-qe@redhat.com][level:component]User Access [Serial][rfe_id:2919][crit:high][vendor:cnv-qe@redhat.com][level:component] With regular OpenShift user should succeed with admin rights for the project should verify permissions on resources are correct for subresources [test_id:2921]given a vmi" classname="Tests Suite" time="17.599059486">
    <skipped></skipped>
  </testcase>
  <testcase name="[Serial]VirtualMachineRestore Tests rook-ceph With a more complicated VM [test_id:5259]should restore a vm multiple from the same snapshot" classname="Tests Suite" time="0.002165848">
    <skipped></skipped>
  </testcase>
  <testcase name="[Serial]VirtualMachineRestore Tests rook-ceph With a more complicated VM [test_id:5260]should restore a vm that boots from a datavolumetemplate" classname="Tests Suite" time="0.002023084">
    <skipped></skipped>
  </testcase>
  <testcase name="[Serial]VirtualMachineRestore Tests rook-ceph With a more complicated VM [test_id:5261]should restore a vm that boots from a datavolume (not template)" classname="Tests Suite" time="0.001861554">
    <skipped></skipped>
  </testcase>
  <testcase name="[Serial]VirtualMachineRestore Tests rook-ceph With a more complicated VM [test_id:5262]should restore a vm that boots from a PVC" classname="Tests Suite" time="0.00191702">
    <skipped></skipped>
  </testcase>
  <testcase name="[Serial]VirtualMachineRestore Tests rook-ceph With a more complicated VM [test_id:5263]should restore a vm with containerdisk and blank datavolume" classname="Tests Suite" time="0.001916095">
    <skipped></skipped>
  </testcase>
  <testcase name="[Serial]Infrastructure [rfe_id:3187][crit:medium][vendor:cnv-qe@redhat.com][level:component]Prometheus scraped metrics [test_id:4135]should find VMI namespace on namespace label of the metric" classname="Tests Suite" time="0.019476376">
    <skipped></skipped>
  </testcase>
  <testcase name="[Serial]Infrastructure [rfe_id:3187][crit:medium][vendor:cnv-qe@redhat.com][level:component]Prometheus Endpoints [test_id:4136][flaky] should find one leading virt-controller and two ready" classname="Tests Suite" time="0">
    <skipped></skipped>
  </testcase>
  <testcase name="[Serial]Infrastructure [rfe_id:3187][crit:medium][vendor:cnv-qe@redhat.com][level:component]Prometheus Endpoints should throttle the Prometheus metrics access by using IPv6" classname="Tests Suite" time="0.007687466">
    <skipped></skipped>
  </testcase>
  <testcase name="[Serial]GPU with ephemeral disk [test_id:4607]Should create a valid VMI but pod should not go to running state" classname="Tests Suite" time="0">
    <skipped></skipped>
  </testcase>
  <testcase name="[Serial]GPU with ephemeral disk [test_id:4608]Should create a valid VMI and appropriate libvirt domain" classname="Tests Suite" time="0">
    <skipped></skipped>
  </testcase>
  <testcase name="[rfe_id:1177][crit:medium][vendor:cnv-qe@redhat.com][level:component]VirtualMachine A valid VirtualMachine given [test_id:1521]should remove VirtualMachineInstance once the VM is marked for deletion [Serial]with OCS Filesystem Disk" classname="Tests Suite" time="4.403118086">
    <skipped></skipped>
  </testcase>
  <testcase name="[rfe_id:1177][crit:medium][vendor:cnv-qe@redhat.com][level:component]VirtualMachine A valid VirtualMachine given [test_id:1521]should remove VirtualMachineInstance once the VM is marked for deletion [Serial]with OCS Block Disk" classname="Tests Suite" time="4.396183527">
    <skipped></skipped>
  </testcase>
  <testcase name="[rfe_id:1177][crit:medium][vendor:cnv-qe@redhat.com][level:component]VirtualMachine A valid VirtualMachine given [test_id:1525]should stop VirtualMachineInstance if running set to false [Serial]with OCS Filesystem Disk" classname="Tests Suite" time="4.399465309">
    <skipped></skipped>
  </testcase>
  <testcase name="[rfe_id:1177][crit:medium][vendor:cnv-qe@redhat.com][level:component]VirtualMachine A valid VirtualMachine given [test_id:1525]should stop VirtualMachineInstance if running set to false [Serial]with OCS Block Disk" classname="Tests Suite" time="4.399956107">
    <skipped></skipped>
  </testcase>
</testsuite>