<testsuite name="Merged Test Suite" tests="324" failures="1" errors="0" time="8879.663">
  <testcase name="HookSidecars [rfe_id:2667][crit:medium][vendor:cnv-qe@redhat.com][level:component] VMI definition with SM BIOS hook sidecar [test_id:3156]should successfully start with hook sidecar annotation for v1alpha2" classname="Tests Suite" time="16.488521889"></testcase>
  <testcase name="HookSidecars [rfe_id:2667][crit:medium][vendor:cnv-qe@redhat.com][level:component] VMI definition with SM BIOS hook sidecar [test_id:3158]should update domain XML with SM BIOS properties" classname="Tests Suite" time="14.259973956"></testcase>
  <testcase name="Guest Access Credentials with qemu guest agent should propagate user password" classname="Tests Suite" time="77.528872609"></testcase>
  <testcase name="[ref_id:1182]Probes for readiness should succeed [test_id:1202][posneg:positive]with working TCP probe and tcp server,no ip family specified " classname="Tests Suite" time="36.418568619"></testcase>
  <testcase name="[ref_id:1182]Probes for readiness should succeed [test_id:1200][posneg:positive]with working HTTP probe and http server on ipv4" classname="Tests Suite" time="38.338355539"></testcase>
  <testcase name="[ref_id:1182]Probes for liveness should not fail the VMI [test_id:1199][posneg:positive]with working TCP probe and tcp server, no ip family is specified" classname="Tests Suite" time="156.882814627"></testcase>
  <testcase name="[ref_id:1182]Probes for liveness should not fail the VMI [test_id:1201][posneg:positive]with working HTTP probe and http server on ipv4" classname="Tests Suite" time="154.667035896"></testcase>
  <testcase name="[rfe_id:609]VMIheadless [rfe_id:609]Creating a VirtualMachineInstance with headless [test_id:707]should create headless vmi without any issue" classname="Tests Suite" time="11.688738061"></testcase>
  <testcase name="[rfe_id:609]VMIheadless [rfe_id:609]Creating a VirtualMachineInstance with headless [test_id:714][posneg:positive]should not have vnc graphic device in xml" classname="Tests Suite" time="10.915459073"></testcase>
  <testcase name="[rfe_id:609]VMIheadless [rfe_id:609]Creating a VirtualMachineInstance with headless [test_id:737][posneg:positive]should match memory with overcommit enabled" classname="Tests Suite" time="11.70243049"></testcase>
  <testcase name="[rfe_id:609]VMIheadless [rfe_id:609]Creating a VirtualMachineInstance with headless [test_id:2444][posneg:negative]should not match memory with overcommit disabled" classname="Tests Suite" time="10.869299986"></testcase>
  <testcase name="[rfe_id:609]VMIheadless [rfe_id:609]Creating a VirtualMachineInstance with headless [test_id:713]should have more memory on pod when headless" classname="Tests Suite" time="18.957937142"></testcase>
  <testcase name="[rfe_id:609]VMIheadless [rfe_id:609]Creating a VirtualMachineInstance with headless [test_id:738][posneg:negative]should not connect to VNC" classname="Tests Suite" time="11.268043642"></testcase>
  <testcase name="[rfe_id:609]VMIheadless [rfe_id:609]Creating a VirtualMachineInstance with headless [test_id:709][posneg:positive]should connect to console" classname="Tests Suite" time="18.207194246"></testcase>
  <testcase name="[rfe_id:609]VMIheadless [rfe_id:609]Creating a VirtualMachineInstance without headless [test_id:714][posneg:negative]should have one vnc graphic device in xml" classname="Tests Suite" time="10.893016439"></testcase>
  <testcase name="[rfe_id:609][crit:medium][vendor:cnv-qe@redhat.com][level:component]VMIPreset CRD Validation [test_id:1596]should reject POST if validation webhoook deems the spec is invalid" classname="Tests Suite" time="3.631137072"></testcase>
  <testcase name="[rfe_id:609][crit:medium][vendor:cnv-qe@redhat.com][level:component]VMIPreset Preset Matching [test_id:1599]Should return 404 if VMIPreset does not exist" classname="Tests Suite" time="5.376800966"></testcase>
  <testcase name="[rfe_id:609][crit:medium][vendor:cnv-qe@redhat.com][level:component]VMIPreset Preset Matching [test_id:1602]Should ignore VMIs that don&#39;t match" classname="Tests Suite" time="15.529815345"></testcase>
  <testcase name="[rfe_id:609][crit:medium][vendor:cnv-qe@redhat.com][level:component]VMIPreset Exclusions [test_id:1604]Should not apply presets to VirtualMachineInstance&#39;s with the exclusion marking" classname="Tests Suite" time="13.678057539"></testcase>
  <testcase name="[rfe_id:609][crit:medium][vendor:cnv-qe@redhat.com][level:component]VMIPreset Match Expressions [test_id:726] Should match multiple VMs via MatchExpression" classname="Tests Suite" time="6.66039451"></testcase>
  <testcase name="Controller devices with ephemeral disk a scsi controller should NOT appear if disabled" classname="Tests Suite" time="8.30048595"></testcase>
  <testcase name="Configurations with all devices on the root PCI bus [test_id:4623]should start run the guest as usual" classname="Tests Suite" time="32.703421493"></testcase>
  <testcase name="Configurations [rfe_id:897][crit:medium][vendor:cnv-qe@redhat.com][level:component]for CPU and memory limits should [test_id:3110]lead to get the burstable QOS class assigned when limit and requests differ" classname="Tests Suite" time="4.675736987"></testcase>
  <testcase name="Configurations [rfe_id:897][crit:medium][vendor:cnv-qe@redhat.com][level:component]for CPU and memory limits should [test_id:3111]lead to get the guaranteed QOS class assigned when limit and requests are identical" classname="Tests Suite" time="5.554108685"></testcase>
  <testcase name="Configurations VirtualMachineInstance definition with BIOS bootloader method and no disk [test_id:5265]should find no bootable device by default" classname="Tests Suite" time="39.81828924"></testcase>
  <testcase name="Configurations VirtualMachineInstance definition [rfe_id:140][crit:medium][vendor:cnv-qe@redhat.com][level:component]with support memory over commitment [test_id:755]should show the requested memory different than guest memory" classname="Tests Suite" time="38.077779504"></testcase>
  <testcase name="Configurations VirtualMachineInstance definition [rfe_id:3078][crit:medium][vendor:cnv-qe@redhat.com][level:component]with usb controller [test_id:3117]should start the VMI with usb controller when input device doesn&#39;t have bus" classname="Tests Suite" time="19.877326962"></testcase>
  <testcase name="Configurations VirtualMachineInstance definition [rfe_id:3077][crit:medium][vendor:cnv-qe@redhat.com][level:component]with input devices [test_id:3072]should start the VMI with tablet input device with virtio bus" classname="Tests Suite" time="22.098181704"></testcase>
  <testcase name="Configurations VirtualMachineInstance definition [rfe_id:140][crit:medium][vendor:cnv-qe@redhat.com][level:component]with hugepages with unsupported page size [test_id:1673]should failed to schedule the pod" classname="Tests Suite" time="4.841220878"></testcase>
  <testcase name="Configurations VirtualMachineInstance definition [rfe_id:893][crit:medium][vendor:cnv-qe@redhat.com][level:component]with rng [test_id:1675]should not have the virtio rng device when not present" classname="Tests Suite" time="22.751406731"></testcase>
  <testcase name="Configurations [rfe_id:140][crit:medium][vendor:cnv-qe@redhat.com][level:component]with CPU spec [rfe_id:140][crit:medium][vendor:cnv-qe@redhat.com][level:component]when CPU model defined [test_id:1678]should report defined CPU model" classname="Tests Suite" time="49.47034016"></testcase>
  <testcase name="Configurations [rfe_id:140][crit:medium][vendor:cnv-qe@redhat.com][level:component]with CPU spec when CPU features defined [test_id:3123]should start a Virtaul Machine with matching features" classname="Tests Suite" time="34.764644047"></testcase>
  <testcase name="Configurations [rfe_id:898][crit:medium][vendor:cnv-qe@redhat.com][level:component]New VirtualMachineInstance with all supported drives [test_id:1020]should not create the VM with wrong PCI address" classname="Tests Suite" time="12.686896218"></testcase>
  <testcase name="Configurations With ephemeral CD-ROM For various bus types [test_id:3777] Should be accepted when using sata" classname="Tests Suite" time="3.627593108"></testcase>
  <testcase name="Configurations With ephemeral CD-ROM For various bus types [test_id:3809] Should be accepted when using scsi" classname="Tests Suite" time="5.607514808"></testcase>
  <testcase name="Configurations With ephemeral CD-ROM For various bus types [test_id:3776] Should be rejected when using virtio" classname="Tests Suite" time="5.58096645"></testcase>
  <testcase name="Configurations With ephemeral CD-ROM For various bus types [test_id:3808] Should be rejected when using ide" classname="Tests Suite" time="5.403260347"></testcase>
  <testcase name="Configurations Custom PCI Addresses configuration should configure custom pci address [test_id:5270]across all available PCI functions of a single slot" classname="Tests Suite" time="83.189049225"></testcase>
  <testcase name="[sig-network] Dual stack cluster network configuration when dual stack cluster configuration is enabled the cluster must be dual stack" classname="Tests Suite" time="0.021652014"></testcase>
  <testcase name="oc/kubectl integration [test_id:3812]explain vm/vmi [test_id:3810]explain vm" classname="Tests Suite" time="4.117867887"></testcase>
  <testcase name="oc/kubectl integration [test_id:3812]explain vm/vmi [test_id:3811]explain vmi" classname="Tests Suite" time="5.290194304"></testcase>
  <testcase name="oc/kubectl integration [test_id:3812]explain vm/vmi [test_id:5178]explain vmim" classname="Tests Suite" time="5.367690108"></testcase>
  <testcase name="oc/kubectl integration [test_id:3812]explain vm/vmi [test_id:5179]explain kv" classname="Tests Suite" time="5.424009697"></testcase>
  <testcase name="oc/kubectl integration [test_id:3812]explain vm/vmi [test_id:5180]explain vmsnapshot" classname="Tests Suite" time="5.37749936"></testcase>
  <testcase name="oc/kubectl integration [test_id:3812]explain vm/vmi [test_id:5181]explain vmsnapshotcontent" classname="Tests Suite" time="5.406720343"></testcase>
  <testcase name="oc/kubectl integration [test_id:5183]vmirs have validation" classname="Tests Suite" time="5.378536525"></testcase>
  <testcase name="oc/kubectl integration [rfe_id:3423][vendor:cnv-qe@redhat.com][level:component]oc/kubectl get vm/vmi tests should verify set of columns for [test_id:3465]virtualmachineinstance" classname="Tests Suite" time="12.423197218"></testcase>
  <testcase name="oc/kubectl integration [rfe_id:3423][vendor:cnv-qe@redhat.com][level:component]oc/kubectl get vm/vmi tests should verify set of wide columns for [test_id:3466]virtualmachineinstance" classname="Tests Suite" time="9.895509693"></testcase>
  <testcase name="oc/kubectl integration [rfe_id:3423][vendor:cnv-qe@redhat.com][level:component]oc/kubectl get vm/vmi tests should verify set of wide columns for [test_id:4422]virtualmachineinstance" classname="Tests Suite" time="9.854080698"></testcase>
  <testcase name="[rfe_id:127][posneg:negative][crit:medium][vendor:cnv-qe@redhat.com][level:component]Console [rfe_id:127][posneg:negative][crit:medium][vendor:cnv-qe@redhat.com][level:component]A new VirtualMachineInstance with a serial console with a cirros image [test_id:1588]should return that we are running cirros" classname="Tests Suite" time="27.270727971"></testcase>
  <testcase name="[rfe_id:127][posneg:negative][crit:medium][vendor:cnv-qe@redhat.com][level:component]Console [rfe_id:127][posneg:negative][crit:medium][vendor:cnv-qe@redhat.com][level:component]A new VirtualMachineInstance with a serial console with an alpine image should return that we are running alpine [test_id:4636]with ContainerDisk" classname="Tests Suite" time="20.017833264"></testcase>
  <testcase name="[rfe_id:127][posneg:negative][crit:medium][vendor:cnv-qe@redhat.com][level:component]Console [rfe_id:127][posneg:negative][crit:medium][vendor:cnv-qe@redhat.com][level:component]A new VirtualMachineInstance with a serial console [test_id:1592]should wait until the virtual machine is in running state and return a stream interface" classname="Tests Suite" time="10.877228308"></testcase>
  <testcase name="[rfe_id:127][posneg:negative][crit:medium][vendor:cnv-qe@redhat.com][level:component]Console [rfe_id:127][posneg:negative][crit:medium][vendor:cnv-qe@redhat.com][level:component]A new VirtualMachineInstance with a serial console [test_id:1593]should fail waiting for the virtual machine instance to be running" classname="Tests Suite" time="34.740141009"></testcase>
  <testcase name="Subresource Api [rfe_id:1195][crit:medium][vendor:cnv-qe@redhat.com][level:component] Rbac Authorization with correct permissions [test_id:3170]should be allowed to access subresource endpoint" classname="Tests Suite" time="5.819971917"></testcase>
  <testcase name="Subresource Api [rfe_id:1195][crit:medium][vendor:cnv-qe@redhat.com][level:component] Rbac Authorization For Version Command with authenticated user [test_id:3172]should be allowed to access subresource version endpoint" classname="Tests Suite" time="7.000196819"></testcase>
  <testcase name="Subresource Api [rfe_id:1177][crit:medium][vendor:cnv-qe@redhat.com][level:component] VirtualMachine subresource with a restart endpoint [test_id:2265][posneg:negative] should return an error when VM has not been found but VMI is running" classname="Tests Suite" time="9.428206454"></testcase>
  <testcase name="Subresource Api [rfe_id:1177][crit:medium][vendor:cnv-qe@redhat.com][level:component] VirtualMachine subresource With RunStrategy RerunOnFailure [test_id:3176]Should restart the VM" classname="Tests Suite" time="21.798730095"></testcase>
  <testcase name="[rfe_id:500][crit:high][vendor:cnv-qe@redhat.com][level:component]User Access With default kubevirt service accounts should verify permissions on resources are correct for view, edit, and admin [test_id:528]given a vmi preset" classname="Tests Suite" time="6.81937083"></testcase>
  <testcase name="[rfe_id:500][crit:high][vendor:cnv-qe@redhat.com][level:component]User Access With default kubevirt service accounts should verify permissions on resources are correct for view, edit, and admin [test_id:5243]given a vmsnapshot" classname="Tests Suite" time="6.610190507"></testcase>
  <testcase name="[rfe_id:500][crit:high][vendor:cnv-qe@redhat.com][level:component]User Access With default kubevirt service accounts should verify permissions on subresources are correct for view, edit, and admin [test_id:3232]on vm start" classname="Tests Suite" time="7.807737223"></testcase>
  <testcase name="[rfe_id:273][crit:high][vendor:cnv-qe@redhat.com][level:component]VMIlifecycle [rfe_id:273][crit:high][vendor:cnv-qe@redhat.com][level:component]Creating a VirtualMachineInstance [test_id:1619]should success" classname="Tests Suite" time="4.00515636"></testcase>
  <testcase name="[rfe_id:273][crit:high][vendor:cnv-qe@redhat.com][level:component]VMIlifecycle [rfe_id:273][crit:high][vendor:cnv-qe@redhat.com][level:component]Creating a VirtualMachineInstance [test_id:1621]should attach virt-launcher to it" classname="Tests Suite" time="13.230315925"></testcase>
  <testcase name="[rfe_id:273][crit:high][vendor:cnv-qe@redhat.com][level:component]VMIlifecycle [rfe_id:273][crit:high][vendor:cnv-qe@redhat.com][level:component]Creating a VirtualMachineInstance [test_id:3197]should log libvirtd debug logs when enabled" classname="Tests Suite" time="9.825782554"></testcase>
  <testcase name="[rfe_id:273][crit:high][vendor:cnv-qe@redhat.com][level:component]VMIlifecycle [rfe_id:273][crit:high][vendor:cnv-qe@redhat.com][level:component]Creating a VirtualMachineInstance [test_id:1624]should reject PATCH if schema is invalid" classname="Tests Suite" time="4.9910231320000005"></testcase>
  <testcase name="[rfe_id:273][crit:high][vendor:cnv-qe@redhat.com][level:component]VMIlifecycle [rfe_id:273][crit:high][vendor:cnv-qe@redhat.com][level:component]Creating a VirtualMachineInstance with boot order [rfe_id:273][crit:high][vendor:cnv-qe@redhat.com][level:component]should be able to boot from selected disk [test_id:1627]Alpine as first boot" classname="Tests Suite" time="23.707627006"></testcase>
  <testcase name="[rfe_id:273][crit:high][vendor:cnv-qe@redhat.com][level:component]VMIlifecycle [rfe_id:273][crit:high][vendor:cnv-qe@redhat.com][level:component]Creating a VirtualMachineInstance with affinity [test_id:1638]the vmi with node affinity and anti-pod affinity should not be scheduled" classname="Tests Suite" time="12.57492853"></testcase>
  <testcase name="[rfe_id:273][crit:high][vendor:cnv-qe@redhat.com][level:component]VMIlifecycle [rfe_id:273][crit:high][vendor:cnv-qe@redhat.com][level:component]Creating a VirtualMachineInstance VM Accelerated Mode [test_id:1648]Should provide KVM via plugin framework" classname="Tests Suite" time="6.199836312"></testcase>
  <testcase name="[rfe_id:273][crit:high][vendor:cnv-qe@redhat.com][level:component]VMIlifecycle [rfe_id:273][crit:high][vendor:cnv-qe@redhat.com][level:component]Get a VirtualMachineInstance when that not exist [test_id:1649]should return 404" classname="Tests Suite" time="5.998346668"></testcase>
  <testcase name="[rfe_id:273][crit:high][vendor:cnv-qe@redhat.com][level:component]VMIlifecycle [rfe_id:273][crit:high][vendor:cnv-qe@redhat.com][level:component]Delete a VirtualMachineInstance with ACPI and 0 grace period seconds [test_id:1652]should result in vmi status failed" classname="Tests Suite" time="38.757199823"></testcase>
  <testcase name="[rfe_id:273][crit:high][vendor:cnv-qe@redhat.com][level:component]VMIlifecycle [rfe_id:273][crit:high][vendor:cnv-qe@redhat.com][level:component]Delete a VirtualMachineInstance with grace period greater than 0 [test_id:1655]should run graceful shutdown" classname="Tests Suite" time="17.093920032"></testcase>
  <testcase name="[rfe_id:3064][crit:medium][vendor:cnv-qe@redhat.com][level:component]Pausing A valid VMI when paused via virtctl [test_id:3079]should signal paused state with condition" classname="Tests Suite" time="14.545059733"></testcase>
  <testcase name="[rfe_id:3064][crit:medium][vendor:cnv-qe@redhat.com][level:component]Pausing A valid VMI when paused via virtctl multiple times [test_id:3225]should signal unpaused state with removed condition at the end" classname="Tests Suite" time="22.953679276"></testcase>
  <testcase name="[rfe_id:3064][crit:medium][vendor:cnv-qe@redhat.com][level:component]Pausing A valid VM when paused via virtctl [test_id:3088]should gracefully handle pausing the VMI again" classname="Tests Suite" time="14.766879561"></testcase>
  <testcase name="[rfe_id:3064][crit:medium][vendor:cnv-qe@redhat.com][level:component]Pausing A valid VM when paused via virtctl [test_id:3085]should be stopped successfully" classname="Tests Suite" time="20.15599276"></testcase>
  <testcase name="[rfe_id:3064][crit:medium][vendor:cnv-qe@redhat.com][level:component]Pausing A valid VM when paused via virtctl [test_id:3086]should not be migrated" classname="Tests Suite" time="14.779257034"></testcase>
  <testcase name="[rfe_id:3064][crit:medium][vendor:cnv-qe@redhat.com][level:component]Pausing A valid VM when paused via virtctl [test_id:3084]should gracefully handle vnc connection" classname="Tests Suite" time="14.801419121"></testcase>
  <testcase name="[rfe_id:151][crit:high][vendor:cnv-qe@redhat.com][level:component]CloudInit UserData [rfe_id:151][crit:medium][vendor:cnv-qe@redhat.com][level:component]A new VirtualMachineInstance with cloudInitNoCloud userDataBase64 source with injected ssh-key [test_id:1616]should have ssh-key under authorized keys" classname="Tests Suite" time="72.946404471"></testcase>
  <testcase name="[rfe_id:151][crit:high][vendor:cnv-qe@redhat.com][level:component]CloudInit UserData [rfe_id:151][crit:medium][vendor:cnv-qe@redhat.com][level:component]A new VirtualMachineInstance with cloudInitConfigDrive userData source [test_id:3180]should process provided cloud-init data" classname="Tests Suite" time="42.377507295"></testcase>
  <testcase name="[rfe_id:151][crit:high][vendor:cnv-qe@redhat.com][level:component]CloudInit UserData [rfe_id:151][crit:medium][vendor:cnv-qe@redhat.com][level:component]A new VirtualMachineInstance with cloudInitNoCloud networkData [test_id:3182]should have cloud-init network-config with NetworkDataBase64 source" classname="Tests Suite" time="36.669621129"></testcase>
  <testcase name="[rfe_id:151][crit:high][vendor:cnv-qe@redhat.com][level:component]CloudInit UserData [rfe_id:151][crit:medium][vendor:cnv-qe@redhat.com][level:component]A new VirtualMachineInstance with cloudInitConfigDrive networkData [test_id:3185]should have cloud-init network-config with NetworkDataBase64 source" classname="Tests Suite" time="33.335055705"></testcase>
  <testcase name="[rfe_id:151][crit:high][vendor:cnv-qe@redhat.com][level:component]CloudInit UserData [rfe_id:151][crit:medium][vendor:cnv-qe@redhat.com][level:component]A new VirtualMachineInstance with cloudInitConfigDrive networkData [test_id:3187]should have cloud-init userdata and network-config from separate k8s secrets with lowercase labels" classname="Tests Suite" time="37.216502751"></testcase>
  <testcase name="[rfe_id:1177][crit:medium][vendor:cnv-qe@redhat.com][level:component]VirtualMachine A valid VirtualMachine given cpu/memory in requests/limits should allow int type" classname="Tests Suite" time="28.936499212"></testcase>
  <testcase name="[rfe_id:1177][crit:medium][vendor:cnv-qe@redhat.com][level:component]VirtualMachine A valid VirtualMachine given [test_id:1521]should remove VirtualMachineInstance once the VM is marked for deletion with ContainerDisk" classname="Tests Suite" time="3.649980082"></testcase>
  <testcase name="[rfe_id:1177][crit:medium][vendor:cnv-qe@redhat.com][level:component]VirtualMachine A valid VirtualMachine given [test_id:1523]should recreate VirtualMachineInstance if it gets deleted" classname="Tests Suite" time="23.669858017"></testcase>
  <testcase name="[rfe_id:1177][crit:medium][vendor:cnv-qe@redhat.com][level:component]VirtualMachine A valid VirtualMachine given [test_id:1526]should start and stop VirtualMachineInstance multiple times" classname="Tests Suite" time="109.605315078"></testcase>
  <testcase name="[rfe_id:1177][crit:medium][vendor:cnv-qe@redhat.com][level:component]VirtualMachine A valid VirtualMachine given Using virtctl interface Using RunStrategyAlways [test_id:3164]should restart a running VM" classname="Tests Suite" time="16.552051877"></testcase>
  <testcase name="[rfe_id:1177][crit:medium][vendor:cnv-qe@redhat.com][level:component]VirtualMachine A valid VirtualMachine given Using virtctl interface Using RunStrategyAlways [test_id:4119]should migrate a running VM" classname="Tests Suite" time="18.965462735"></testcase>
  <testcase name="[rfe_id:1177][crit:medium][vendor:cnv-qe@redhat.com][level:component]VirtualMachine A valid VirtualMachine given Using virtctl interface Using RunStrategyRerunOnFailure [test_id:2187] should restart a running VM" classname="Tests Suite" time="24.988359593"></testcase>
  <testcase name="[rfe_id:1177][crit:medium][vendor:cnv-qe@redhat.com][level:component]VirtualMachine A valid VirtualMachine given Using virtctl interface Using RunStrategyManual [test_id:2189] should stop" classname="Tests Suite" time="15.775486629"></testcase>
  <testcase name="[rfe_id:1177][crit:medium][vendor:cnv-qe@redhat.com][level:component]VirtualMachine A valid VirtualMachine given Using virtctl interface Using RunStrategyManual [test_id:2190] should not remove a succeeded VMI" classname="Tests Suite" time="54.266054255"></testcase>
  <testcase name="[rfe_id:1177][crit:medium][vendor:cnv-qe@redhat.com][level:component]VirtualMachine [rfe_id:273]with oc/kubectl [test_id:233][posneg:negative]should fail when deleting nonexistent VM" classname="Tests Suite" time="3.703084673"></testcase>
  <testcase name="[rfe_id:1177][crit:medium][vendor:cnv-qe@redhat.com][level:component]VirtualMachine [rfe_id:273]with oc/kubectl as ordinary OCP user trough test service account should fail without right rights [test_id:2914]should create VM via command line" classname="Tests Suite" time="5.661149033"></testcase>
  <testcase name="[rfe_id:1177][crit:medium][vendor:cnv-qe@redhat.com][level:component]VirtualMachine VM rename VM update [test_id:4654]should fail if the new name is already taken" classname="Tests Suite" time="5.136889376"></testcase>
  <testcase name="[rfe_id:1177][crit:medium][vendor:cnv-qe@redhat.com][level:component]VirtualMachine VM rename VM update [test_id:4656]should fail if the new name is invalid" classname="Tests Suite" time="5.473606278"></testcase>
  <testcase name="[rfe_id:1177][crit:medium][vendor:cnv-qe@redhat.com][level:component]VirtualMachine VM rename VM update [test_id:4658]should fail if the VM is running" classname="Tests Suite" time="5.29909354"></testcase>
  <testcase name="[rfe_id:253][crit:medium][vendor:cnv-qe@redhat.com][level:component]Expose Expose service on a VM Expose ClusterIP service [label:masquerade_binding_connectivity]Should expose a Cluster IP service on a VMI and connect to it over IPv6 IP family" classname="Tests Suite" time="58.924207263"></testcase>
  <testcase name="[rfe_id:253][crit:medium][vendor:cnv-qe@redhat.com][level:component]Expose Expose UDP service on a VMI Expose ClusterIP UDP service [label:masquerade_binding_connectivity]Should expose a ClusterIP service on a VMI and connect to it over IPv6 IP family" classname="Tests Suite" time="60.70884214"></testcase>
  <testcase name="[rfe_id:253][crit:medium][vendor:cnv-qe@redhat.com][level:component]Expose Expose service on a VMI replica set Expose ClusterIP service [label:masquerade_binding_connectivity]Should create a ClusterIP service on VMRS and connect to it [test_id:1537] over default IPv4 IP family" classname="Tests Suite" time="56.85920144"></testcase>
  <testcase name="[rfe_id:253][crit:medium][vendor:cnv-qe@redhat.com][level:component]Expose Expose a VM as a service. Expose a VM as a ClusterIP service. [label:masquerade_binding_connectivity]Connect to ClusterIP service that was set when VM was offline. over IPv6 IP family" classname="Tests Suite" time="78.071005278"></testcase>
  <testcase name="[rfe_id:253][crit:medium][vendor:cnv-qe@redhat.com][level:component]Expose Expose a VM as a service. Expose a VM as a ClusterIP service. [label:masquerade_binding_connectivity]Should Verify an exposed service of a VM is not functional after VM deletion. [test_id:343] over default IPv4 IP family" classname="Tests Suite" time="113.112563439"></testcase>
  <testcase name="[rfe_id:588][crit:medium][vendor:cnv-qe@redhat.com][level:component]ContainerDisk [rfe_id:273][crit:medium][vendor:cnv-qe@redhat.com][level:component]Starting a VirtualMachineInstance with ephemeral registry disk [test_id:1464]should not modify the spec on status update" classname="Tests Suite" time="11.703897735"></testcase>
  <testcase name="[rfe_id:588][crit:medium][vendor:cnv-qe@redhat.com][level:component]ContainerDisk [rfe_id:273][crit:medium][vendor:cnv-qe@redhat.com][level:component]Starting multiple VMIs with ephemeral registry disk [test_id:1465]should success" classname="Tests Suite" time="12.522127058"></testcase>
  <testcase name="[rfe_id:588][crit:medium][vendor:cnv-qe@redhat.com][level:component]ContainerDisk [rfe_id:273][crit:medium][vendor:cnv-qe@redhat.com][level:component]Starting from custom image location with disk at /custom-disk/downloaded [test_id:1466]should boot normally" classname="Tests Suite" time="12.949237028"></testcase>
  <testcase name="[rfe_id:588][crit:medium][vendor:cnv-qe@redhat.com][level:component]ContainerDisk [rfe_id:4052][crit:high][vendor:cnv-qe@redhat.com][level:component]VMI disk permissions with ephemeral registry disk [test_id:4299]should not have world write permissions" classname="Tests Suite" time="18.873240236"></testcase>
  <testcase name="Storage Starting a VirtualMachineInstance [rfe_id:3106][crit:medium][vendor:cnv-qe@redhat.com][level:component]with Alpine PVC should be successfully started [test_id:3131]with CDRom PVC" classname="Tests Suite" time="16.936873432"></testcase>
  <testcase name="Storage Starting a VirtualMachineInstance [rfe_id:3106][crit:medium][vendor:cnv-qe@redhat.com][level:component]with Alpine PVC should be successfully started [test_id:4618]with NFS Disk PVC using ipv4 address of the NFS pod" classname="Tests Suite" time="111.100553018"></testcase>
  <testcase name="Storage Starting a VirtualMachineInstance [rfe_id:3106][crit:medium][vendor:cnv-qe@redhat.com][level:component]With ephemeral alpine PVC should be successfully started [test_id:3136]with Ephemeral PVC" classname="Tests Suite" time="26.447643722"></testcase>
  <testcase name="Storage Starting a VirtualMachineInstance [rfe_id:3106][crit:medium][vendor:cnv-qe@redhat.com][level:component]With ephemeral alpine PVC should be successfully started with Ephemeral PVC from NFS using ipv6 address of the NFS pod" classname="Tests Suite" time="117.223324413"></testcase>
  <testcase name="Storage Starting a VirtualMachineInstance [rfe_id:3106][crit:medium][vendor:cnv-qe@redhat.com][level:component]With VirtualMachineInstance with two PVCs [test_id:3138]should start vmi multiple times" classname="Tests Suite" time="63.511136794"></testcase>
  <testcase name="Storage Starting a VirtualMachineInstance [rfe_id:2298][crit:medium][vendor:cnv-qe@redhat.com][level:component] With HostDisk and PVC initialization With a HostDisk defined With &#39;DiskExists&#39; type [test_id:847]Should fail with a capacity option" classname="Tests Suite" time="6.228181872"></testcase>
  <testcase name="Storage Starting a VirtualMachineInstance [rfe_id:2298][crit:medium][vendor:cnv-qe@redhat.com][level:component] With HostDisk and PVC initialization With multiple empty PVCs [test_id:868]Should initialize an empty PVC by creating a disk.img" classname="Tests Suite" time="20.836776503"></testcase>
  <testcase name="Storage Starting a VirtualMachineInstance [rfe_id:2288][crit:high][vendor:cnv-qe@redhat.com][level:component]With Alpine ISCSI PVC (using ISCSI IPv4 address) [test_id:3139]should be successfully started" classname="Tests Suite" time="32.173235579"></testcase>
  <testcase name="[sig-storage] Hotplug Offline VM Should add volumes on an offline VM with PersistentVolume" classname="Tests Suite" time="14.95006396"></testcase>
  <testcase name="HookSidecars [rfe_id:2667][crit:medium][vendor:cnv-qe@redhat.com][level:component] VMI definition with SM BIOS hook sidecar [test_id:3155]should successfully start with hook sidecar annotation" classname="Tests Suite" time="15.445127263"></testcase>
  <testcase name="HookSidecars [rfe_id:2667][crit:medium][vendor:cnv-qe@redhat.com][level:component] VMI definition with SM BIOS hook sidecar [test_id:3157]should call Collect and OnDefineDomain on the hook sidecar" classname="Tests Suite" time="13.733734444"></testcase>
  <testcase name="HookSidecars [rfe_id:2667][crit:medium][vendor:cnv-qe@redhat.com][level:component] VMI definition with SM BIOS hook sidecar should not start with hook sidecar annotation when the version is not provided" classname="Tests Suite" time="9.613926035"></testcase>
  <testcase name="Guest Access Credentials with secret and configDrive propagation should have ssh-key under authorized keys" classname="Tests Suite" time="75.998130697"></testcase>
  <testcase name="[ref_id:1182]Probes for readiness should succeed [test_id:1202][posneg:positive]with working TCP probe and tcp server on ipv6" classname="Tests Suite" time="29.52066373"></testcase>
  <testcase name="[ref_id:1182]Probes for readiness should succeed [test_id:1202][posneg:positive]with working HTTP probe and http server, no ip family is specified " classname="Tests Suite" time="37.776830484"></testcase>
  <testcase name="[ref_id:1182]Probes for readiness should fail [test_id:1220][posneg:negative]with working TCP probe and no running server" classname="Tests Suite" time="11.16997893"></testcase>
  <testcase name="[ref_id:1182]Probes for liveness should not fail the VMI [test_id:1199][posneg:positive]with working TCP probe and tcp server on ipv4" classname="Tests Suite" time="154.673977417"></testcase>
  <testcase name="[ref_id:1182]Probes for liveness should not fail the VMI [test_id:1201][posneg:positive]with working HTTP probe and http server on ipv6" classname="Tests Suite" time="134.320741306"></testcase>
  <testcase name="[ref_id:1182]Probes for liveness should fail the VMI [test_id:1217][posneg:negative]with working TCP probe and no running server" classname="Tests Suite" time="119.756321177"></testcase>
  <testcase name="[rfe_id:609][crit:medium][vendor:cnv-qe@redhat.com][level:component]VMIPreset CRD Validation [test_id:1595]Should reject POST if schema is invalid" classname="Tests Suite" time="3.609250789"></testcase>
  <testcase name="[rfe_id:609][crit:medium][vendor:cnv-qe@redhat.com][level:component]VMIPreset Preset Matching [test_id:1597]Should be accepted on POST" classname="Tests Suite" time="5.423453818"></testcase>
  <testcase name="[rfe_id:609][crit:medium][vendor:cnv-qe@redhat.com][level:component]VMIPreset Preset Matching [test_id:1601]Should accept presets that don&#39;t conflict with VirtualMachineInstance settings" classname="Tests Suite" time="16.443336703"></testcase>
  <testcase name="[rfe_id:609][crit:medium][vendor:cnv-qe@redhat.com][level:component]VMIPreset Conflict [test_id:1605]should denied to start the VMI" classname="Tests Suite" time="6.632578237"></testcase>
  <testcase name="[rfe_id:609][crit:medium][vendor:cnv-qe@redhat.com][level:component]VMIPreset Override [test_id:644][rfe_id:609] should override presets" classname="Tests Suite" time="6.493403955"></testcase>
  <testcase name="[rfe_id:609][crit:medium][vendor:cnv-qe@redhat.com][level:component]VMIPreset [rfe_id:613]MatchLabels [test_id:672] Should match multiple VMs via MatchLabel" classname="Tests Suite" time="6.799617401"></testcase>
  <testcase name="CloudInitHookSidecars VMI definition with CloudInit hook sidecar [test_id:3167]should successfully start with hook sidecar annotation" classname="Tests Suite" time="3.606831911"></testcase>
  <testcase name="CloudInitHookSidecars VMI definition with CloudInit hook sidecar [test_id:3169]should have cloud-init user-data from sidecar" classname="Tests Suite" time="42.612650227"></testcase>
  <testcase name="Configurations [rfe_id:897][crit:medium][vendor:cnv-qe@redhat.com][level:component]for CPU and memory limits should [test_id:3112]lead to get the guaranteed QOS class assigned when only limits are set" classname="Tests Suite" time="4.6403501689999995"></testcase>
  <testcase name="Configurations VirtualMachineInstance definition [rfe_id:140][crit:medium][vendor:cnv-qe@redhat.com][level:component]with no memory requested [test_id:3113]should failed to the VMI creation" classname="Tests Suite" time="4.559436245"></testcase>
  <testcase name="Configurations VirtualMachineInstance definition [rfe_id:140][crit:medium][vendor:cnv-qe@redhat.com][level:component]with diverging guest memory from requested memory [test_id:1669]should show the requested guest memory inside the VMI" classname="Tests Suite" time="37.667305521"></testcase>
  <testcase name="Configurations VirtualMachineInstance definition [rfe_id:609][crit:medium][vendor:cnv-qe@redhat.com][level:component]Support memory over commitment test [test_id:730]Check OverCommit VM Created and Started" classname="Tests Suite" time="11.730655209"></testcase>
  <testcase name="Configurations VirtualMachineInstance definition [rfe_id:609][crit:medium][vendor:cnv-qe@redhat.com][level:component]Support memory over commitment test [test_id:732]Check Free memory on the VMI" classname="Tests Suite" time="37.443197124"></testcase>
  <testcase name="Configurations VirtualMachineInstance definition [rfe_id:3077][crit:medium][vendor:cnv-qe@redhat.com][level:component]with input devices [test_id:2642]should failed to start the VMI with wrong type of input device" classname="Tests Suite" time="3.627740525"></testcase>
  <testcase name="Configurations VirtualMachineInstance definition [rfe_id:3077][crit:medium][vendor:cnv-qe@redhat.com][level:component]with input devices [test_id:3074]should failed to start the VMI with wrong bus of input device" classname="Tests Suite" time="5.453180853"></testcase>
  <testcase name="Configurations VirtualMachineInstance definition [rfe_id:3077][crit:medium][vendor:cnv-qe@redhat.com][level:component]with input devices [test_id:3073]should start the VMI with tablet input device with usb bus" classname="Tests Suite" time="23.583151141"></testcase>
  <testcase name="Configurations VirtualMachineInstance definition [rfe_id:893][crit:medium][vendor:cnv-qe@redhat.com][level:component]with rng [test_id:1674]should have the virtio rng device present when present" classname="Tests Suite" time="19.511636222"></testcase>
  <testcase name="Configurations VirtualMachineInstance definition with Clock and timezone [test_id:5268]guest should see timezone" classname="Tests Suite" time="33.256046097"></testcase>
  <testcase name="Configurations [rfe_id:140][crit:medium][vendor:cnv-qe@redhat.com][level:component]with CPU spec [rfe_id:140][crit:medium][vendor:cnv-qe@redhat.com][level:component]when CPU model not defined [test_id:1680]should report CPU model from libvirt capabilities" classname="Tests Suite" time="53.083731204"></testcase>
  <testcase name="Configurations [rfe_id:898][crit:medium][vendor:cnv-qe@redhat.com][level:component]New VirtualMachineInstance with all supported drives [test_id:3906]should configure custom Pci address" classname="Tests Suite" time="33.36145514"></testcase>
  <testcase name="Configurations Custom PCI Addresses configuration should configure custom pci address [test_id:5269]across all available PCI root bus slots" classname="Tests Suite" time="74.582916322"></testcase>
  <testcase name="Configurations Check KVM CPUID advertisement [test_id:5272]test cpuid default" classname="Tests Suite" time="77.533743011"></testcase>
  <testcase name="[rfe_id:3423][crit:high][vendor:cnv-qe@redhat.com][level:component]VmWatch [test_id:3466]Should update vmi status with the proper columns using &#39;kubectl get vmi -w&#39;" classname="Tests Suite" time="42.043120657"></testcase>
  <testcase name="[rfe_id:127][posneg:negative][crit:medium][vendor:cnv-qe@redhat.com][level:component]Console [rfe_id:127][posneg:negative][crit:medium][vendor:cnv-qe@redhat.com][level:component]A new VirtualMachineInstance with a serial console [test_id:1590]should be able to reconnect to console multiple times" classname="Tests Suite" time="20.881266519"></testcase>
  <testcase name="[rfe_id:127][posneg:negative][crit:medium][vendor:cnv-qe@redhat.com][level:component]Console [rfe_id:127][posneg:negative][crit:medium][vendor:cnv-qe@redhat.com][level:component]A new VirtualMachineInstance with a serial console [test_id:1594]should fail waiting for the expecter" classname="Tests Suite" time="34.478906548"></testcase>
  <testcase name="Subresource Api [rfe_id:1195][crit:medium][vendor:cnv-qe@redhat.com][level:component] Rbac Authorization Without permissions [test_id:3171]should not be able to access subresource endpoint" classname="Tests Suite" time="5.817799896"></testcase>
  <testcase name="Subresource Api [rfe_id:1177][crit:medium][vendor:cnv-qe@redhat.com][level:component] VirtualMachine subresource with a restart endpoint [test_id:1304] should restart a VM" classname="Tests Suite" time="21.633698621"></testcase>
  <testcase name="Subresource Api [rfe_id:1195][crit:medium][vendor:cnv-qe@redhat.com][level:component] the openapi spec for the subresources [test_id:3177]should be aggregated into the apiserver openapi spec" classname="Tests Suite" time="3.7660336389999998"></testcase>
  <testcase name="[rfe_id:500][crit:high][vendor:cnv-qe@redhat.com][level:component]User Access With default kubevirt service accounts should verify permissions on resources are correct for view, edit, and admin [test_id:526]given a vmi" classname="Tests Suite" time="8.372390925"></testcase>
  <testcase name="[rfe_id:500][crit:high][vendor:cnv-qe@redhat.com][level:component]User Access With default kubevirt service accounts should verify permissions on resources are correct for view, edit, and admin [test_id:527]given a vm" classname="Tests Suite" time="6.601059387"></testcase>
  <testcase name="[rfe_id:500][crit:high][vendor:cnv-qe@redhat.com][level:component]User Access With default kubevirt service accounts should verify permissions on resources are correct for view, edit, and admin [test_id:3230]given a vmi migration" classname="Tests Suite" time="6.578921971"></testcase>
  <testcase name="[rfe_id:500][crit:high][vendor:cnv-qe@redhat.com][level:component]User Access With default kubevirt service accounts should verify permissions on resources are correct for view, edit, and admin [test_id:5245]given a vmsrestore" classname="Tests Suite" time="6.787434269"></testcase>
  <testcase name="[rfe_id:500][crit:high][vendor:cnv-qe@redhat.com][level:component]User Access With default kubevirt service accounts should verify permissions on subresources are correct for view, edit, and admin [test_id:3234]on vm restart" classname="Tests Suite" time="7.809394179"></testcase>
  <testcase name="[rfe_id:273][crit:high][vendor:cnv-qe@redhat.com][level:component]VMIlifecycle [rfe_id:273][crit:high][vendor:cnv-qe@redhat.com][level:component]Creating a VirtualMachineInstance [test_id:3195]should carry annotations to pod" classname="Tests Suite" time="10.50128279"></testcase>
  <testcase name="[rfe_id:273][crit:high][vendor:cnv-qe@redhat.com][level:component]VMIlifecycle [rfe_id:273][crit:high][vendor:cnv-qe@redhat.com][level:component]Creating a VirtualMachineInstance [test_id:1622]should log libvirtd logs" classname="Tests Suite" time="11.495566304"></testcase>
  <testcase name="[rfe_id:273][crit:high][vendor:cnv-qe@redhat.com][level:component]VMIlifecycle [rfe_id:273][crit:high][vendor:cnv-qe@redhat.com][level:component]Creating a VirtualMachineInstance when name is longer than 63 characters [test_id:1625]should start it" classname="Tests Suite" time="20.946585823"></testcase>
  <testcase name="[rfe_id:273][crit:high][vendor:cnv-qe@redhat.com][level:component]VMIlifecycle [rfe_id:273][crit:high][vendor:cnv-qe@redhat.com][level:component]Creating a VirtualMachineInstance with user-data without k8s secret [test_id:1629][posneg:negative]should not be able to start virt-launcher pod" classname="Tests Suite" time="5.305218067"></testcase>
  <testcase name="[rfe_id:273][crit:high][vendor:cnv-qe@redhat.com][level:component]VMIlifecycle [rfe_id:273][crit:high][vendor:cnv-qe@redhat.com][level:component]Creating a VirtualMachineInstance with user-data without k8s secret [test_id:1630]should log warning and proceed once the secret is there" classname="Tests Suite" time="13.610536136"></testcase>
  <testcase name="[rfe_id:273][crit:high][vendor:cnv-qe@redhat.com][level:component]VMIlifecycle [rfe_id:273][crit:high][vendor:cnv-qe@redhat.com][level:component]Creating a VirtualMachineInstance with non default namespace [rfe_id:273][crit:high][vendor:cnv-qe@redhat.com][level:component]should log libvirt start and stop lifecycle events of the domain [test_id:1641]kubevirt-test-default" classname="Tests Suite" time="16.060254626"></testcase>
  <testcase name="[rfe_id:273][crit:high][vendor:cnv-qe@redhat.com][level:component]VMIlifecycle [rfe_id:273][crit:high][vendor:cnv-qe@redhat.com][level:component]Creating a VirtualMachineInstance VM Accelerated Mode [test_id:1646]should request a KVM and TUN device" classname="Tests Suite" time="12.24617185"></testcase>
  <testcase name="[rfe_id:273][crit:high][vendor:cnv-qe@redhat.com][level:component]VMIlifecycle [rfe_id:273][crit:high][vendor:cnv-qe@redhat.com][level:component]Delete a VirtualMachineInstance&#39;s Pod [test_id:1650]should result in the VirtualMachineInstance moving to a finalized state" classname="Tests Suite" time="13.480832963"></testcase>
  <testcase name="[rfe_id:273][crit:high][vendor:cnv-qe@redhat.com][level:component]VMIlifecycle [rfe_id:273][crit:high][vendor:cnv-qe@redhat.com][level:component]Delete a VirtualMachineInstance with ACPI and some grace period seconds [rfe_id:273][crit:medium][vendor:cnv-qe@redhat.com][level:component]should result in vmi status succeeded [test_id:1653]with set grace period seconds" classname="Tests Suite" time="42.576415315"></testcase>
  <testcase name="[rfe_id:3064][crit:medium][vendor:cnv-qe@redhat.com][level:component]Pausing A valid VMI when paused via API [test_id:4597]should signal paused state with condition" classname="Tests Suite" time="16.366719331"></testcase>
  <testcase name="[rfe_id:3064][crit:medium][vendor:cnv-qe@redhat.com][level:component]Pausing A valid VMI with a LivenessProbe configured when paused via virtctl [test_id:3224]should not be paused" classname="Tests Suite" time="10.678011808"></testcase>
  <testcase name="[rfe_id:3064][crit:medium][vendor:cnv-qe@redhat.com][level:component]Pausing A valid VM when paused via virtctl [test_id:3059]should signal paused state with condition" classname="Tests Suite" time="14.771568917"></testcase>
  <testcase name="[rfe_id:3064][crit:medium][vendor:cnv-qe@redhat.com][level:component]Pausing A valid VM when paused via virtctl [test_id:3060]should signal unpaused state with removed condition" classname="Tests Suite" time="17.161572877"></testcase>
  <testcase name="[rfe_id:3064][crit:medium][vendor:cnv-qe@redhat.com][level:component]Pausing A valid VM when paused via virtctl [test_id:3229]should gracefully handle being started again" classname="Tests Suite" time="15.803768561"></testcase>
  <testcase name="[rfe_id:3064][crit:medium][vendor:cnv-qe@redhat.com][level:component]Pausing A valid VM when paused via virtctl [test_id:3083]should gracefully handle console connection" classname="Tests Suite" time="15.786540362"></testcase>
  <testcase name="[rfe_id:3064][crit:medium][vendor:cnv-qe@redhat.com][level:component]Pausing Guest and Host uptime difference before pause [test_id:3090]should be less than uptime difference after pause" classname="Tests Suite" time="47.811647992"></testcase>
  <testcase name="[rfe_id:151][crit:high][vendor:cnv-qe@redhat.com][level:component]CloudInit UserData [rfe_id:151][crit:medium][vendor:cnv-qe@redhat.com][level:component]A new VirtualMachineInstance with cloudInitConfigDrive userDataBase64 source with injected ssh-key [test_id:3178]should have ssh-key under authorized keys" classname="Tests Suite" time="68.891381924"></testcase>
  <testcase name="[rfe_id:151][crit:high][vendor:cnv-qe@redhat.com][level:component]CloudInit UserData [rfe_id:151][crit:medium][vendor:cnv-qe@redhat.com][level:component]A new VirtualMachineInstance with cloudInitNoCloud networkData [test_id:3181]should have cloud-init network-config with NetworkData source" classname="Tests Suite" time="32.603840565"></testcase>
  <testcase name="[rfe_id:151][crit:high][vendor:cnv-qe@redhat.com][level:component]CloudInit UserData [rfe_id:151][crit:medium][vendor:cnv-qe@redhat.com][level:component]A new VirtualMachineInstance with cloudInitConfigDrive networkData [test_id:3184]should have cloud-init network-config with NetworkData source" classname="Tests Suite" time="33.271388433"></testcase>
  <testcase name="[rfe_id:151][crit:high][vendor:cnv-qe@redhat.com][level:component]CloudInit UserData [rfe_id:151][crit:medium][vendor:cnv-qe@redhat.com][level:component]A new VirtualMachineInstance with cloudInitConfigDrive networkData [test_id:3186]should have cloud-init network-config from k8s secret" classname="Tests Suite" time="37.940093322"></testcase>
  <testcase name="[rfe_id:1177][crit:medium][vendor:cnv-qe@redhat.com][level:component]VirtualMachine An invalid VirtualMachine given [test_id:1518]should be rejected on POST" classname="Tests Suite" time="3.6239276499999997"></testcase>
  <testcase name="[rfe_id:1177][crit:medium][vendor:cnv-qe@redhat.com][level:component]VirtualMachine An invalid VirtualMachine given [test_id:1519]should reject POST if validation webhoook deems the spec is invalid" classname="Tests Suite" time="5.406218758"></testcase>
  <testcase name="[rfe_id:1177][crit:medium][vendor:cnv-qe@redhat.com][level:component]VirtualMachine An invalid VirtualMachine given with a PVC from a Datavolume [test_id:4643]should NOT be rejected when VM template lists a DataVolume, but VM lists PVC VolumeSource" classname="Tests Suite" time="6.618426323"></testcase>
  <testcase name="[rfe_id:1177][crit:medium][vendor:cnv-qe@redhat.com][level:component]VirtualMachine A valid VirtualMachine given cpu/memory in requests/limits should allow float type" classname="Tests Suite" time="28.715339427"></testcase>
  <testcase name="[rfe_id:1177][crit:medium][vendor:cnv-qe@redhat.com][level:component]VirtualMachine A valid VirtualMachine given [test_id:1522]should remove owner references on the VirtualMachineInstance if it is orphan deleted" classname="Tests Suite" time="5.654839896"></testcase>
  <testcase name="[rfe_id:1177][crit:medium][vendor:cnv-qe@redhat.com][level:component]VirtualMachine A valid VirtualMachine given [test_id:1525]should stop VirtualMachineInstance if running set to false with ContainerDisk" classname="Tests Suite" time="27.907952601"></testcase>
  <testcase name="[rfe_id:1177][crit:medium][vendor:cnv-qe@redhat.com][level:component]VirtualMachine A valid VirtualMachine given [test_id:1528]should survive guest shutdown, multiple times" classname="Tests Suite" time="121.106186221"></testcase>
  <testcase name="[rfe_id:1177][crit:medium][vendor:cnv-qe@redhat.com][level:component]VirtualMachine A valid VirtualMachine given Using virtctl interface Using RunStrategyRerunOnFailure [test_id:2186] should stop a running VM" classname="Tests Suite" time="18.785645411"></testcase>
  <testcase name="[rfe_id:1177][crit:medium][vendor:cnv-qe@redhat.com][level:component]VirtualMachine A valid VirtualMachine given Using virtctl interface Using RunStrategyRerunOnFailure [test_id:2188] should not remove a succeeded VMI" classname="Tests Suite" time="52.354192376"></testcase>
  <testcase name="[rfe_id:1177][crit:medium][vendor:cnv-qe@redhat.com][level:component]VirtualMachine A valid VirtualMachine given VM rename [test_id:4646]should rename a stopped VM only once" classname="Tests Suite" time="3.6725834429999997"></testcase>
  <testcase name="[rfe_id:1177][crit:medium][vendor:cnv-qe@redhat.com][level:component]VirtualMachine A valid VirtualMachine given VM rename [test_id:4647]should rename a stopped VM" classname="Tests Suite" time="5.381698556"></testcase>
  <testcase name="[rfe_id:1177][crit:medium][vendor:cnv-qe@redhat.com][level:component]VirtualMachine A valid VirtualMachine given VM rename [test_id:4649]should reject renaming a VM to the same name" classname="Tests Suite" time="5.370931917"></testcase>
  <testcase name="[rfe_id:1177][crit:medium][vendor:cnv-qe@redhat.com][level:component]VirtualMachine A valid VirtualMachine given VM rename [test_id:4651]should reject renaming a VM with invalid name" classname="Tests Suite" time="5.422742687"></testcase>
  <testcase name="[rfe_id:1177][crit:medium][vendor:cnv-qe@redhat.com][level:component]VirtualMachine [rfe_id:273]with oc/kubectl [test_id:243][posneg:negative]should create VM only once" classname="Tests Suite" time="5.854774851"></testcase>
  <testcase name="[rfe_id:1177][crit:medium][vendor:cnv-qe@redhat.com][level:component]VirtualMachine [rfe_id:273]with oc/kubectl [test_id:299]should create VM via command line using all supported API versions with v1alpha3 api" classname="Tests Suite" time="14.644484758"></testcase>
  <testcase name="[rfe_id:1177][crit:medium][vendor:cnv-qe@redhat.com][level:component]VirtualMachine [rfe_id:273]with oc/kubectl [test_id:232]should create same manifest twice via command line" classname="Tests Suite" time="30.426467416"></testcase>
  <testcase name="[rfe_id:253][crit:medium][vendor:cnv-qe@redhat.com][level:component]Expose Expose service on a VM Expose ClusterIP service [label:masquerade_binding_connectivity]Should expose a Cluster IP service on a VMI and connect to it [test_id:1531] over default IPv4 IP family" classname="Tests Suite" time="36.433261649"></testcase>
  <testcase name="[rfe_id:253][crit:medium][vendor:cnv-qe@redhat.com][level:component]Expose Expose service on a VM Expose ClusterIP service with string target-port Should expose a ClusterIP service and connect to the vm on port 80 over IPv6 IP family" classname="Tests Suite" time="0.032691246"></testcase>
  <testcase name="[rfe_id:253][crit:medium][vendor:cnv-qe@redhat.com][level:component]Expose Expose service on a VM Expose ClusterIP service with ports on the vmi defined Should expose a ClusterIP service and connect to all ports defined on the vmi [test_id:1533] over default IPv4 IP family" classname="Tests Suite" time="1.03318032"></testcase>
  <testcase name="[rfe_id:253][crit:medium][vendor:cnv-qe@redhat.com][level:component]Expose Expose service on a VM Expose ClusterIP service with ports on the vmi defined Should expose a ClusterIP service and connect to all ports defined on the vmi over IPv6 IP family" classname="Tests Suite" time="1.031942003"></testcase>
  <testcase name="[rfe_id:253][crit:medium][vendor:cnv-qe@redhat.com][level:component]Expose Expose service on a VM Expose NodePort service [label:masquerade_binding_connectivity]Should expose a NodePort service on a VMI and connect to it [test_id:1534] over default IPv4 IP family" classname="Tests Suite" time="4.053886281"></testcase>
  <testcase name="[rfe_id:253][crit:medium][vendor:cnv-qe@redhat.com][level:component]Expose Expose UDP service on a VMI Expose ClusterIP UDP service [label:masquerade_binding_connectivity]Should expose a ClusterIP service on a VMI and connect to it [test_id:1535] over default IPv4 IP family" classname="Tests Suite" time="44.088591909"></testcase>
  <testcase name="[rfe_id:253][crit:medium][vendor:cnv-qe@redhat.com][level:component]Expose Expose UDP service on a VMI Expose NodePort UDP service [label:masquerade_binding_connectivity]Should expose a NodePort service on a VMI and connect to it over IPv6 IP family" classname="Tests Suite" time="82.399470559"></testcase>
  <testcase name="[rfe_id:253][crit:medium][vendor:cnv-qe@redhat.com][level:component]Expose Expose a VM as a service. Expose a VM as a ClusterIP service. [label:masquerade_binding_connectivity]Connect to ClusterIP service that was set when VM was offline. [test_id:1538] over default IPv4 IP family" classname="Tests Suite" time="39.046331531"></testcase>
  <testcase name="[rfe_id:253][crit:medium][vendor:cnv-qe@redhat.com][level:component]Expose Expose a VM as a service. Expose a VM as a ClusterIP service. [label:masquerade_binding_connectivity]Should verify the exposed service is functional before and after VM restart. [test_id:345] over default IPv4 IP family" classname="Tests Suite" time="80.10010617"></testcase>
  <testcase name="[rfe_id:253][crit:medium][vendor:cnv-qe@redhat.com][level:component]Expose Expose a VM as a service. Expose a VM as a ClusterIP service. [label:masquerade_binding_connectivity]Should Verify an exposed service of a VM is not functional after VM deletion. over IPv6 IP family" classname="Tests Suite" time="175.429608823"></testcase>
  <testcase name="Storage Starting a VirtualMachineInstance [rfe_id:3106][crit:medium][vendor:cnv-qe@redhat.com][level:component]with Alpine PVC should be successfully started and stopped multiple times [test_id:3133]with CDRom PVC" classname="Tests Suite" time="63.381101196"></testcase>
  <testcase name="Storage Starting a VirtualMachineInstance [rfe_id:3106][crit:medium][vendor:cnv-qe@redhat.com][level:component]With an emptyDisk defined and a specified serial number [test_id:3135]should create a writeable emptyDisk with the specified serial number" classname="Tests Suite" time="37.464350034"></testcase>
  <testcase name="Storage Starting a VirtualMachineInstance [rfe_id:3106][crit:medium][vendor:cnv-qe@redhat.com][level:component]With ephemeral alpine PVC should be successfully started [test_id:4619]with Ephemeral PVC from NFS using ipv4 address of the NFS pod" classname="Tests Suite" time="115.354827275"></testcase>
  <testcase name="Storage Starting a VirtualMachineInstance [rfe_id:3106][crit:medium][vendor:cnv-qe@redhat.com][level:component]With ephemeral alpine PVC [test_id:3137]should not persist data" classname="Tests Suite" time="42.673789499"></testcase>
  <testcase name="Storage Starting a VirtualMachineInstance [rfe_id:2298][crit:medium][vendor:cnv-qe@redhat.com][level:component] With HostDisk and PVC initialization With a HostDisk defined With &#39;DiskExistsOrCreate&#39; type Should create a disk image and start [test_id:851]with virtio driver" classname="Tests Suite" time="10.046956734"></testcase>
  <testcase name="Storage Starting a VirtualMachineInstance [rfe_id:2298][crit:medium][vendor:cnv-qe@redhat.com][level:component] With HostDisk and PVC initialization With a HostDisk defined With &#39;DiskExistsOrCreate&#39; type Should create a disk image and start [test_id:3057]with sata driver" classname="Tests Suite" time="10.03928579"></testcase>
  <testcase name="Storage Starting a VirtualMachineInstance [rfe_id:2298][crit:medium][vendor:cnv-qe@redhat.com][level:component] With HostDisk and PVC initialization With a HostDisk defined With &#39;DiskExistsOrCreate&#39; type [test_id:3107]should start with multiple hostdisks in the same directory" classname="Tests Suite" time="9.061382891"></testcase>
  <testcase name="Storage Starting a VirtualMachineInstance [rfe_id:2298][crit:medium][vendor:cnv-qe@redhat.com][level:component] With HostDisk and PVC initialization With a HostDisk defined With &#39;DiskExists&#39; type [test_id:2306]Should use existing disk image and start" classname="Tests Suite" time="12.430717728"></testcase>
  <testcase name="Storage Starting a VirtualMachineInstance [rfe_id:2298][crit:medium][vendor:cnv-qe@redhat.com][level:component] With HostDisk and PVC initialization With a HostDisk defined With unknown hostDisk type [test_id:852]Should fail to start VMI" classname="Tests Suite" time="3.893555748"></testcase>
  <testcase name="Storage Starting a VirtualMachineInstance [rfe_id:2288][crit:high][vendor:cnv-qe@redhat.com][level:component] With Cirros BlockMode PVC [test_id:1015] should be successfully started" classname="Tests Suite" time="31.168158227"></testcase>
  <testcase name="Storage Starting a VirtualMachineInstance [rfe_id:2288][crit:high][vendor:cnv-qe@redhat.com][level:component] With not existing PVC [test_id:1040] should get unschedulable condition" classname="Tests Suite" time="4.835026499"></testcase>
  <testcase name="Storage Starting a VirtualMachineInstance With both SCSI and SATA devices should successfully start with distinct device names" classname="Tests Suite" time="20.753761444"></testcase>
  <testcase name="[sig-storage] Hotplug Offline VM Should add volumes on an offline VM with DataVolume" classname="Tests Suite" time="12.961879787"></testcase>
  <testcase name="Health Monitoring A VirtualMachineInstance with a watchdog device [test_id:4641]should be shut down when the watchdog expires" classname="Tests Suite" time="34.372117812"></testcase>
  <testcase name="Guest Access Credentials with qemu guest agent should propagate public ssh keys" classname="Tests Suite" time="81.660589791"></testcase>
  <testcase name="[ref_id:1182]Probes for readiness should succeed [test_id:1202][posneg:positive]with working TCP probe and tcp server on ipv4" classname="Tests Suite" time="36.942049098"></testcase>
  <testcase name="[ref_id:1182]Probes for readiness should succeed [test_id:1200][posneg:positive]with working HTTP probe and http server on ipv6" classname="Tests Suite" time="31.684739112"></testcase>
  <testcase name="[ref_id:1182]Probes for readiness should fail [test_id:1219][posneg:negative]with working HTTP probe and no running server" classname="Tests Suite" time="12.546562738"></testcase>
  <testcase name="[ref_id:1182]Probes for liveness should not fail the VMI [test_id:1199][posneg:positive]with working TCP probe and tcp server on ipv6" classname="Tests Suite" time="135.145614357"></testcase>
  <testcase name="[ref_id:1182]Probes for liveness should not fail the VMI [test_id:1201][posneg:positive]with working HTTP probe and http server, no ip family is specified" classname="Tests Suite" time="154.233553653"></testcase>
  <testcase name="[ref_id:1182]Probes for liveness should fail the VMI [test_id:1218][posneg:negative]with working HTTP probe and no running server" classname="Tests Suite" time="121.304248206"></testcase>
  <testcase name="[rfe_id:609][crit:medium][vendor:cnv-qe@redhat.com][level:component]VMIPreset Preset Matching [test_id:1598]Should reject a second submission of a VMIPreset" classname="Tests Suite" time="3.632764177"></testcase>
  <testcase name="[rfe_id:609][crit:medium][vendor:cnv-qe@redhat.com][level:component]VMIPreset Preset Matching [test_id:1600]Should reject presets that conflict with VirtualMachineInstance settings" classname="Tests Suite" time="15.452049676"></testcase>
  <testcase name="[rfe_id:609][crit:medium][vendor:cnv-qe@redhat.com][level:component]VMIPreset Preset Matching [test_id:1603]Should not be applied to existing VMIs" classname="Tests Suite" time="13.685016614"></testcase>
  <testcase name="[rfe_id:609][crit:medium][vendor:cnv-qe@redhat.com][level:component]VMIPreset Preset Lifecycle [test_id:617][rfe_id:609] should create and delete preset" classname="Tests Suite" time="3.800535274"></testcase>
  <testcase name="Controller devices with ephemeral disk a scsi controller should appear if enabled" classname="Tests Suite" time="7.644639466"></testcase>
  <testcase name="CloudInitHookSidecars VMI definition with CloudInit hook sidecar [test_id:3168]should call Collect and PreCloudInitIso on the hook sidecar" classname="Tests Suite" time="12.718049973"></testcase>
  <testcase name="Configurations when requesting virtio-transitional models should start and run the guest" classname="Tests Suite" time="36.203213591"></testcase>
  <testcase name="Configurations VirtualMachineInstance definition with BIOS bootloader method and no disk [test_id:5266]should boot to NIC rom if a boot order was set on a network interface" classname="Tests Suite" time="15.278486012"></testcase>
  <testcase name="Configurations VirtualMachineInstance definition [rfe_id:140][crit:medium][vendor:cnv-qe@redhat.com][level:component]with diverging memory limit from memory request and no guest memory [test_id:3115]should show the memory limit inside the VMI" classname="Tests Suite" time="34.268622158"></testcase>
  <testcase name="Configurations VirtualMachineInstance definition [rfe_id:609][crit:medium][vendor:cnv-qe@redhat.com][level:component]Support memory over commitment test [test_id:731]Check OverCommit status on VMI" classname="Tests Suite" time="12.70933142"></testcase>
  <testcase name="Configurations VirtualMachineInstance definition [rfe_id:3078][crit:medium][vendor:cnv-qe@redhat.com][level:component]with usb controller [test_id:3117]should start the VMI with usb controller when usb device is present" classname="Tests Suite" time="23.849073734"></testcase>
  <testcase name="Configurations VirtualMachineInstance definition [rfe_id:3078][crit:medium][vendor:cnv-qe@redhat.com][level:component]with usb controller [test_id:3118]should start the VMI without usb controller" classname="Tests Suite" time="20.781540224"></testcase>
  <testcase name="Configurations VirtualMachineInstance definition [rfe_id:140][crit:medium][vendor:cnv-qe@redhat.com][level:component]with namespace memory limits lower than VMI required memory [test_id:1670]should failed to start the VMI" classname="Tests Suite" time="3.824199204"></testcase>
  <testcase name="Configurations VirtualMachineInstance definition [rfe_id:140][crit:medium][vendor:cnv-qe@redhat.com][level:component]with namespace cpu limits lower than VMI required cpu [test_id:3119]should fail to start the VMI" classname="Tests Suite" time="5.593236833"></testcase>
  <testcase name="Configurations VirtualMachineInstance definition [rfe_id:140][crit:medium][vendor:cnv-qe@redhat.com][level:component]with namespace limits higher than VMI requests [test_id:3120]should start the VMI with the right default settings from namespace limits" classname="Tests Suite" time="12.653005408"></testcase>
  <testcase name="Configurations VirtualMachineInstance definition [rfe_id:140][crit:medium][vendor:cnv-qe@redhat.com][level:component]with serial-number [test_id:3121]should have serial-number set when present" classname="Tests Suite" time="10.907137271"></testcase>
  <testcase name="Configurations VirtualMachineInstance definition [rfe_id:140][crit:medium][vendor:cnv-qe@redhat.com][level:component]with serial-number [test_id:3122]should not have serial-number set when not present" classname="Tests Suite" time="11.863614207"></testcase>
  <testcase name="Configurations [rfe_id:140][crit:medium][vendor:cnv-qe@redhat.com][level:component]with CPU spec [rfe_id:140][crit:medium][vendor:cnv-qe@redhat.com][level:component]when CPU model equals to passthrough [test_id:1679]should report exactly the same model as node CPU" classname="Tests Suite" time="57.909611041"></testcase>
  <testcase name="Configurations with a custom scheduler [test_id:4631]schould set the custom scheduler on the pod" classname="Tests Suite" time="4.638026915"></testcase>
  <testcase name="Configurations [rfe_id:140][crit:medium][vendor:cnv-qe@redhat.com][level:component]with CPU request settings [test_id:3127]should set CPU request from VMI spec" classname="Tests Suite" time="5.598667938"></testcase>
  <testcase name="Configurations [rfe_id:140][crit:medium][vendor:cnv-qe@redhat.com][level:component]with CPU request settings [test_id:3128]should set CPU request when it is not provided" classname="Tests Suite" time="5.813523958"></testcase>
  <testcase name="Configurations [rfe_id:898][crit:medium][vendor:cnv-qe@redhat.com][level:component]New VirtualMachineInstance with all supported drives [test_id:1682]should have all the device nodes" classname="Tests Suite" time="39.687787076"></testcase>
  <testcase name="Configurations Check KVM CPUID advertisement [test_id:5271]test cpuid hidden" classname="Tests Suite" time="112.593829633"></testcase>
  <testcase name="oc/kubectl integration [test_id:5182]vmipreset have validation" classname="Tests Suite" time="3.833240431"></testcase>
  <testcase name="oc/kubectl integration [rfe_id:3423][vendor:cnv-qe@redhat.com][level:component]oc/kubectl get vm/vmi tests should verify set of columns for [test_id:3464]virtualmachine" classname="Tests Suite" time="12.45719821"></testcase>
  <testcase name="oc/kubectl integration [rfe_id:3423][vendor:cnv-qe@redhat.com][level:component]oc/kubectl get vm/vmi tests should verify set of wide columns for [test_id:3468]virtualmachine" classname="Tests Suite" time="9.881880387"></testcase>
  <testcase name="oc/kubectl integration [rfe_id:3423][vendor:cnv-qe@redhat.com][level:component]oc/kubectl get vm/vmi tests should verify set of wide columns for [test_id:4423]virtualmachine" classname="Tests Suite" time="9.883750819"></testcase>
  <testcase name="[rfe_id:3423][crit:high][vendor:cnv-qe@redhat.com][level:component]VmWatch [test_id:3468]Should update vm status with the proper columns using &#39;kubectl get vm -w&#39;" classname="Tests Suite" time="3.929171276"></testcase>
  <testcase name="[rfe_id:127][posneg:negative][crit:medium][vendor:cnv-qe@redhat.com][level:component]Console [rfe_id:127][posneg:negative][crit:medium][vendor:cnv-qe@redhat.com][level:component]A new VirtualMachineInstance with a serial console with a fedora image [test_id:1589]should return that we are running fedora" classname="Tests Suite" time="32.979154195"></testcase>
  <testcase name="[rfe_id:127][posneg:negative][crit:medium][vendor:cnv-qe@redhat.com][level:component]Console [rfe_id:127][posneg:negative][crit:medium][vendor:cnv-qe@redhat.com][level:component]A new VirtualMachineInstance with a serial console [test_id:1591]should close console connection when new console connection is opened" classname="Tests Suite" time="21.957090425"></testcase>
  <testcase name="[rfe_id:127][posneg:negative][crit:medium][vendor:cnv-qe@redhat.com][level:component]Console [rfe_id:127][posneg:negative][crit:medium][vendor:cnv-qe@redhat.com][level:component]A new VirtualMachineInstance without a serial console [test_id:4116]should create the vmi without any issue" classname="Tests Suite" time="10.678668891000001"></testcase>
  <testcase name="[rfe_id:127][posneg:negative][crit:medium][vendor:cnv-qe@redhat.com][level:component]Console [rfe_id:127][posneg:negative][crit:medium][vendor:cnv-qe@redhat.com][level:component]A new VirtualMachineInstance without a serial console [test_id:4117]should not have the  serial console in xml" classname="Tests Suite" time="11.873544335"></testcase>
  <testcase name="[rfe_id:127][posneg:negative][crit:medium][vendor:cnv-qe@redhat.com][level:component]Console [rfe_id:127][posneg:negative][crit:medium][vendor:cnv-qe@redhat.com][level:component]A new VirtualMachineInstance without a serial console [test_id:4118]should not connect to the serial console" classname="Tests Suite" time="10.728204895"></testcase>
  <testcase name="Subresource Api [rfe_id:1195][crit:medium][vendor:cnv-qe@redhat.com][level:component] Rbac Authorization For Version Command Without permissions [test_id:3173]should be able to access subresource version endpoint" classname="Tests Suite" time="5.520313143"></testcase>
  <testcase name="Subresource Api [rfe_id:1177][crit:medium][vendor:cnv-qe@redhat.com][level:component] VirtualMachine subresource with a restart endpoint [test_id:1305][posneg:negative] should return an error when VM is not running" classname="Tests Suite" time="4.704195755"></testcase>
  <testcase name="Subresource Api [rfe_id:1177][crit:medium][vendor:cnv-qe@redhat.com][level:component] VirtualMachine subresource With manual RunStrategy [test_id:3174]Should not restart when VM is not running" classname="Tests Suite" time="5.417453688"></testcase>
  <testcase name="Subresource Api [rfe_id:1177][crit:medium][vendor:cnv-qe@redhat.com][level:component] VirtualMachine subresource With manual RunStrategy [test_id:3175]Should restart when VM is running" classname="Tests Suite" time="25.544484482"></testcase>
  <testcase name="[rfe_id:500][crit:high][vendor:cnv-qe@redhat.com][level:component]User Access With default kubevirt service accounts should verify permissions on resources are correct for view, edit, and admin [test_id:529][crit:low]given a vmi replica set" classname="Tests Suite" time="6.882405181"></testcase>
  <testcase name="[rfe_id:500][crit:high][vendor:cnv-qe@redhat.com][level:component]User Access With default kubevirt service accounts should verify permissions on resources are correct for view, edit, and admin [test_id:5244]given a vmsnapshotcontent" classname="Tests Suite" time="6.66631538"></testcase>
  <testcase name="[rfe_id:500][crit:high][vendor:cnv-qe@redhat.com][level:component]User Access With default kubevirt service accounts should verify permissions on subresources are correct for view, edit, and admin [test_id:3233]on vm stop" classname="Tests Suite" time="7.807626779"></testcase>
  <testcase name="[rfe_id:273][crit:high][vendor:cnv-qe@redhat.com][level:component]VMIlifecycle [rfe_id:273][crit:high][vendor:cnv-qe@redhat.com][level:component]Creating a VirtualMachineInstance [test_id:1620]should start it" classname="Tests Suite" time="11.480541212"></testcase>
  <testcase name="[rfe_id:273][crit:high][vendor:cnv-qe@redhat.com][level:component]VMIlifecycle [rfe_id:273][crit:high][vendor:cnv-qe@redhat.com][level:component]Creating a VirtualMachineInstance [test_id:3196]should carry kubernetes and kubevirt annotations to pod" classname="Tests Suite" time="11.290604826"></testcase>
  <testcase name="[rfe_id:273][crit:high][vendor:cnv-qe@redhat.com][level:component]VMIlifecycle [rfe_id:273][crit:high][vendor:cnv-qe@redhat.com][level:component]Creating a VirtualMachineInstance [test_id:1623]should reject POST if validation webhook deems the spec invalid" classname="Tests Suite" time="4.977695833"></testcase>
  <testcase name="[rfe_id:273][crit:high][vendor:cnv-qe@redhat.com][level:component]VMIlifecycle [rfe_id:273][crit:high][vendor:cnv-qe@redhat.com][level:component]Creating a VirtualMachineInstance when it already exist [test_id:1626]should be rejected" classname="Tests Suite" time="6.000440109"></testcase>
  <testcase name="[rfe_id:273][crit:high][vendor:cnv-qe@redhat.com][level:component]VMIlifecycle [rfe_id:273][crit:high][vendor:cnv-qe@redhat.com][level:component]Creating a VirtualMachineInstance with boot order [rfe_id:273][crit:high][vendor:cnv-qe@redhat.com][level:component]should be able to boot from selected disk [test_id:1628]Cirros as first boot" classname="Tests Suite" time="17.610262854"></testcase>
  <testcase name="[rfe_id:273][crit:high][vendor:cnv-qe@redhat.com][level:component]VMIlifecycle [rfe_id:273][crit:high][vendor:cnv-qe@redhat.com][level:component]Creating a VirtualMachineInstance with affinity [test_id:1637]the vmi with node affinity and no conflicts should be scheduled" classname="Tests Suite" time="12.501925165"></testcase>
  <testcase name="[rfe_id:273][crit:high][vendor:cnv-qe@redhat.com][level:component]VMIlifecycle [rfe_id:273][crit:high][vendor:cnv-qe@redhat.com][level:component]Creating a VirtualMachineInstance with non default namespace [rfe_id:273][crit:high][vendor:cnv-qe@redhat.com][level:component]should log libvirt start and stop lifecycle events of the domain [test_id:1642]kubevirt-test-alternative" classname="Tests Suite" time="16.029470664"></testcase>
  <testcase name="[rfe_id:273][crit:high][vendor:cnv-qe@redhat.com][level:component]VMIlifecycle [rfe_id:273][crit:high][vendor:cnv-qe@redhat.com][level:component]Creating a VirtualMachineInstance VM Accelerated Mode [test_id:1647]should not enable emulation in virt-launcher" classname="Tests Suite" time="12.220128535"></testcase>
  <testcase name="[rfe_id:273][crit:high][vendor:cnv-qe@redhat.com][level:component]VMIlifecycle [rfe_id:273][crit:high][vendor:cnv-qe@redhat.com][level:component]Delete a VirtualMachineInstance with an active pod. [test_id:1651]should result in pod being terminated" classname="Tests Suite" time="15.519370998"></testcase>
  <testcase name="[rfe_id:273][crit:high][vendor:cnv-qe@redhat.com][level:component]VMIlifecycle [rfe_id:273][crit:high][vendor:cnv-qe@redhat.com][level:component]Delete a VirtualMachineInstance with ACPI and some grace period seconds [rfe_id:273][crit:medium][vendor:cnv-qe@redhat.com][level:component]should result in vmi status succeeded [test_id:1654]with default grace period seconds" classname="Tests Suite" time="39.248866653"></testcase>
  <testcase name="Version Check that version parameters where loaded by ldflags in build time [test_id:555]Should return a good version information struct" classname="Tests Suite" time="4.18842047"></testcase>
  <testcase name="[rfe_id:3064][crit:medium][vendor:cnv-qe@redhat.com][level:component]Pausing A valid VMI when paused via virtctl [test_id:3080]should signal unpaused state with removed condition" classname="Tests Suite" time="17.577607282"></testcase>
  <testcase name="[rfe_id:3064][crit:medium][vendor:cnv-qe@redhat.com][level:component]Pausing A valid VM when paused via API [test_id:4598]should signal paused state with condition" classname="Tests Suite" time="16.918312282"></testcase>
  <testcase name="[rfe_id:3064][crit:medium][vendor:cnv-qe@redhat.com][level:component]Pausing A valid VM when paused via virtctl [test_id:3081]should gracefully handle pausing the VM again" classname="Tests Suite" time="14.824293287"></testcase>
  <testcase name="[rfe_id:3064][crit:medium][vendor:cnv-qe@redhat.com][level:component]Pausing A valid VM when paused via virtctl [test_id:3082]should gracefully handle unpausing again" classname="Tests Suite" time="15.886947949"></testcase>
  <testcase name="[rfe_id:3064][crit:medium][vendor:cnv-qe@redhat.com][level:component]Pausing A valid VM when paused via virtctl [test_id:3226]should be restarted successfully into unpaused state" classname="Tests Suite" time="26.899058343"></testcase>
  <testcase name="[rfe_id:151][crit:high][vendor:cnv-qe@redhat.com][level:component]CloudInit UserData [rfe_id:151][crit:medium][vendor:cnv-qe@redhat.com][level:component]A new VirtualMachineInstance with cloudInitNoCloud userDataBase64 source [test_id:1615]should have cloud-init data" classname="Tests Suite" time="26.851871178"></testcase>
  <testcase name="[rfe_id:151][crit:high][vendor:cnv-qe@redhat.com][level:component]CloudInit UserData [rfe_id:151][crit:medium][vendor:cnv-qe@redhat.com][level:component]A new VirtualMachineInstance with cloudInitConfigDrive userDataBase64 source [test_id:3178]should have cloud-init data" classname="Tests Suite" time="27.333445968"></testcase>
  <testcase name="[rfe_id:151][crit:high][vendor:cnv-qe@redhat.com][level:component]CloudInit UserData [rfe_id:151][crit:medium][vendor:cnv-qe@redhat.com][level:component]A new VirtualMachineInstance with cloudInitNoCloud userData source [test_id:1617]should process provided cloud-init data" classname="Tests Suite" time="45.147734753"></testcase>
  <testcase name="[rfe_id:151][crit:high][vendor:cnv-qe@redhat.com][level:component]CloudInit UserData [rfe_id:151][crit:medium][vendor:cnv-qe@redhat.com][level:component]A new VirtualMachineInstance [test_id:1618]should take user-data from k8s secret" classname="Tests Suite" time="26.947066711"></testcase>
  <testcase name="[rfe_id:151][crit:high][vendor:cnv-qe@redhat.com][level:component]CloudInit UserData [rfe_id:151][crit:medium][vendor:cnv-qe@redhat.com][level:component]A new VirtualMachineInstance with cloudInitNoCloud networkData [test_id:3183]should have cloud-init network-config from k8s secret" classname="Tests Suite" time="33.864413683"></testcase>
  <testcase name="[rfe_id:151][crit:high][vendor:cnv-qe@redhat.com][level:component]CloudInit UserData [rfe_id:151][crit:medium][vendor:cnv-qe@redhat.com][level:component]A new VirtualMachineInstance with cloudInitConfigDrive networkData [test_id:4622]should have cloud-init meta_data with tagged devices" classname="Tests Suite" time="47.892918624"></testcase>
  <testcase name="[rfe_id:151][crit:high][vendor:cnv-qe@redhat.com][level:component]CloudInit UserData [rfe_id:151][crit:medium][vendor:cnv-qe@redhat.com][level:component]A new VirtualMachineInstance with cloudInitConfigDrive networkData [test_id:3187]should have cloud-init userdata and network-config from separate k8s secrets with camelCase labels" classname="Tests Suite" time="33.644686299"></testcase>
  <testcase name="[rfe_id:1177][crit:medium][vendor:cnv-qe@redhat.com][level:component]VirtualMachine A valid VirtualMachine given [test_id:3161]should carry annotations to VMI" classname="Tests Suite" time="4.798266683"></testcase>
  <testcase name="[rfe_id:1177][crit:medium][vendor:cnv-qe@redhat.com][level:component]VirtualMachine A valid VirtualMachine given [test_id:3162]should ignore kubernetes and kubevirt annotations to VMI" classname="Tests Suite" time="6.200570516"></testcase>
  <testcase name="[rfe_id:1177][crit:medium][vendor:cnv-qe@redhat.com][level:component]VirtualMachine A valid VirtualMachine given [test_id:1520]should update VirtualMachine once VMIs are up with ContainerDisk" classname="Tests Suite" time="12.249833393"></testcase>
[...]
    <skipped></skipped>
  </testcase>
  <testcase name="[Serial]Operator [rfe_id:2291][crit:high][vendor:cnv-qe@redhat.com][level:component]should update kubevirt [test_id:3145]from previous release to target tested release" classname="Tests Suite" time="0">
    <skipped></skipped>
  </testcase>
  <testcase name="[Serial]Operator [rfe_id:2291][crit:high][vendor:cnv-qe@redhat.com][level:component]infrastructure management [test_id:3146]should be able to delete and re-create kubevirt install" classname="Tests Suite" time="0">
    <skipped></skipped>
  </testcase>
  <testcase name="[Serial]Operator [rfe_id:2291][crit:high][vendor:cnv-qe@redhat.com][level:component]infrastructure management [rfe_id:3578][crit:high][vendor:cnv-qe@redhat.com][level:component] deleting with BlockUninstallIfWorkloadsExist [test_id:3683]should be blocked if a workload exists" classname="Tests Suite" time="0">
    <skipped></skipped>
  </testcase>
  <testcase name="[Serial]Operator [rfe_id:2291][crit:high][vendor:cnv-qe@redhat.com][level:component]infrastructure management [test_id:3148]should be able to create kubevirt install with custom image tag" classname="Tests Suite" time="0">
    <skipped></skipped>
  </testcase>
  <testcase name="[Serial]Operator [rfe_id:2291][crit:high][vendor:cnv-qe@redhat.com][level:component]infrastructure management [test_id:3149]should be able to create kubevirt install with image prefix" classname="Tests Suite" time="0">
    <skipped></skipped>
  </testcase>
  <testcase name="[Serial]Operator [rfe_id:2291][crit:high][vendor:cnv-qe@redhat.com][level:component]infrastructure management [test_id:3150]should be able to update kubevirt install with custom image tag" classname="Tests Suite" time="0">
    <skipped></skipped>
  </testcase>
  <testcase name="[Serial]Operator [rfe_id:2291][crit:high][vendor:cnv-qe@redhat.com][level:component]infrastructure management [test_id:3151]should be able to update kubevirt install when operator updates if no custom image tag is set" classname="Tests Suite" time="0">
    <skipped></skipped>
  </testcase>
  <testcase name="[Serial]Operator [rfe_id:2291][crit:high][vendor:cnv-qe@redhat.com][level:component]infrastructure management [test_id:3152]should fail if KV object already exists" classname="Tests Suite" time="0">
    <skipped></skipped>
  </testcase>
  <testcase name="[Serial]Operator [rfe_id:2291][crit:high][vendor:cnv-qe@redhat.com][level:component]infrastructure management [test_id:4612]should create non-namespaces resources without owner references" classname="Tests Suite" time="0">
    <skipped></skipped>
  </testcase>
  <testcase name="[Serial]Operator [rfe_id:2291][crit:high][vendor:cnv-qe@redhat.com][level:component]infrastructure management [test_id:4613]should remove owner references on non-namespaces resources when updating a resource" classname="Tests Suite" time="0">
    <skipped></skipped>
  </testcase>
  <testcase name="[Serial]Operator [rfe_id:2291][crit:high][vendor:cnv-qe@redhat.com][level:component]infrastructure management [test_id:5010]should be able to update product related labels of kubevirt install" classname="Tests Suite" time="0">
    <skipped></skipped>
  </testcase>
  <testcase name="[Serial]Operator [rfe_id:2291][crit:high][vendor:cnv-qe@redhat.com][level:component]infrastructure management [rfe_id:2897][crit:medium][vendor:cnv-qe@redhat.com][level:component]With OpenShift cluster [test_id:2910]Should have kubevirt SCCs created" classname="Tests Suite" time="0">
    <skipped></skipped>
  </testcase>
  <testcase name="[Serial]Operator [rfe_id:2897][crit:medium][vendor:cnv-qe@redhat.com][level:component]Dynamic feature detection [test_id:3153]Ensure infra can handle dynamically detecting DataVolume Support" classname="Tests Suite" time="0">
    <skipped></skipped>
  </testcase>
  <testcase name="[Serial]Operator [rfe_id:2897][crit:medium][vendor:cnv-qe@redhat.com][level:component]With ServiceMonitor Disabled [test_id:3154]Should not create RBAC Role or RoleBinding for ServiceMonitor" classname="Tests Suite" time="0">
    <skipped></skipped>
  </testcase>
  <testcase name="[Serial]Operator With PrometheusRule Enabled [test_id:4614]Checks if the kubevirt PrometheusRule cr exists and verify it&#39;s spec" classname="Tests Suite" time="0">
    <skipped></skipped>
  </testcase>
  <testcase name="[Serial]Operator With PrometheusRule Disabled [test_id:4615]Checks that we do not deploy a PrometheusRule cr when not needed" classname="Tests Suite" time="0">
    <skipped></skipped>
  </testcase>
  <testcase name="[Serial]Operator [rfe_id:2937][crit:medium][vendor:cnv-qe@redhat.com][level:component]With ServiceMonitor Enabled [test_id:2936]Should allow Prometheus to scrape KubeVirt endpoints" classname="Tests Suite" time="0">
    <skipped></skipped>
  </testcase>
  <testcase name="[Serial]Operator [rfe_id:2937][crit:medium][vendor:cnv-qe@redhat.com][level:component]With ServiceMonitor Enabled [test_id:4616]Should patch our namespace labels with openshift.io/cluster-monitoring=true" classname="Tests Suite" time="0">
    <skipped></skipped>
  </testcase>
  <testcase name="[Serial]Operator [test_id:4617]should adopt previously unmanaged entities by updating its metadata" classname="Tests Suite" time="0">
    <skipped></skipped>
  </testcase>
  <testcase name="[Serial]Operator [rfe_id:4356]Node Placement [test_id:4927]should dynamically update infra config" classname="Tests Suite" time="0">
    <skipped></skipped>
  </testcase>
  <testcase name="[Serial]Operator [rfe_id:4356]Node Placement [test_id:4928]should dynamically update workloads config" classname="Tests Suite" time="0">
    <skipped></skipped>
  </testcase>
  <testcase name="[Serial]VMIDefaults Disk defaults [test_id:4115]Should be applied to VMIs" classname="Tests Suite" time="0">
    <skipped></skipped>
  </testcase>
  <testcase name="[Serial]VMIDefaults MemBalloon defaults [test_id:4556]Should be present in domain" classname="Tests Suite" time="0">
    <skipped></skipped>
  </testcase>
  <testcase name="[Serial]VMIDefaults MemBalloon defaults Should override period in domain if present in virt-config  [test_id:4557]with period 12" classname="Tests Suite" time="0">
    <skipped></skipped>
  </testcase>
  <testcase name="[Serial]VMIDefaults MemBalloon defaults Should override period in domain if present in virt-config  [test_id:4558]with period 0" classname="Tests Suite" time="0">
    <skipped></skipped>
  </testcase>
  <testcase name="[Serial]VMIDefaults MemBalloon defaults [test_id:4559]Should not be present in domain " classname="Tests Suite" time="0">
    <skipped></skipped>
  </testcase>
  <testcase name="[rfe_id:127][posneg:negative][crit:medium][vendor:cnv-qe@redhat.com][level:component]Console [rfe_id:127][posneg:negative][crit:medium][vendor:cnv-qe@redhat.com][level:component]A new VirtualMachineInstance with a serial console with an alpine image should return that we are running alpine [test_id:4637]with OCS Filesystem Disk" classname="Tests Suite" time="3.615755783">
    <skipped></skipped>
  </testcase>
  <testcase name="[rfe_id:127][posneg:negative][crit:medium][vendor:cnv-qe@redhat.com][level:component]Console [rfe_id:127][posneg:negative][crit:medium][vendor:cnv-qe@redhat.com][level:component]A new VirtualMachineInstance with a serial console with an alpine image should return that we are running alpine [test_id:4638]with OCS Block Disk" classname="Tests Suite" time="5.400292944">
    <skipped></skipped>
  </testcase>
  <testcase name="[rfe_id:273][crit:high][vendor:cnv-qe@redhat.com][level:component]VMIlifecycle [rfe_id:273][crit:high][vendor:cnv-qe@redhat.com][level:component]Creating a VirtualMachineInstance when virt-launcher crashes [Serial][test_id:1631]should be stopped and have Failed phase" classname="Tests Suite" time="0">
    <skipped></skipped>
  </testcase>
  <testcase name="[rfe_id:273][crit:high][vendor:cnv-qe@redhat.com][level:component]VMIlifecycle [rfe_id:273][crit:high][vendor:cnv-qe@redhat.com][level:component]Creating a VirtualMachineInstance [Serial]when virt-handler crashes [test_id:1632]should recover and continue management" classname="Tests Suite" time="0">
    <skipped></skipped>
  </testcase>
  <testcase name="[rfe_id:273][crit:high][vendor:cnv-qe@redhat.com][level:component]VMIlifecycle [rfe_id:273][crit:high][vendor:cnv-qe@redhat.com][level:component]Creating a VirtualMachineInstance [Serial]when virt-handler is responsive [test_id:1633]should indicate that a node is ready for vmis" classname="Tests Suite" time="0">
    <skipped></skipped>
  </testcase>
  <testcase name="[rfe_id:273][crit:high][vendor:cnv-qe@redhat.com][level:component]VMIlifecycle [rfe_id:273][crit:high][vendor:cnv-qe@redhat.com][level:component]Creating a VirtualMachineInstance [Serial]when virt-handler is responsive [test_id:3198]device plugins should re-register if the kubelet restarts" classname="Tests Suite" time="0">
    <skipped></skipped>
  </testcase>
  <testcase name="[rfe_id:273][crit:high][vendor:cnv-qe@redhat.com][level:component]VMIlifecycle [rfe_id:273][crit:high][vendor:cnv-qe@redhat.com][level:component]Creating a VirtualMachineInstance [Serial]when virt-handler is responsive VMIs with Bridge Networking shouldn&#39;t fail after the kubelet restarts" classname="Tests Suite" time="0">
    <skipped></skipped>
  </testcase>
  <testcase name="[rfe_id:273][crit:high][vendor:cnv-qe@redhat.com][level:component]VMIlifecycle [rfe_id:273][crit:high][vendor:cnv-qe@redhat.com][level:component]Creating a VirtualMachineInstance [Serial]when virt-handler is responsive VMIs with Bridge Networking should work with Duplicate Address Detection (DAD)" classname="Tests Suite" time="0">
    <skipped></skipped>
  </testcase>
  <testcase name="[rfe_id:273][crit:high][vendor:cnv-qe@redhat.com][level:component]VMIlifecycle [rfe_id:273][crit:high][vendor:cnv-qe@redhat.com][level:component]Creating a VirtualMachineInstance [Serial]when virt-handler is not responsive [test_id:1634]the node controller should mark the node as unschedulable when the virt-handler heartbeat has timedout" classname="Tests Suite" time="0">
    <skipped></skipped>
  </testcase>
  <testcase name="[rfe_id:273][crit:high][vendor:cnv-qe@redhat.com][level:component]VMIlifecycle [rfe_id:273][crit:high][vendor:cnv-qe@redhat.com][level:component]Creating a VirtualMachineInstance [Serial]with node tainted [test_id:1635]the vmi with tolerations should be scheduled" classname="Tests Suite" time="0">
    <skipped></skipped>
  </testcase>
  <testcase name="[rfe_id:273][crit:high][vendor:cnv-qe@redhat.com][level:component]VMIlifecycle [rfe_id:273][crit:high][vendor:cnv-qe@redhat.com][level:component]Creating a VirtualMachineInstance [Serial]with node tainted [test_id:1636]the vmi without tolerations should not be scheduled" classname="Tests Suite" time="0">
    <skipped></skipped>
  </testcase>
  <testcase name="[rfe_id:273][crit:high][vendor:cnv-qe@redhat.com][level:component]VMIlifecycle [Serial][rfe_id:273][crit:high][vendor:cnv-qe@redhat.com][level:component]Killed VirtualMachineInstance [test_id:1656]should be in Failed phase" classname="Tests Suite" time="0">
    <skipped></skipped>
  </testcase>
  <testcase name="[rfe_id:273][crit:high][vendor:cnv-qe@redhat.com][level:component]VMIlifecycle [Serial][rfe_id:273][crit:high][vendor:cnv-qe@redhat.com][level:component]Killed VirtualMachineInstance [test_id:1657]should be left alone by virt-handler" classname="Tests Suite" time="0">
    <skipped></skipped>
  </testcase>
  <testcase name="[Serial]Templates Creating VM from Template with Fedora Template [test_id:3292]should succeed to create VirtualMachine via oc command" classname="Tests Suite" time="0">
    <skipped></skipped>
  </testcase>
  <testcase name="[Serial]Templates Creating VM from Template with Fedora Template [test_id:3293]should fail to delete VirtualMachine via oc command" classname="Tests Suite" time="0">
    <skipped></skipped>
  </testcase>
  <testcase name="[Serial]Templates Creating VM from Template with Fedora Template when the VirtualMachine was created [test_id:3294]should succeed to start the VirtualMachine via oc command" classname="Tests Suite" time="0">
    <skipped></skipped>
  </testcase>
  <testcase name="[Serial]Templates Creating VM from Template with Fedora Template when the VirtualMachine was created [test_id:3295]should succeed to delete VirtualMachine via oc command" classname="Tests Suite" time="0">
    <skipped></skipped>
  </testcase>
  <testcase name="[Serial]Templates Creating VM from Template with Fedora Template when the VirtualMachine was created [test_id:3308]should fail to create the same VirtualMachine via oc command" classname="Tests Suite" time="0">
    <skipped></skipped>
  </testcase>
  <testcase name="[Serial]Templates Creating VM from Template [rfe_id:273][crit:medium][vendor:cnv-qe@redhat.com][level:component]with RHEL Template [test_id:3292]should succeed to create VirtualMachine via oc command" classname="Tests Suite" time="0">
    <skipped></skipped>
  </testcase>
  <testcase name="[Serial]Templates Creating VM from Template [rfe_id:273][crit:medium][vendor:cnv-qe@redhat.com][level:component]with RHEL Template [test_id:3293]should fail to delete VirtualMachine via oc command" classname="Tests Suite" time="0">
    <skipped></skipped>
  </testcase>
  <testcase name="[Serial]Templates Creating VM from Template [rfe_id:273][crit:medium][vendor:cnv-qe@redhat.com][level:component]with RHEL Template when the VirtualMachine was created [test_id:3294]should succeed to start the VirtualMachine via oc command" classname="Tests Suite" time="0">
    <skipped></skipped>
  </testcase>
  <testcase name="[Serial]Templates Creating VM from Template [rfe_id:273][crit:medium][vendor:cnv-qe@redhat.com][level:component]with RHEL Template when the VirtualMachine was created [test_id:3295]should succeed to delete VirtualMachine via oc command" classname="Tests Suite" time="0">
    <skipped></skipped>
  </testcase>
  <testcase name="[Serial]Templates Creating VM from Template [rfe_id:273][crit:medium][vendor:cnv-qe@redhat.com][level:component]with RHEL Template when the VirtualMachine was created [test_id:3308]should fail to create the same VirtualMachine via oc command" classname="Tests Suite" time="0">
    <skipped></skipped>
  </testcase>
  <testcase name="[Serial]HostDevices with ephemeral disk Should successfully passthrough an emulated PCI device" classname="Tests Suite" time="0">
    <skipped></skipped>
  </testcase>
  <testcase name="[Serial][rfe_id:588][crit:medium][vendor:cnv-qe@redhat.com][level:component]VirtualMachineInstanceReplicaSet [rfe_id:588][crit:medium][vendor:cnv-qe@redhat.com][level:component]should scale [test_id:1405]to three, to two and then to zero replicas" classname="Tests Suite" time="0">
    <skipped></skipped>
  </testcase>
  <testcase name="[Serial][rfe_id:588][crit:medium][vendor:cnv-qe@redhat.com][level:component]VirtualMachineInstanceReplicaSet [rfe_id:588][crit:medium][vendor:cnv-qe@redhat.com][level:component]should scale [test_id:1406]to five, to six and then to zero replicas" classname="Tests Suite" time="0">
    <skipped></skipped>
  </testcase>
  <testcase name="[Serial][rfe_id:588][crit:medium][vendor:cnv-qe@redhat.com][level:component]VirtualMachineInstanceReplicaSet [rfe_id:588][crit:medium][vendor:cnv-qe@redhat.com][level:component]should scale with scale subresource [test_id:1407]to three, to two and then to zero replicas" classname="Tests Suite" time="0">
    <skipped></skipped>
  </testcase>
  <testcase name="[Serial][rfe_id:588][crit:medium][vendor:cnv-qe@redhat.com][level:component]VirtualMachineInstanceReplicaSet [rfe_id:588][crit:medium][vendor:cnv-qe@redhat.com][level:component]should scale with scale subresource [test_id:1408]to five, to six and then to zero replicas" classname="Tests Suite" time="0">
    <skipped></skipped>
  </testcase>
  <testcase name="[Serial][rfe_id:588][crit:medium][vendor:cnv-qe@redhat.com][level:component]VirtualMachineInstanceReplicaSet [rfe_id:588][crit:medium][vendor:cnv-qe@redhat.com][level:component]should scale with the horizontal pod autoscaler [test_id:1409]to three, to two and then to one replicas" classname="Tests Suite" time="0">
    <skipped></skipped>
  </testcase>
  <testcase name="[Serial][rfe_id:588][crit:medium][vendor:cnv-qe@redhat.com][level:component]VirtualMachineInstanceReplicaSet [rfe_id:588][crit:medium][vendor:cnv-qe@redhat.com][level:component]should scale with the horizontal pod autoscaler [test_id:1410]to five, to six and then to one replicas" classname="Tests Suite" time="0">
    <skipped></skipped>
  </testcase>
  <testcase name="[Serial][rfe_id:588][crit:medium][vendor:cnv-qe@redhat.com][level:component]VirtualMachineInstanceReplicaSet [test_id:1411]should be rejected on POST if spec is invalid" classname="Tests Suite" time="0">
    <skipped></skipped>
  </testcase>
  <testcase name="[Serial][rfe_id:588][crit:medium][vendor:cnv-qe@redhat.com][level:component]VirtualMachineInstanceReplicaSet [test_id:1412]should reject POST if validation webhoook deems the spec is invalid" classname="Tests Suite" time="0">
    <skipped></skipped>
  </testcase>
  <testcase name="[Serial][rfe_id:588][crit:medium][vendor:cnv-qe@redhat.com][level:component]VirtualMachineInstanceReplicaSet [test_id:1413]should update readyReplicas once VMIs are up" classname="Tests Suite" time="0">
    <skipped></skipped>
  </testcase>
  <testcase name="[Serial][rfe_id:588][crit:medium][vendor:cnv-qe@redhat.com][level:component]VirtualMachineInstanceReplicaSet [test_id:1414]should return the correct data when using server-side printing" classname="Tests Suite" time="0">
    <skipped></skipped>
  </testcase>
  <testcase name="[Serial][rfe_id:588][crit:medium][vendor:cnv-qe@redhat.com][level:component]VirtualMachineInstanceReplicaSet [test_id:1415]should remove VMIs once they are marked for deletion" classname="Tests Suite" time="0">
    <skipped></skipped>
  </testcase>
  <testcase name="[Serial][rfe_id:588][crit:medium][vendor:cnv-qe@redhat.com][level:component]VirtualMachineInstanceReplicaSet [test_id:1416]should remove owner references on the VirtualMachineInstance if it is orphan deleted" classname="Tests Suite" time="0">
    <skipped></skipped>
  </testcase>
  <testcase name="[Serial][rfe_id:588][crit:medium][vendor:cnv-qe@redhat.com][level:component]VirtualMachineInstanceReplicaSet [test_id:1417]should not scale when paused and scale when resume" classname="Tests Suite" time="0">
    <skipped></skipped>
  </testcase>
  <testcase name="[Serial][rfe_id:588][crit:medium][vendor:cnv-qe@redhat.com][level:component]VirtualMachineInstanceReplicaSet [test_id:1418]should replace finished VMIs" classname="Tests Suite" time="0">
    <skipped></skipped>
  </testcase>
  <testcase name="[Serial][rfe_id:588][crit:medium][vendor:cnv-qe@redhat.com][level:component]VirtualMachineInstanceReplicaSet should replace a VMI immediately when a virt-launcher pod gets deleted" classname="Tests Suite" time="0">
    <skipped></skipped>
  </testcase>
  <testcase name="[Serial][rfe_id:588][crit:medium][vendor:cnv-qe@redhat.com][level:component]VirtualMachineInstanceReplicaSet [test_id:4121]should create and verify kubectl/oc output for vm replicaset" classname="Tests Suite" time="0">
    <skipped></skipped>
  </testcase>
  <testcase name="Storage Starting a VirtualMachineInstance [rfe_id:3106][crit:medium][vendor:cnv-qe@redhat.com][level:component]with Alpine PVC should be successfully started with NFS Disk PVC using ipv6 address of the NFS pod" classname="Tests Suite" time="0">
    <skipped></skipped>
  </testcase>
  <testcase name="Storage Starting a VirtualMachineInstance [rfe_id:3106][crit:medium][vendor:cnv-qe@redhat.com][level:component]with Alpine PVC should be successfully started with NFS Disk PVC using ipv4 address of the NFS pod not owned by qemu" classname="Tests Suite" time="0">
    <skipped></skipped>
  </testcase>
</testsuite>